Files already downloaded and verified
Files already downloaded and verified
img_size: 32, num_classes: 10, stem: True
Running Resnet50
Number of model parameters:  25557032
[Epoch    1] Loss: 2.248 Acc: 12.000%,  Current learning rate is: 0.0001
[Epoch    1] Loss: 2.200 Acc: 24.000%,  Current learning rate is: 0.0001
[Epoch    1] Loss: 2.517 Acc: 8.000%,  Current learning rate is: 0.0001
[Epoch    1] Loss: 2.086 Acc: 16.000%,  Current learning rate is: 0.0001
evaluation ...
Test acc: 22.51
printing best accuracy so far22.51
filename ::  model_ckpt.tar
best Model Saving ...
[Epoch    2] Loss: 2.106 Acc: 28.000%,  Current learning rate is: 0.0001
[Epoch    2] Loss: 2.130 Acc: 20.000%,  Current learning rate is: 0.0001
[Epoch    2] Loss: 1.934 Acc: 24.000%,  Current learning rate is: 0.0001
[Epoch    2] Loss: 2.017 Acc: 32.000%,  Current learning rate is: 0.0001
evaluation ...
Test acc: 28.61
printing best accuracy so far28.61
filename ::  model_ckpt.tar
best Model Saving ...
[Epoch    3] Loss: 1.778 Acc: 36.000%,  Current learning rate is: 0.0001
[Epoch    3] Loss: 2.210 Acc: 12.000%,  Current learning rate is: 0.0001
[Epoch    3] Loss: 1.915 Acc: 24.000%,  Current learning rate is: 0.0001
[Epoch    3] Loss: 2.216 Acc: 20.000%,  Current learning rate is: 0.0001
evaluation ...
Test acc: 29.79
printing best accuracy so far29.79
filename ::  model_ckpt.tar
best Model Saving ...
[Epoch    4] Loss: 1.925 Acc: 40.000%,  Current learning rate is: 0.0001
[Epoch    4] Loss: 1.760 Acc: 32.000%,  Current learning rate is: 0.0001
[Epoch    4] Loss: 2.060 Acc: 32.000%,  Current learning rate is: 0.0001
[Epoch    4] Loss: 2.094 Acc: 20.000%,  Current learning rate is: 0.0001
evaluation ...
Test acc: 32.43
printing best accuracy so far32.43
filename ::  model_ckpt.tar
best Model Saving ...
[Epoch    5] Loss: 1.975 Acc: 28.000%,  Current learning rate is: 0.0001
[Epoch    5] Loss: 1.787 Acc: 20.000%,  Current learning rate is: 0.0001
[Epoch    5] Loss: 1.575 Acc: 44.000%,  Current learning rate is: 0.0001
[Epoch    5] Loss: 2.003 Acc: 28.000%,  Current learning rate is: 0.0001
evaluation ...
Test acc: 35.87
printing best accuracy so far35.87
filename ::  model_ckpt.tar
best Model Saving ...
[Epoch    6] Loss: 1.903 Acc: 28.000%,  Current learning rate is: 0.0001
[Epoch    6] Loss: 1.953 Acc: 24.000%,  Current learning rate is: 0.0001
[Epoch    6] Loss: 2.046 Acc: 24.000%,  Current learning rate is: 0.0001
[Epoch    6] Loss: 1.664 Acc: 48.000%,  Current learning rate is: 0.0001
evaluation ...
Test acc: 35.66
filename ::  model_ckpt.tar
[Epoch    7] Loss: 1.812 Acc: 24.000%,  Current learning rate is: 0.0001
[Epoch    7] Loss: 1.673 Acc: 40.000%,  Current learning rate is: 0.0001
[Epoch    7] Loss: 1.818 Acc: 24.000%,  Current learning rate is: 0.0001
[Epoch    7] Loss: 2.275 Acc: 20.000%,  Current learning rate is: 0.0001
evaluation ...
Test acc: 37.27
printing best accuracy so far37.27
filename ::  model_ckpt.tar
best Model Saving ...
[Epoch    8] Loss: 1.868 Acc: 20.000%,  Current learning rate is: 0.0001
[Epoch    8] Loss: 1.705 Acc: 24.000%,  Current learning rate is: 0.0001
[Epoch    8] Loss: 1.805 Acc: 32.000%,  Current learning rate is: 0.0001
[Epoch    8] Loss: 2.231 Acc: 16.000%,  Current learning rate is: 0.0001
evaluation ...
Test acc: 40.55
printing best accuracy so far40.55
filename ::  model_ckpt.tar
best Model Saving ...
[Epoch    9] Loss: 1.691 Acc: 36.000%,  Current learning rate is: 0.0001
[Epoch    9] Loss: 1.643 Acc: 36.000%,  Current learning rate is: 0.0001
[Epoch    9] Loss: 2.175 Acc: 32.000%,  Current learning rate is: 0.0001
[Epoch    9] Loss: 1.902 Acc: 32.000%,  Current learning rate is: 0.0001
evaluation ...
Test acc: 40.12
filename ::  model_ckpt.tar
[Epoch   10] Loss: 1.508 Acc: 52.000%,  Current learning rate is: 0.0001
[Epoch   10] Loss: 1.833 Acc: 32.000%,  Current learning rate is: 0.0001
[Epoch   10] Loss: 1.880 Acc: 36.000%,  Current learning rate is: 0.0001
[Epoch   10] Loss: 1.836 Acc: 36.000%,  Current learning rate is: 0.0001
evaluation ...
Test acc: 41.26
printing best accuracy so far41.26
filename ::  model_ckpt.tar
best Model Saving ...
[Epoch   11] Loss: 1.472 Acc: 44.000%,  Current learning rate is: 0.0001
[Epoch   11] Loss: 1.876 Acc: 32.000%,  Current learning rate is: 0.0001
[Epoch   11] Loss: 1.519 Acc: 52.000%,  Current learning rate is: 0.0001
[Epoch   11] Loss: 1.696 Acc: 28.000%,  Current learning rate is: 0.0001
evaluation ...
Test acc: 40.68
filename ::  model_ckpt.tar
[Epoch   12] Loss: 1.912 Acc: 24.000%,  Current learning rate is: 0.0001
[Epoch   12] Loss: 1.721 Acc: 44.000%,  Current learning rate is: 0.0001
[Epoch   12] Loss: 2.021 Acc: 24.000%,  Current learning rate is: 0.0001
[Epoch   12] Loss: 1.522 Acc: 40.000%,  Current learning rate is: 0.0001
evaluation ...
Test acc: 42.29
printing best accuracy so far42.29
filename ::  model_ckpt.tar
best Model Saving ...
[Epoch   13] Loss: 1.696 Acc: 48.000%,  Current learning rate is: 0.0001
[Epoch   13] Loss: 1.470 Acc: 44.000%,  Current learning rate is: 0.0001
[Epoch   13] Loss: 1.541 Acc: 32.000%,  Current learning rate is: 0.0001
[Epoch   13] Loss: 1.711 Acc: 32.000%,  Current learning rate is: 0.0001
evaluation ...
Test acc: 43.81
printing best accuracy so far43.81
filename ::  model_ckpt.tar
best Model Saving ...
[Epoch   14] Loss: 1.715 Acc: 48.000%,  Current learning rate is: 0.0001
[Epoch   14] Loss: 1.438 Acc: 56.000%,  Current learning rate is: 0.0001
[Epoch   14] Loss: 2.055 Acc: 16.000%,  Current learning rate is: 0.0001
[Epoch   14] Loss: 1.416 Acc: 48.000%,  Current learning rate is: 0.0001
evaluation ...
Test acc: 44.24
printing best accuracy so far44.24
filename ::  model_ckpt.tar
best Model Saving ...
[Epoch   15] Loss: 1.487 Acc: 40.000%,  Current learning rate is: 0.0001
[Epoch   15] Loss: 1.679 Acc: 32.000%,  Current learning rate is: 0.0001
[Epoch   15] Loss: 1.556 Acc: 44.000%,  Current learning rate is: 0.0001
[Epoch   15] Loss: 1.859 Acc: 20.000%,  Current learning rate is: 0.0001
evaluation ...
Test acc: 46.29
printing best accuracy so far46.29
filename ::  model_ckpt.tar
best Model Saving ...
[Epoch   16] Loss: 1.997 Acc: 40.000%,  Current learning rate is: 0.0001
[Epoch   16] Loss: 1.969 Acc: 44.000%,  Current learning rate is: 0.0001
[Epoch   16] Loss: 1.263 Acc: 56.000%,  Current learning rate is: 0.0001
[Epoch   16] Loss: 1.848 Acc: 36.000%,  Current learning rate is: 0.0001
evaluation ...
Test acc: 45.11
filename ::  model_ckpt.tar
[Epoch   17] Loss: 1.230 Acc: 68.000%,  Current learning rate is: 0.0001
[Epoch   17] Loss: 1.665 Acc: 40.000%,  Current learning rate is: 0.0001
[Epoch   17] Loss: 1.646 Acc: 52.000%,  Current learning rate is: 0.0001
[Epoch   17] Loss: 1.104 Acc: 56.000%,  Current learning rate is: 0.0001
evaluation ...
Test acc: 46.68
printing best accuracy so far46.68
filename ::  model_ckpt.tar
best Model Saving ...
[Epoch   18] Loss: 1.389 Acc: 36.000%,  Current learning rate is: 0.0001
[Epoch   18] Loss: 1.823 Acc: 28.000%,  Current learning rate is: 0.0001
[Epoch   18] Loss: 1.110 Acc: 56.000%,  Current learning rate is: 0.0001
[Epoch   18] Loss: 1.462 Acc: 52.000%,  Current learning rate is: 0.0001
evaluation ...
Test acc: 47.24
printing best accuracy so far47.24
filename ::  model_ckpt.tar
best Model Saving ...
[Epoch   19] Loss: 1.389 Acc: 52.000%,  Current learning rate is: 0.0001
[Epoch   19] Loss: 1.578 Acc: 40.000%,  Current learning rate is: 0.0001
[Epoch   19] Loss: 1.738 Acc: 44.000%,  Current learning rate is: 0.0001
[Epoch   19] Loss: 1.637 Acc: 44.000%,  Current learning rate is: 0.0001
evaluation ...
Test acc: 47.88
printing best accuracy so far47.88
filename ::  model_ckpt.tar
best Model Saving ...
[Epoch   20] Loss: 1.479 Acc: 52.000%,  Current learning rate is: 0.0001
[Epoch   20] Loss: 1.599 Acc: 44.000%,  Current learning rate is: 0.0001
[Epoch   20] Loss: 1.598 Acc: 52.000%,  Current learning rate is: 0.0001
[Epoch   20] Loss: 1.573 Acc: 40.000%,  Current learning rate is: 0.0001
evaluation ...
Test acc: 47.89
printing best accuracy so far47.89
filename ::  model_ckpt.tar
best Model Saving ...
[Epoch   21] Loss: 1.370 Acc: 40.000%,  Current learning rate is: 0.0001
[Epoch   21] Loss: 1.531 Acc: 32.000%,  Current learning rate is: 0.0001
[Epoch   21] Loss: 1.764 Acc: 32.000%,  Current learning rate is: 0.0001
[Epoch   21] Loss: 1.483 Acc: 40.000%,  Current learning rate is: 0.0001
evaluation ...
Test acc: 49.08
printing best accuracy so far49.08
filename ::  model_ckpt.tar
best Model Saving ...
[Epoch   22] Loss: 1.422 Acc: 32.000%,  Current learning rate is: 0.0001
[Epoch   22] Loss: 1.846 Acc: 36.000%,  Current learning rate is: 0.0001
[Epoch   22] Loss: 1.542 Acc: 36.000%,  Current learning rate is: 0.0001
[Epoch   22] Loss: 1.156 Acc: 52.000%,  Current learning rate is: 0.0001
evaluation ...
Test acc: 49.60
printing best accuracy so far49.6
filename ::  model_ckpt.tar
best Model Saving ...
[Epoch   23] Loss: 1.676 Acc: 48.000%,  Current learning rate is: 0.0001
[Epoch   23] Loss: 1.468 Acc: 36.000%,  Current learning rate is: 0.0001
[Epoch   23] Loss: 1.478 Acc: 52.000%,  Current learning rate is: 0.0001
[Epoch   23] Loss: 1.188 Acc: 64.000%,  Current learning rate is: 0.0001
evaluation ...
Test acc: 49.65
printing best accuracy so far49.65
filename ::  model_ckpt.tar
best Model Saving ...
[Epoch   24] Loss: 1.255 Acc: 52.000%,  Current learning rate is: 0.0001
[Epoch   24] Loss: 1.806 Acc: 32.000%,  Current learning rate is: 0.0001
[Epoch   24] Loss: 1.640 Acc: 48.000%,  Current learning rate is: 0.0001
[Epoch   24] Loss: 1.478 Acc: 44.000%,  Current learning rate is: 0.0001
evaluation ...
Test acc: 50.46
printing best accuracy so far50.46
filename ::  model_ckpt.tar
best Model Saving ...
[Epoch   25] Loss: 1.419 Acc: 32.000%,  Current learning rate is: 0.0001
[Epoch   25] Loss: 1.675 Acc: 36.000%,  Current learning rate is: 0.0001
[Epoch   25] Loss: 2.025 Acc: 32.000%,  Current learning rate is: 0.0001
[Epoch   25] Loss: 1.592 Acc: 44.000%,  Current learning rate is: 0.0001
evaluation ...
Test acc: 50.28
filename ::  model_ckpt.tar
[Epoch   26] Loss: 1.510 Acc: 48.000%,  Current learning rate is: 0.0001
[Epoch   26] Loss: 1.149 Acc: 68.000%,  Current learning rate is: 0.0001
[Epoch   26] Loss: 1.385 Acc: 40.000%,  Current learning rate is: 0.0001
[Epoch   26] Loss: 1.577 Acc: 36.000%,  Current learning rate is: 0.0001
evaluation ...
Test acc: 50.95
printing best accuracy so far50.95
filename ::  model_ckpt.tar
best Model Saving ...
[Epoch   27] Loss: 1.851 Acc: 36.000%,  Current learning rate is: 0.0001
[Epoch   27] Loss: 1.198 Acc: 64.000%,  Current learning rate is: 0.0001
[Epoch   27] Loss: 1.553 Acc: 44.000%,  Current learning rate is: 0.0001
[Epoch   27] Loss: 1.723 Acc: 36.000%,  Current learning rate is: 0.0001
evaluation ...
Test acc: 51.70
printing best accuracy so far51.7
filename ::  model_ckpt.tar
best Model Saving ...
[Epoch   28] Loss: 0.989 Acc: 64.000%,  Current learning rate is: 0.0001
[Epoch   28] Loss: 1.509 Acc: 44.000%,  Current learning rate is: 0.0001
[Epoch   28] Loss: 1.297 Acc: 56.000%,  Current learning rate is: 0.0001
[Epoch   28] Loss: 1.397 Acc: 52.000%,  Current learning rate is: 0.0001
evaluation ...
Test acc: 50.89
filename ::  model_ckpt.tar
[Epoch   29] Loss: 1.986 Acc: 20.000%,  Current learning rate is: 0.0001
[Epoch   29] Loss: 1.395 Acc: 48.000%,  Current learning rate is: 0.0001
[Epoch   29] Loss: 1.482 Acc: 40.000%,  Current learning rate is: 0.0001
[Epoch   29] Loss: 1.449 Acc: 48.000%,  Current learning rate is: 0.0001
evaluation ...
Test acc: 53.11
printing best accuracy so far53.11
filename ::  model_ckpt.tar
best Model Saving ...
[Epoch   30] Loss: 1.451 Acc: 52.000%,  Current learning rate is: 1e-05
[Epoch   30] Loss: 1.375 Acc: 64.000%,  Current learning rate is: 1e-05
[Epoch   30] Loss: 1.339 Acc: 44.000%,  Current learning rate is: 1e-05
[Epoch   30] Loss: 1.403 Acc: 44.000%,  Current learning rate is: 1e-05
evaluation ...
Test acc: 53.47
printing best accuracy so far53.47
filename ::  model_ckpt.tar
best Model Saving ...
[Epoch   31] Loss: 1.483 Acc: 48.000%,  Current learning rate is: 1e-05
[Epoch   31] Loss: 1.348 Acc: 56.000%,  Current learning rate is: 1e-05
[Epoch   31] Loss: 1.224 Acc: 64.000%,  Current learning rate is: 1e-05
[Epoch   31] Loss: 1.449 Acc: 40.000%,  Current learning rate is: 1e-05
evaluation ...
Test acc: 52.47
filename ::  model_ckpt.tar
[Epoch   32] Loss: 1.467 Acc: 40.000%,  Current learning rate is: 1e-05
[Epoch   32] Loss: 1.686 Acc: 32.000%,  Current learning rate is: 1e-05
[Epoch   32] Loss: 1.309 Acc: 48.000%,  Current learning rate is: 1e-05
[Epoch   32] Loss: 1.604 Acc: 40.000%,  Current learning rate is: 1e-05
evaluation ...
Test acc: 53.66
printing best accuracy so far53.66
filename ::  model_ckpt.tar
best Model Saving ...
[Epoch   33] Loss: 1.439 Acc: 40.000%,  Current learning rate is: 1e-05
[Epoch   33] Loss: 1.567 Acc: 40.000%,  Current learning rate is: 1e-05
[Epoch   33] Loss: 1.298 Acc: 60.000%,  Current learning rate is: 1e-05
[Epoch   33] Loss: 1.344 Acc: 72.000%,  Current learning rate is: 1e-05
evaluation ...
Test acc: 53.64
filename ::  model_ckpt.tar
[Epoch   34] Loss: 1.280 Acc: 60.000%,  Current learning rate is: 1e-05
[Epoch   34] Loss: 1.467 Acc: 40.000%,  Current learning rate is: 1e-05
[Epoch   34] Loss: 1.861 Acc: 36.000%,  Current learning rate is: 1e-05
[Epoch   34] Loss: 1.503 Acc: 52.000%,  Current learning rate is: 1e-05
evaluation ...
Test acc: 54.03
printing best accuracy so far54.03
filename ::  model_ckpt.tar
best Model Saving ...
[Epoch   35] Loss: 1.375 Acc: 48.000%,  Current learning rate is: 1e-05
[Epoch   35] Loss: 1.416 Acc: 64.000%,  Current learning rate is: 1e-05
[Epoch   35] Loss: 1.349 Acc: 48.000%,  Current learning rate is: 1e-05
[Epoch   35] Loss: 1.110 Acc: 60.000%,  Current learning rate is: 1e-05
evaluation ...
Test acc: 54.28
printing best accuracy so far54.28
filename ::  model_ckpt.tar
best Model Saving ...
[Epoch   36] Loss: 1.172 Acc: 60.000%,  Current learning rate is: 1e-05
[Epoch   36] Loss: 1.156 Acc: 60.000%,  Current learning rate is: 1e-05
[Epoch   36] Loss: 1.170 Acc: 60.000%,  Current learning rate is: 1e-05
[Epoch   36] Loss: 1.209 Acc: 56.000%,  Current learning rate is: 1e-05
evaluation ...
Test acc: 54.63
printing best accuracy so far54.63
filename ::  model_ckpt.tar
best Model Saving ...
[Epoch   37] Loss: 1.186 Acc: 48.000%,  Current learning rate is: 1e-05
[Epoch   37] Loss: 1.301 Acc: 36.000%,  Current learning rate is: 1e-05
[Epoch   37] Loss: 1.382 Acc: 56.000%,  Current learning rate is: 1e-05
[Epoch   37] Loss: 1.196 Acc: 48.000%,  Current learning rate is: 1e-05
evaluation ...
Test acc: 54.65
printing best accuracy so far54.65
filename ::  model_ckpt.tar
best Model Saving ...
[Epoch   38] Loss: 1.040 Acc: 60.000%,  Current learning rate is: 1e-05
[Epoch   38] Loss: 1.271 Acc: 48.000%,  Current learning rate is: 1e-05
[Epoch   38] Loss: 1.429 Acc: 52.000%,  Current learning rate is: 1e-05
[Epoch   38] Loss: 1.368 Acc: 40.000%,  Current learning rate is: 1e-05
evaluation ...
Test acc: 54.51
filename ::  model_ckpt.tar
[Epoch   39] Loss: 1.645 Acc: 28.000%,  Current learning rate is: 1e-05
[Epoch   39] Loss: 1.526 Acc: 48.000%,  Current learning rate is: 1e-05
[Epoch   39] Loss: 1.246 Acc: 64.000%,  Current learning rate is: 1e-05
[Epoch   39] Loss: 1.527 Acc: 36.000%,  Current learning rate is: 1e-05
evaluation ...
Test acc: 54.57
filename ::  model_ckpt.tar
[Epoch   40] Loss: 1.455 Acc: 48.000%,  Current learning rate is: 1e-05
[Epoch   40] Loss: 1.507 Acc: 48.000%,  Current learning rate is: 1e-05
[Epoch   40] Loss: 1.649 Acc: 32.000%,  Current learning rate is: 1e-05
[Epoch   40] Loss: 0.909 Acc: 80.000%,  Current learning rate is: 1e-05
evaluation ...
Test acc: 55.02
printing best accuracy so far55.02
filename ::  model_ckpt.tar
best Model Saving ...
[Epoch   41] Loss: 1.675 Acc: 40.000%,  Current learning rate is: 1e-05
[Epoch   41] Loss: 1.113 Acc: 60.000%,  Current learning rate is: 1e-05
[Epoch   41] Loss: 0.811 Acc: 84.000%,  Current learning rate is: 1e-05
[Epoch   41] Loss: 1.326 Acc: 64.000%,  Current learning rate is: 1e-05
evaluation ...
Test acc: 55.24
printing best accuracy so far55.24
filename ::  model_ckpt.tar
best Model Saving ...
[Epoch   42] Loss: 1.175 Acc: 60.000%,  Current learning rate is: 1e-05
[Epoch   42] Loss: 1.289 Acc: 56.000%,  Current learning rate is: 1e-05
[Epoch   42] Loss: 1.095 Acc: 64.000%,  Current learning rate is: 1e-05
[Epoch   42] Loss: 1.357 Acc: 44.000%,  Current learning rate is: 1e-05
evaluation ...
Test acc: 54.80
filename ::  model_ckpt.tar
[Epoch   43] Loss: 1.184 Acc: 64.000%,  Current learning rate is: 1e-05
[Epoch   43] Loss: 1.229 Acc: 48.000%,  Current learning rate is: 1e-05
[Epoch   43] Loss: 1.761 Acc: 48.000%,  Current learning rate is: 1e-05
[Epoch   43] Loss: 2.088 Acc: 24.000%,  Current learning rate is: 1e-05
evaluation ...
Test acc: 55.19
filename ::  model_ckpt.tar
[Epoch   44] Loss: 1.252 Acc: 52.000%,  Current learning rate is: 1e-05
[Epoch   44] Loss: 1.149 Acc: 72.000%,  Current learning rate is: 1e-05
[Epoch   44] Loss: 1.287 Acc: 44.000%,  Current learning rate is: 1e-05
[Epoch   44] Loss: 1.269 Acc: 56.000%,  Current learning rate is: 1e-05
evaluation ...
Test acc: 54.84
filename ::  model_ckpt.tar
[Epoch   45] Loss: 1.342 Acc: 60.000%,  Current learning rate is: 1e-05
[Epoch   45] Loss: 1.287 Acc: 48.000%,  Current learning rate is: 1e-05
[Epoch   45] Loss: 1.334 Acc: 52.000%,  Current learning rate is: 1e-05
[Epoch   45] Loss: 1.607 Acc: 48.000%,  Current learning rate is: 1e-05
evaluation ...
Test acc: 54.91
filename ::  model_ckpt.tar
[Epoch   46] Loss: 1.258 Acc: 44.000%,  Current learning rate is: 1e-05
[Epoch   46] Loss: 1.389 Acc: 52.000%,  Current learning rate is: 1e-05
[Epoch   46] Loss: 1.705 Acc: 44.000%,  Current learning rate is: 1e-05
[Epoch   46] Loss: 1.204 Acc: 56.000%,  Current learning rate is: 1e-05
evaluation ...
Test acc: 55.22
filename ::  model_ckpt.tar
[Epoch   47] Loss: 1.273 Acc: 52.000%,  Current learning rate is: 1e-05
[Epoch   47] Loss: 1.381 Acc: 64.000%,  Current learning rate is: 1e-05
[Epoch   47] Loss: 1.413 Acc: 52.000%,  Current learning rate is: 1e-05
[Epoch   47] Loss: 1.426 Acc: 36.000%,  Current learning rate is: 1e-05
evaluation ...
Test acc: 55.30
printing best accuracy so far55.3
filename ::  model_ckpt.tar
best Model Saving ...
[Epoch   48] Loss: 1.522 Acc: 48.000%,  Current learning rate is: 1e-05
[Epoch   48] Loss: 1.372 Acc: 48.000%,  Current learning rate is: 1e-05
[Epoch   48] Loss: 1.256 Acc: 56.000%,  Current learning rate is: 1e-05
[Epoch   48] Loss: 1.687 Acc: 56.000%,  Current learning rate is: 1e-05
evaluation ...
Test acc: 55.31
printing best accuracy so far55.31
filename ::  model_ckpt.tar
best Model Saving ...
[Epoch   49] Loss: 1.269 Acc: 56.000%,  Current learning rate is: 1e-05
[Epoch   49] Loss: 1.315 Acc: 56.000%,  Current learning rate is: 1e-05
[Epoch   49] Loss: 1.132 Acc: 72.000%,  Current learning rate is: 1e-05
[Epoch   49] Loss: 1.380 Acc: 56.000%,  Current learning rate is: 1e-05
evaluation ...
Test acc: 54.80
filename ::  model_ckpt.tar
[Epoch   50] Loss: 1.414 Acc: 48.000%,  Current learning rate is: 1e-05
[Epoch   50] Loss: 1.403 Acc: 44.000%,  Current learning rate is: 1e-05
[Epoch   50] Loss: 1.514 Acc: 44.000%,  Current learning rate is: 1e-05
[Epoch   50] Loss: 1.369 Acc: 52.000%,  Current learning rate is: 1e-05
evaluation ...
Test acc: 55.12
filename ::  model_ckpt.tar
[Epoch   51] Loss: 1.303 Acc: 48.000%,  Current learning rate is: 1e-05
[Epoch   51] Loss: 1.203 Acc: 56.000%,  Current learning rate is: 1e-05
[Epoch   51] Loss: 1.204 Acc: 60.000%,  Current learning rate is: 1e-05
[Epoch   51] Loss: 1.497 Acc: 56.000%,  Current learning rate is: 1e-05
evaluation ...
Test acc: 55.78
printing best accuracy so far55.78
filename ::  model_ckpt.tar
best Model Saving ...
[Epoch   52] Loss: 1.437 Acc: 44.000%,  Current learning rate is: 1e-05
[Epoch   52] Loss: 1.086 Acc: 56.000%,  Current learning rate is: 1e-05
[Epoch   52] Loss: 1.431 Acc: 68.000%,  Current learning rate is: 1e-05
[Epoch   52] Loss: 1.113 Acc: 56.000%,  Current learning rate is: 1e-05
evaluation ...
Test acc: 55.08
filename ::  model_ckpt.tar
[Epoch   53] Loss: 1.359 Acc: 56.000%,  Current learning rate is: 1e-05
[Epoch   53] Loss: 1.241 Acc: 56.000%,  Current learning rate is: 1e-05
[Epoch   53] Loss: 1.350 Acc: 60.000%,  Current learning rate is: 1e-05
[Epoch   53] Loss: 1.449 Acc: 44.000%,  Current learning rate is: 1e-05
evaluation ...
Test acc: 55.37
filename ::  model_ckpt.tar
[Epoch   54] Loss: 1.534 Acc: 48.000%,  Current learning rate is: 1e-05
[Epoch   54] Loss: 1.670 Acc: 32.000%,  Current learning rate is: 1e-05
[Epoch   54] Loss: 1.023 Acc: 56.000%,  Current learning rate is: 1e-05
[Epoch   54] Loss: 1.435 Acc: 44.000%,  Current learning rate is: 1e-05
evaluation ...
Test acc: 55.20
filename ::  model_ckpt.tar
[Epoch   55] Loss: 0.989 Acc: 76.000%,  Current learning rate is: 1e-05
[Epoch   55] Loss: 1.285 Acc: 56.000%,  Current learning rate is: 1e-05
[Epoch   55] Loss: 1.171 Acc: 68.000%,  Current learning rate is: 1e-05
[Epoch   55] Loss: 1.358 Acc: 56.000%,  Current learning rate is: 1e-05
evaluation ...
Test acc: 55.64
filename ::  model_ckpt.tar
[Epoch   56] Loss: 0.865 Acc: 68.000%,  Current learning rate is: 1e-05
[Epoch   56] Loss: 1.539 Acc: 40.000%,  Current learning rate is: 1e-05
[Epoch   56] Loss: 1.176 Acc: 60.000%,  Current learning rate is: 1e-05
[Epoch   56] Loss: 1.191 Acc: 56.000%,  Current learning rate is: 1e-05
evaluation ...
Test acc: 54.98
filename ::  model_ckpt.tar
[Epoch   57] Loss: 1.422 Acc: 44.000%,  Current learning rate is: 1e-05
[Epoch   57] Loss: 1.245 Acc: 48.000%,  Current learning rate is: 1e-05
[Epoch   57] Loss: 1.105 Acc: 68.000%,  Current learning rate is: 1e-05
[Epoch   57] Loss: 1.615 Acc: 48.000%,  Current learning rate is: 1e-05
evaluation ...
Test acc: 54.78
filename ::  model_ckpt.tar
[Epoch   58] Loss: 0.901 Acc: 60.000%,  Current learning rate is: 1e-05
[Epoch   58] Loss: 1.266 Acc: 52.000%,  Current learning rate is: 1e-05
[Epoch   58] Loss: 1.273 Acc: 48.000%,  Current learning rate is: 1e-05
[Epoch   58] Loss: 1.012 Acc: 64.000%,  Current learning rate is: 1e-05
evaluation ...
Test acc: 55.62
filename ::  model_ckpt.tar
[Epoch   59] Loss: 0.910 Acc: 52.000%,  Current learning rate is: 1e-05
[Epoch   59] Loss: 1.262 Acc: 44.000%,  Current learning rate is: 1e-05
[Epoch   59] Loss: 0.877 Acc: 64.000%,  Current learning rate is: 1e-05
[Epoch   59] Loss: 1.311 Acc: 56.000%,  Current learning rate is: 1e-05
evaluation ...
Test acc: 55.38
filename ::  model_ckpt.tar
[Epoch   60] Loss: 1.222 Acc: 60.000%,  Current learning rate is: 1.0000000000000002e-06
[Epoch   60] Loss: 1.322 Acc: 44.000%,  Current learning rate is: 1.0000000000000002e-06
[Epoch   60] Loss: 1.186 Acc: 52.000%,  Current learning rate is: 1.0000000000000002e-06
[Epoch   60] Loss: 1.203 Acc: 68.000%,  Current learning rate is: 1.0000000000000002e-06
evaluation ...
Test acc: 56.27
printing best accuracy so far56.27
filename ::  model_ckpt.tar
best Model Saving ...
[Epoch   61] Loss: 1.093 Acc: 68.000%,  Current learning rate is: 1.0000000000000002e-06
[Epoch   61] Loss: 1.340 Acc: 52.000%,  Current learning rate is: 1.0000000000000002e-06
[Epoch   61] Loss: 1.297 Acc: 44.000%,  Current learning rate is: 1.0000000000000002e-06
[Epoch   61] Loss: 1.467 Acc: 44.000%,  Current learning rate is: 1.0000000000000002e-06
evaluation ...
Test acc: 55.23
filename ::  model_ckpt.tar
[Epoch   62] Loss: 1.815 Acc: 32.000%,  Current learning rate is: 1.0000000000000002e-06
[Epoch   62] Loss: 1.353 Acc: 44.000%,  Current learning rate is: 1.0000000000000002e-06
[Epoch   62] Loss: 1.287 Acc: 52.000%,  Current learning rate is: 1.0000000000000002e-06
[Epoch   62] Loss: 1.566 Acc: 48.000%,  Current learning rate is: 1.0000000000000002e-06
evaluation ...
Test acc: 55.56
filename ::  model_ckpt.tar
[Epoch   63] Loss: 1.358 Acc: 56.000%,  Current learning rate is: 1.0000000000000002e-06
[Epoch   63] Loss: 1.386 Acc: 44.000%,  Current learning rate is: 1.0000000000000002e-06
[Epoch   63] Loss: 1.261 Acc: 60.000%,  Current learning rate is: 1.0000000000000002e-06
[Epoch   63] Loss: 1.242 Acc: 64.000%,  Current learning rate is: 1.0000000000000002e-06
evaluation ...
Test acc: 56.06
filename ::  model_ckpt.tar
[Epoch   64] Loss: 1.205 Acc: 64.000%,  Current learning rate is: 1.0000000000000002e-06
[Epoch   64] Loss: 1.400 Acc: 40.000%,  Current learning rate is: 1.0000000000000002e-06
[Epoch   64] Loss: 0.998 Acc: 64.000%,  Current learning rate is: 1.0000000000000002e-06
[Epoch   64] Loss: 1.433 Acc: 44.000%,  Current learning rate is: 1.0000000000000002e-06
evaluation ...
Test acc: 55.29
filename ::  model_ckpt.tar
[Epoch   65] Loss: 1.091 Acc: 60.000%,  Current learning rate is: 1.0000000000000002e-06
[Epoch   65] Loss: 1.095 Acc: 56.000%,  Current learning rate is: 1.0000000000000002e-06
[Epoch   65] Loss: 1.477 Acc: 52.000%,  Current learning rate is: 1.0000000000000002e-06
[Epoch   65] Loss: 1.005 Acc: 60.000%,  Current learning rate is: 1.0000000000000002e-06
evaluation ...
Test acc: 56.04
filename ::  model_ckpt.tar
[Epoch   66] Loss: 1.660 Acc: 40.000%,  Current learning rate is: 1.0000000000000002e-06
[Epoch   66] Loss: 1.783 Acc: 40.000%,  Current learning rate is: 1.0000000000000002e-06
[Epoch   66] Loss: 1.157 Acc: 64.000%,  Current learning rate is: 1.0000000000000002e-06
[Epoch   66] Loss: 1.348 Acc: 60.000%,  Current learning rate is: 1.0000000000000002e-06
evaluation ...
Test acc: 56.15
filename ::  model_ckpt.tar
[Epoch   67] Loss: 1.268 Acc: 60.000%,  Current learning rate is: 1.0000000000000002e-06
[Epoch   67] Loss: 1.482 Acc: 40.000%,  Current learning rate is: 1.0000000000000002e-06
[Epoch   67] Loss: 1.213 Acc: 64.000%,  Current learning rate is: 1.0000000000000002e-06
[Epoch   67] Loss: 1.062 Acc: 56.000%,  Current learning rate is: 1.0000000000000002e-06
evaluation ...
Test acc: 55.82
filename ::  model_ckpt.tar
[Epoch   68] Loss: 1.010 Acc: 64.000%,  Current learning rate is: 1.0000000000000002e-06
[Epoch   68] Loss: 1.250 Acc: 64.000%,  Current learning rate is: 1.0000000000000002e-06
[Epoch   68] Loss: 1.228 Acc: 64.000%,  Current learning rate is: 1.0000000000000002e-06
[Epoch   68] Loss: 1.722 Acc: 36.000%,  Current learning rate is: 1.0000000000000002e-06
evaluation ...
Test acc: 55.94
filename ::  model_ckpt.tar
[Epoch   69] Loss: 1.203 Acc: 60.000%,  Current learning rate is: 1.0000000000000002e-06
[Epoch   69] Loss: 1.570 Acc: 52.000%,  Current learning rate is: 1.0000000000000002e-06
[Epoch   69] Loss: 1.540 Acc: 44.000%,  Current learning rate is: 1.0000000000000002e-06
[Epoch   69] Loss: 1.159 Acc: 64.000%,  Current learning rate is: 1.0000000000000002e-06
evaluation ...
Test acc: 56.20
filename ::  model_ckpt.tar
[Epoch   70] Loss: 1.255 Acc: 60.000%,  Current learning rate is: 1.0000000000000002e-06
[Epoch   70] Loss: 1.641 Acc: 44.000%,  Current learning rate is: 1.0000000000000002e-06
[Epoch   70] Loss: 1.311 Acc: 60.000%,  Current learning rate is: 1.0000000000000002e-06
[Epoch   70] Loss: 1.434 Acc: 48.000%,  Current learning rate is: 1.0000000000000002e-06
evaluation ...
Test acc: 55.62
filename ::  model_ckpt.tar
[Epoch   71] Loss: 1.253 Acc: 68.000%,  Current learning rate is: 1.0000000000000002e-06
[Epoch   71] Loss: 1.383 Acc: 44.000%,  Current learning rate is: 1.0000000000000002e-06
[Epoch   71] Loss: 1.608 Acc: 40.000%,  Current learning rate is: 1.0000000000000002e-06
[Epoch   71] Loss: 1.184 Acc: 60.000%,  Current learning rate is: 1.0000000000000002e-06
evaluation ...
Test acc: 56.16
filename ::  model_ckpt.tar
[Epoch   72] Loss: 1.483 Acc: 44.000%,  Current learning rate is: 1.0000000000000002e-06
[Epoch   72] Loss: 1.555 Acc: 48.000%,  Current learning rate is: 1.0000000000000002e-06
[Epoch   72] Loss: 1.307 Acc: 52.000%,  Current learning rate is: 1.0000000000000002e-06
[Epoch   72] Loss: 1.718 Acc: 40.000%,  Current learning rate is: 1.0000000000000002e-06
evaluation ...
Test acc: 56.18
filename ::  model_ckpt.tar
[Epoch   73] Loss: 1.430 Acc: 44.000%,  Current learning rate is: 1.0000000000000002e-06
[Epoch   73] Loss: 1.270 Acc: 44.000%,  Current learning rate is: 1.0000000000000002e-06
[Epoch   73] Loss: 1.230 Acc: 44.000%,  Current learning rate is: 1.0000000000000002e-06
[Epoch   73] Loss: 1.285 Acc: 56.000%,  Current learning rate is: 1.0000000000000002e-06
evaluation ...
Test acc: 56.13
filename ::  model_ckpt.tar
[Epoch   74] Loss: 1.070 Acc: 60.000%,  Current learning rate is: 1.0000000000000002e-06
[Epoch   74] Loss: 1.290 Acc: 36.000%,  Current learning rate is: 1.0000000000000002e-06
[Epoch   74] Loss: 1.689 Acc: 48.000%,  Current learning rate is: 1.0000000000000002e-06
[Epoch   74] Loss: 1.771 Acc: 52.000%,  Current learning rate is: 1.0000000000000002e-06
evaluation ...
Test acc: 55.01
filename ::  model_ckpt.tar
[Epoch   75] Loss: 1.480 Acc: 52.000%,  Current learning rate is: 1.0000000000000002e-06
[Epoch   75] Loss: 1.668 Acc: 32.000%,  Current learning rate is: 1.0000000000000002e-06
[Epoch   75] Loss: 1.158 Acc: 56.000%,  Current learning rate is: 1.0000000000000002e-06
[Epoch   75] Loss: 1.241 Acc: 60.000%,  Current learning rate is: 1.0000000000000002e-06
evaluation ...
Test acc: 55.51
filename ::  model_ckpt.tar
[Epoch   76] Loss: 1.109 Acc: 64.000%,  Current learning rate is: 1.0000000000000002e-06
[Epoch   76] Loss: 1.635 Acc: 28.000%,  Current learning rate is: 1.0000000000000002e-06
[Epoch   76] Loss: 0.892 Acc: 76.000%,  Current learning rate is: 1.0000000000000002e-06
[Epoch   76] Loss: 1.298 Acc: 48.000%,  Current learning rate is: 1.0000000000000002e-06
evaluation ...
Test acc: 55.37
filename ::  model_ckpt.tar
[Epoch   77] Loss: 1.624 Acc: 48.000%,  Current learning rate is: 1.0000000000000002e-06
[Epoch   77] Loss: 1.403 Acc: 52.000%,  Current learning rate is: 1.0000000000000002e-06
[Epoch   77] Loss: 1.697 Acc: 36.000%,  Current learning rate is: 1.0000000000000002e-06
[Epoch   77] Loss: 1.208 Acc: 60.000%,  Current learning rate is: 1.0000000000000002e-06
evaluation ...
Test acc: 55.54
filename ::  model_ckpt.tar
[Epoch   78] Loss: 1.482 Acc: 56.000%,  Current learning rate is: 1.0000000000000002e-06
[Epoch   78] Loss: 1.555 Acc: 44.000%,  Current learning rate is: 1.0000000000000002e-06
[Epoch   78] Loss: 1.335 Acc: 40.000%,  Current learning rate is: 1.0000000000000002e-06
[Epoch   78] Loss: 1.226 Acc: 56.000%,  Current learning rate is: 1.0000000000000002e-06
evaluation ...
Test acc: 55.70
filename ::  model_ckpt.tar
[Epoch   79] Loss: 1.686 Acc: 40.000%,  Current learning rate is: 1.0000000000000002e-06
[Epoch   79] Loss: 1.277 Acc: 60.000%,  Current learning rate is: 1.0000000000000002e-06
[Epoch   79] Loss: 1.409 Acc: 40.000%,  Current learning rate is: 1.0000000000000002e-06
[Epoch   79] Loss: 1.028 Acc: 72.000%,  Current learning rate is: 1.0000000000000002e-06
evaluation ...
Test acc: 56.29
printing best accuracy so far56.29
filename ::  model_ckpt.tar
best Model Saving ...
[Epoch   80] Loss: 1.371 Acc: 56.000%,  Current learning rate is: 1.0000000000000002e-06
[Epoch   80] Loss: 1.416 Acc: 44.000%,  Current learning rate is: 1.0000000000000002e-06
[Epoch   80] Loss: 1.407 Acc: 48.000%,  Current learning rate is: 1.0000000000000002e-06
[Epoch   80] Loss: 1.526 Acc: 52.000%,  Current learning rate is: 1.0000000000000002e-06
evaluation ...
Test acc: 55.58
filename ::  model_ckpt.tar
[Epoch   81] Loss: 1.684 Acc: 40.000%,  Current learning rate is: 1.0000000000000002e-06
[Epoch   81] Loss: 1.356 Acc: 56.000%,  Current learning rate is: 1.0000000000000002e-06
[Epoch   81] Loss: 1.269 Acc: 48.000%,  Current learning rate is: 1.0000000000000002e-06
[Epoch   81] Loss: 1.488 Acc: 48.000%,  Current learning rate is: 1.0000000000000002e-06
evaluation ...
Test acc: 55.75
filename ::  model_ckpt.tar
[Epoch   82] Loss: 1.328 Acc: 60.000%,  Current learning rate is: 1.0000000000000002e-06
[Epoch   82] Loss: 1.483 Acc: 52.000%,  Current learning rate is: 1.0000000000000002e-06
[Epoch   82] Loss: 1.577 Acc: 52.000%,  Current learning rate is: 1.0000000000000002e-06
[Epoch   82] Loss: 1.245 Acc: 44.000%,  Current learning rate is: 1.0000000000000002e-06
evaluation ...
Test acc: 55.68
filename ::  model_ckpt.tar
[Epoch   83] Loss: 1.326 Acc: 48.000%,  Current learning rate is: 1.0000000000000002e-06
[Epoch   83] Loss: 1.206 Acc: 52.000%,  Current learning rate is: 1.0000000000000002e-06
[Epoch   83] Loss: 1.218 Acc: 52.000%,  Current learning rate is: 1.0000000000000002e-06
[Epoch   83] Loss: 1.600 Acc: 44.000%,  Current learning rate is: 1.0000000000000002e-06
evaluation ...
Test acc: 54.63
filename ::  model_ckpt.tar
[Epoch   84] Loss: 1.085 Acc: 72.000%,  Current learning rate is: 1.0000000000000002e-06
[Epoch   84] Loss: 1.195 Acc: 60.000%,  Current learning rate is: 1.0000000000000002e-06
[Epoch   84] Loss: 1.559 Acc: 44.000%,  Current learning rate is: 1.0000000000000002e-06
[Epoch   84] Loss: 1.242 Acc: 56.000%,  Current learning rate is: 1.0000000000000002e-06
evaluation ...
Test acc: 55.81
filename ::  model_ckpt.tar
[Epoch   85] Loss: 1.132 Acc: 60.000%,  Current learning rate is: 1.0000000000000002e-06
[Epoch   85] Loss: 1.119 Acc: 52.000%,  Current learning rate is: 1.0000000000000002e-06
[Epoch   85] Loss: 1.204 Acc: 60.000%,  Current learning rate is: 1.0000000000000002e-06
[Epoch   85] Loss: 1.290 Acc: 36.000%,  Current learning rate is: 1.0000000000000002e-06
evaluation ...
Test acc: 55.88
filename ::  model_ckpt.tar
[Epoch   86] Loss: 1.376 Acc: 52.000%,  Current learning rate is: 1.0000000000000002e-06
[Epoch   86] Loss: 1.269 Acc: 48.000%,  Current learning rate is: 1.0000000000000002e-06
[Epoch   86] Loss: 1.340 Acc: 60.000%,  Current learning rate is: 1.0000000000000002e-06
[Epoch   86] Loss: 1.414 Acc: 56.000%,  Current learning rate is: 1.0000000000000002e-06
evaluation ...
Test acc: 56.08
filename ::  model_ckpt.tar
[Epoch   87] Loss: 1.039 Acc: 64.000%,  Current learning rate is: 1.0000000000000002e-06
[Epoch   87] Loss: 1.512 Acc: 36.000%,  Current learning rate is: 1.0000000000000002e-06
[Epoch   87] Loss: 1.097 Acc: 52.000%,  Current learning rate is: 1.0000000000000002e-06
[Epoch   87] Loss: 1.737 Acc: 40.000%,  Current learning rate is: 1.0000000000000002e-06
evaluation ...
Test acc: 55.58
filename ::  model_ckpt.tar
[Epoch   88] Loss: 1.208 Acc: 64.000%,  Current learning rate is: 1.0000000000000002e-06
[Epoch   88] Loss: 1.316 Acc: 56.000%,  Current learning rate is: 1.0000000000000002e-06
[Epoch   88] Loss: 1.308 Acc: 52.000%,  Current learning rate is: 1.0000000000000002e-06
[Epoch   88] Loss: 1.753 Acc: 32.000%,  Current learning rate is: 1.0000000000000002e-06
evaluation ...
Test acc: 55.94
filename ::  model_ckpt.tar
[Epoch   89] Loss: 1.375 Acc: 56.000%,  Current learning rate is: 1.0000000000000002e-06
[Epoch   89] Loss: 1.579 Acc: 52.000%,  Current learning rate is: 1.0000000000000002e-06
[Epoch   89] Loss: 0.943 Acc: 72.000%,  Current learning rate is: 1.0000000000000002e-06
[Epoch   89] Loss: 1.547 Acc: 40.000%,  Current learning rate is: 1.0000000000000002e-06
evaluation ...
Test acc: 56.32
printing best accuracy so far56.32
filename ::  model_ckpt.tar
best Model Saving ...
[Epoch   90] Loss: 1.078 Acc: 68.000%,  Current learning rate is: 1.0000000000000002e-07
[Epoch   90] Loss: 1.466 Acc: 60.000%,  Current learning rate is: 1.0000000000000002e-07
[Epoch   90] Loss: 1.310 Acc: 52.000%,  Current learning rate is: 1.0000000000000002e-07
[Epoch   90] Loss: 1.633 Acc: 48.000%,  Current learning rate is: 1.0000000000000002e-07
evaluation ...
Test acc: 56.19
filename ::  model_ckpt.tar
[Epoch   91] Loss: 1.464 Acc: 40.000%,  Current learning rate is: 1.0000000000000002e-07
[Epoch   91] Loss: 1.290 Acc: 44.000%,  Current learning rate is: 1.0000000000000002e-07
[Epoch   91] Loss: 1.317 Acc: 48.000%,  Current learning rate is: 1.0000000000000002e-07
[Epoch   91] Loss: 1.129 Acc: 48.000%,  Current learning rate is: 1.0000000000000002e-07
evaluation ...
Test acc: 55.88
filename ::  model_ckpt.tar
[Epoch   92] Loss: 1.238 Acc: 44.000%,  Current learning rate is: 1.0000000000000002e-07
[Epoch   92] Loss: 0.980 Acc: 64.000%,  Current learning rate is: 1.0000000000000002e-07
[Epoch   92] Loss: 1.382 Acc: 44.000%,  Current learning rate is: 1.0000000000000002e-07
[Epoch   92] Loss: 1.283 Acc: 64.000%,  Current learning rate is: 1.0000000000000002e-07
evaluation ...
Test acc: 55.61
filename ::  model_ckpt.tar
[Epoch   93] Loss: 0.962 Acc: 60.000%,  Current learning rate is: 1.0000000000000002e-07
[Epoch   93] Loss: 1.199 Acc: 68.000%,  Current learning rate is: 1.0000000000000002e-07
[Epoch   93] Loss: 1.562 Acc: 40.000%,  Current learning rate is: 1.0000000000000002e-07
[Epoch   93] Loss: 1.286 Acc: 32.000%,  Current learning rate is: 1.0000000000000002e-07
evaluation ...
Test acc: 56.50
printing best accuracy so far56.5
filename ::  model_ckpt.tar
best Model Saving ...
[Epoch   94] Loss: 0.945 Acc: 56.000%,  Current learning rate is: 1.0000000000000002e-07
[Epoch   94] Loss: 1.180 Acc: 48.000%,  Current learning rate is: 1.0000000000000002e-07
[Epoch   94] Loss: 1.708 Acc: 28.000%,  Current learning rate is: 1.0000000000000002e-07
[Epoch   94] Loss: 1.517 Acc: 52.000%,  Current learning rate is: 1.0000000000000002e-07
evaluation ...
Test acc: 56.26
filename ::  model_ckpt.tar
[Epoch   95] Loss: 1.457 Acc: 52.000%,  Current learning rate is: 1.0000000000000002e-07
[Epoch   95] Loss: 1.295 Acc: 48.000%,  Current learning rate is: 1.0000000000000002e-07
[Epoch   95] Loss: 1.319 Acc: 44.000%,  Current learning rate is: 1.0000000000000002e-07
[Epoch   95] Loss: 1.208 Acc: 64.000%,  Current learning rate is: 1.0000000000000002e-07
evaluation ...
Test acc: 56.47
filename ::  model_ckpt.tar
[Epoch   96] Loss: 1.593 Acc: 40.000%,  Current learning rate is: 1.0000000000000002e-07
[Epoch   96] Loss: 1.360 Acc: 48.000%,  Current learning rate is: 1.0000000000000002e-07
[Epoch   96] Loss: 1.002 Acc: 64.000%,  Current learning rate is: 1.0000000000000002e-07
[Epoch   96] Loss: 1.105 Acc: 64.000%,  Current learning rate is: 1.0000000000000002e-07
evaluation ...
Test acc: 55.75
filename ::  model_ckpt.tar
[Epoch   97] Loss: 1.318 Acc: 48.000%,  Current learning rate is: 1.0000000000000002e-07
[Epoch   97] Loss: 1.486 Acc: 44.000%,  Current learning rate is: 1.0000000000000002e-07
[Epoch   97] Loss: 1.212 Acc: 48.000%,  Current learning rate is: 1.0000000000000002e-07
[Epoch   97] Loss: 1.280 Acc: 56.000%,  Current learning rate is: 1.0000000000000002e-07
evaluation ...
Test acc: 55.35
filename ::  model_ckpt.tar
[Epoch   98] Loss: 1.332 Acc: 64.000%,  Current learning rate is: 1.0000000000000002e-07
[Epoch   98] Loss: 1.403 Acc: 44.000%,  Current learning rate is: 1.0000000000000002e-07
[Epoch   98] Loss: 1.188 Acc: 64.000%,  Current learning rate is: 1.0000000000000002e-07
[Epoch   98] Loss: 1.529 Acc: 52.000%,  Current learning rate is: 1.0000000000000002e-07
evaluation ...
Test acc: 55.31
filename ::  model_ckpt.tar
[Epoch   99] Loss: 1.414 Acc: 40.000%,  Current learning rate is: 1.0000000000000002e-07
[Epoch   99] Loss: 1.276 Acc: 48.000%,  Current learning rate is: 1.0000000000000002e-07
[Epoch   99] Loss: 1.148 Acc: 56.000%,  Current learning rate is: 1.0000000000000002e-07
[Epoch   99] Loss: 1.530 Acc: 48.000%,  Current learning rate is: 1.0000000000000002e-07
evaluation ...
Test acc: 56.39
filename ::  model_ckpt.tar
[Epoch  100] Loss: 1.021 Acc: 60.000%,  Current learning rate is: 1.0000000000000002e-07
[Epoch  100] Loss: 1.296 Acc: 52.000%,  Current learning rate is: 1.0000000000000002e-07
[Epoch  100] Loss: 1.372 Acc: 44.000%,  Current learning rate is: 1.0000000000000002e-07
[Epoch  100] Loss: 1.470 Acc: 52.000%,  Current learning rate is: 1.0000000000000002e-07
evaluation ...
Test acc: 55.97
filename ::  model_ckpt.tar
