Files already downloaded and verified
Files already downloaded and verified
img_size: 32, num_classes: 10, stem: True
Running Resnet50
Number of model parameters:  25557032
[Epoch    1] Loss: 2.536 Acc: 8.000%,  Current learning rate is: 0.1
[Epoch    1] Loss: 2.383 Acc: 4.000%,  Current learning rate is: 0.1
[Epoch    1] Loss: 2.438 Acc: 4.000%,  Current learning rate is: 0.1
[Epoch    1] Loss: 2.331 Acc: 8.000%,  Current learning rate is: 0.1
evaluation ...
Test acc: 10.04
printing best accuracy so far10.04
filename ::  model_ckpt.tar
best Model Saving ...
[Epoch    2] Loss: 2.385 Acc: 16.000%,  Current learning rate is: 0.1
[Epoch    2] Loss: 2.294 Acc: 0.000%,  Current learning rate is: 0.1
[Epoch    2] Loss: 2.115 Acc: 28.000%,  Current learning rate is: 0.1
[Epoch    2] Loss: 1.835 Acc: 32.000%,  Current learning rate is: 0.1
evaluation ...
Test acc: 24.37
printing best accuracy so far24.37
filename ::  model_ckpt.tar
best Model Saving ...
[Epoch    3] Loss: 2.044 Acc: 28.000%,  Current learning rate is: 0.1
[Epoch    3] Loss: 2.097 Acc: 24.000%,  Current learning rate is: 0.1
[Epoch    3] Loss: 2.087 Acc: 20.000%,  Current learning rate is: 0.1
[Epoch    3] Loss: 2.158 Acc: 20.000%,  Current learning rate is: 0.1
evaluation ...
Test acc: 26.98
printing best accuracy so far26.98
filename ::  model_ckpt.tar
best Model Saving ...
[Epoch    4] Loss: 1.669 Acc: 40.000%,  Current learning rate is: 0.1
[Epoch    4] Loss: 2.073 Acc: 28.000%,  Current learning rate is: 0.1
[Epoch    4] Loss: 1.968 Acc: 28.000%,  Current learning rate is: 0.1
[Epoch    4] Loss: 1.958 Acc: 32.000%,  Current learning rate is: 0.1
evaluation ...
Test acc: 34.99
printing best accuracy so far34.99
filename ::  model_ckpt.tar
best Model Saving ...
[Epoch    5] Loss: 2.000 Acc: 28.000%,  Current learning rate is: 0.1
[Epoch    5] Loss: 1.619 Acc: 40.000%,  Current learning rate is: 0.1
[Epoch    5] Loss: 2.055 Acc: 32.000%,  Current learning rate is: 0.1
[Epoch    5] Loss: 1.852 Acc: 20.000%,  Current learning rate is: 0.1
evaluation ...
Test acc: 37.48
printing best accuracy so far37.48
filename ::  model_ckpt.tar
best Model Saving ...
[Epoch    6] Loss: 1.728 Acc: 40.000%,  Current learning rate is: 0.1
[Epoch    6] Loss: 1.692 Acc: 28.000%,  Current learning rate is: 0.1
[Epoch    6] Loss: 1.969 Acc: 20.000%,  Current learning rate is: 0.1
[Epoch    6] Loss: 2.257 Acc: 16.000%,  Current learning rate is: 0.1
evaluation ...
Test acc: 35.19
filename ::  model_ckpt.tar
[Epoch    7] Loss: 1.836 Acc: 44.000%,  Current learning rate is: 0.1
[Epoch    7] Loss: 1.498 Acc: 44.000%,  Current learning rate is: 0.1
[Epoch    7] Loss: 1.876 Acc: 28.000%,  Current learning rate is: 0.1
[Epoch    7] Loss: 1.796 Acc: 28.000%,  Current learning rate is: 0.1
evaluation ...
Test acc: 35.02
filename ::  model_ckpt.tar
[Epoch    8] Loss: 1.732 Acc: 32.000%,  Current learning rate is: 0.1
[Epoch    8] Loss: 1.531 Acc: 32.000%,  Current learning rate is: 0.1
[Epoch    8] Loss: 2.143 Acc: 24.000%,  Current learning rate is: 0.1
[Epoch    8] Loss: 1.723 Acc: 52.000%,  Current learning rate is: 0.1
evaluation ...
Test acc: 33.47
filename ::  model_ckpt.tar
[Epoch    9] Loss: 1.750 Acc: 32.000%,  Current learning rate is: 0.1
[Epoch    9] Loss: 1.530 Acc: 48.000%,  Current learning rate is: 0.1
[Epoch    9] Loss: 1.470 Acc: 44.000%,  Current learning rate is: 0.1
[Epoch    9] Loss: 2.126 Acc: 24.000%,  Current learning rate is: 0.1
evaluation ...
Test acc: 40.58
printing best accuracy so far40.58
filename ::  model_ckpt.tar
best Model Saving ...
[Epoch   10] Loss: 1.911 Acc: 28.000%,  Current learning rate is: 0.1
[Epoch   10] Loss: 1.896 Acc: 24.000%,  Current learning rate is: 0.1
[Epoch   10] Loss: 1.898 Acc: 28.000%,  Current learning rate is: 0.1
[Epoch   10] Loss: 1.504 Acc: 36.000%,  Current learning rate is: 0.1
evaluation ...
Test acc: 38.75
filename ::  model_ckpt.tar
[Epoch   11] Loss: 1.467 Acc: 52.000%,  Current learning rate is: 0.1
[Epoch   11] Loss: 1.900 Acc: 40.000%,  Current learning rate is: 0.1
[Epoch   11] Loss: 1.769 Acc: 24.000%,  Current learning rate is: 0.1
[Epoch   11] Loss: 2.088 Acc: 20.000%,  Current learning rate is: 0.1
evaluation ...
Test acc: 39.31
filename ::  model_ckpt.tar
[Epoch   12] Loss: 1.827 Acc: 32.000%,  Current learning rate is: 0.1
[Epoch   12] Loss: 1.933 Acc: 36.000%,  Current learning rate is: 0.1
[Epoch   12] Loss: 1.457 Acc: 48.000%,  Current learning rate is: 0.1
[Epoch   12] Loss: 1.790 Acc: 24.000%,  Current learning rate is: 0.1
evaluation ...
Test acc: 39.66
filename ::  model_ckpt.tar
[Epoch   13] Loss: 1.697 Acc: 28.000%,  Current learning rate is: 0.1
[Epoch   13] Loss: 1.816 Acc: 44.000%,  Current learning rate is: 0.1
[Epoch   13] Loss: 1.754 Acc: 36.000%,  Current learning rate is: 0.1
[Epoch   13] Loss: 1.797 Acc: 44.000%,  Current learning rate is: 0.1
evaluation ...
Test acc: 40.08
filename ::  model_ckpt.tar
[Epoch   14] Loss: 1.713 Acc: 44.000%,  Current learning rate is: 0.1
[Epoch   14] Loss: 1.789 Acc: 24.000%,  Current learning rate is: 0.1
[Epoch   14] Loss: 1.342 Acc: 52.000%,  Current learning rate is: 0.1
[Epoch   14] Loss: 2.362 Acc: 24.000%,  Current learning rate is: 0.1
evaluation ...
Test acc: 43.23
printing best accuracy so far43.23
filename ::  model_ckpt.tar
best Model Saving ...
[Epoch   15] Loss: 2.238 Acc: 28.000%,  Current learning rate is: 0.1
[Epoch   15] Loss: 1.622 Acc: 44.000%,  Current learning rate is: 0.1
[Epoch   15] Loss: 1.289 Acc: 56.000%,  Current learning rate is: 0.1
[Epoch   15] Loss: 1.690 Acc: 36.000%,  Current learning rate is: 0.1
evaluation ...
Test acc: 38.14
filename ::  model_ckpt.tar
[Epoch   16] Loss: 1.849 Acc: 32.000%,  Current learning rate is: 0.1
[Epoch   16] Loss: 1.530 Acc: 56.000%,  Current learning rate is: 0.1
[Epoch   16] Loss: 1.547 Acc: 44.000%,  Current learning rate is: 0.1
[Epoch   16] Loss: 1.789 Acc: 40.000%,  Current learning rate is: 0.1
evaluation ...
Test acc: 43.07
filename ::  model_ckpt.tar
[Epoch   17] Loss: 1.419 Acc: 48.000%,  Current learning rate is: 0.1
[Epoch   17] Loss: 1.655 Acc: 40.000%,  Current learning rate is: 0.1
[Epoch   17] Loss: 1.642 Acc: 52.000%,  Current learning rate is: 0.1
[Epoch   17] Loss: 1.325 Acc: 60.000%,  Current learning rate is: 0.1
evaluation ...
Test acc: 43.74
printing best accuracy so far43.74
filename ::  model_ckpt.tar
best Model Saving ...
[Epoch   18] Loss: 1.707 Acc: 28.000%,  Current learning rate is: 0.1
[Epoch   18] Loss: 1.938 Acc: 32.000%,  Current learning rate is: 0.1
[Epoch   18] Loss: 1.465 Acc: 48.000%,  Current learning rate is: 0.1
[Epoch   18] Loss: 1.468 Acc: 56.000%,  Current learning rate is: 0.1
evaluation ...
Test acc: 47.47
printing best accuracy so far47.47
filename ::  model_ckpt.tar
best Model Saving ...
[Epoch   19] Loss: 1.933 Acc: 36.000%,  Current learning rate is: 0.1
[Epoch   19] Loss: 1.660 Acc: 48.000%,  Current learning rate is: 0.1
[Epoch   19] Loss: 1.859 Acc: 44.000%,  Current learning rate is: 0.1
[Epoch   19] Loss: 2.183 Acc: 36.000%,  Current learning rate is: 0.1
evaluation ...
Test acc: 42.09
filename ::  model_ckpt.tar
[Epoch   20] Loss: 1.780 Acc: 32.000%,  Current learning rate is: 0.1
[Epoch   20] Loss: 1.531 Acc: 52.000%,  Current learning rate is: 0.1
[Epoch   20] Loss: 1.821 Acc: 36.000%,  Current learning rate is: 0.1
[Epoch   20] Loss: 1.512 Acc: 44.000%,  Current learning rate is: 0.1
evaluation ...
Test acc: 44.58
filename ::  model_ckpt.tar
[Epoch   21] Loss: 1.676 Acc: 44.000%,  Current learning rate is: 0.1
[Epoch   21] Loss: 1.563 Acc: 36.000%,  Current learning rate is: 0.1
[Epoch   21] Loss: 1.962 Acc: 48.000%,  Current learning rate is: 0.1
[Epoch   21] Loss: 1.810 Acc: 36.000%,  Current learning rate is: 0.1
evaluation ...
Test acc: 45.68
filename ::  model_ckpt.tar
[Epoch   22] Loss: 1.692 Acc: 40.000%,  Current learning rate is: 0.1
[Epoch   22] Loss: 1.933 Acc: 32.000%,  Current learning rate is: 0.1
[Epoch   22] Loss: 2.348 Acc: 24.000%,  Current learning rate is: 0.1
[Epoch   22] Loss: 1.704 Acc: 44.000%,  Current learning rate is: 0.1
evaluation ...
Test acc: 45.80
filename ::  model_ckpt.tar
[Epoch   23] Loss: 2.005 Acc: 28.000%,  Current learning rate is: 0.1
[Epoch   23] Loss: 1.958 Acc: 32.000%,  Current learning rate is: 0.1
[Epoch   23] Loss: 1.878 Acc: 28.000%,  Current learning rate is: 0.1
[Epoch   23] Loss: 2.128 Acc: 32.000%,  Current learning rate is: 0.1
evaluation ...
Test acc: 43.81
filename ::  model_ckpt.tar
[Epoch   24] Loss: 1.503 Acc: 44.000%,  Current learning rate is: 0.1
[Epoch   24] Loss: 1.574 Acc: 44.000%,  Current learning rate is: 0.1
[Epoch   24] Loss: 1.373 Acc: 48.000%,  Current learning rate is: 0.1
[Epoch   24] Loss: 1.719 Acc: 32.000%,  Current learning rate is: 0.1
evaluation ...
Test acc: 40.12
filename ::  model_ckpt.tar
[Epoch   25] Loss: 1.323 Acc: 60.000%,  Current learning rate is: 0.1
[Epoch   25] Loss: 1.820 Acc: 32.000%,  Current learning rate is: 0.1
[Epoch   25] Loss: 2.310 Acc: 32.000%,  Current learning rate is: 0.1
[Epoch   25] Loss: 1.574 Acc: 44.000%,  Current learning rate is: 0.1
evaluation ...
Test acc: 46.46
filename ::  model_ckpt.tar
[Epoch   26] Loss: 1.613 Acc: 32.000%,  Current learning rate is: 0.1
[Epoch   26] Loss: 1.609 Acc: 44.000%,  Current learning rate is: 0.1
[Epoch   26] Loss: 2.039 Acc: 16.000%,  Current learning rate is: 0.1
[Epoch   26] Loss: 1.566 Acc: 44.000%,  Current learning rate is: 0.1
evaluation ...
Test acc: 48.91
printing best accuracy so far48.91
filename ::  model_ckpt.tar
best Model Saving ...
[Epoch   27] Loss: 1.776 Acc: 32.000%,  Current learning rate is: 0.1
[Epoch   27] Loss: 1.562 Acc: 56.000%,  Current learning rate is: 0.1
[Epoch   27] Loss: 1.698 Acc: 24.000%,  Current learning rate is: 0.1
[Epoch   27] Loss: 1.438 Acc: 56.000%,  Current learning rate is: 0.1
evaluation ...
Test acc: 48.21
filename ::  model_ckpt.tar
[Epoch   28] Loss: 1.542 Acc: 44.000%,  Current learning rate is: 0.1
[Epoch   28] Loss: 1.280 Acc: 40.000%,  Current learning rate is: 0.1
[Epoch   28] Loss: 2.082 Acc: 40.000%,  Current learning rate is: 0.1
[Epoch   28] Loss: 1.305 Acc: 56.000%,  Current learning rate is: 0.1
evaluation ...
Test acc: 46.66
filename ::  model_ckpt.tar
[Epoch   29] Loss: 1.803 Acc: 40.000%,  Current learning rate is: 0.1
[Epoch   29] Loss: 1.964 Acc: 32.000%,  Current learning rate is: 0.1
[Epoch   29] Loss: 1.278 Acc: 64.000%,  Current learning rate is: 0.1
[Epoch   29] Loss: 1.584 Acc: 44.000%,  Current learning rate is: 0.1
evaluation ...
Test acc: 49.68
printing best accuracy so far49.68
filename ::  model_ckpt.tar
best Model Saving ...
[Epoch   30] Loss: 1.280 Acc: 48.000%,  Current learning rate is: 0.010000000000000002
[Epoch   30] Loss: 1.292 Acc: 48.000%,  Current learning rate is: 0.010000000000000002
[Epoch   30] Loss: 1.138 Acc: 56.000%,  Current learning rate is: 0.010000000000000002
[Epoch   30] Loss: 1.331 Acc: 52.000%,  Current learning rate is: 0.010000000000000002
evaluation ...
Test acc: 63.85
printing best accuracy so far63.85
filename ::  model_ckpt.tar
best Model Saving ...
[Epoch   31] Loss: 0.985 Acc: 52.000%,  Current learning rate is: 0.010000000000000002
[Epoch   31] Loss: 1.101 Acc: 64.000%,  Current learning rate is: 0.010000000000000002
[Epoch   31] Loss: 1.511 Acc: 44.000%,  Current learning rate is: 0.010000000000000002
[Epoch   31] Loss: 1.230 Acc: 52.000%,  Current learning rate is: 0.010000000000000002
evaluation ...
Test acc: 64.67
printing best accuracy so far64.67
filename ::  model_ckpt.tar
best Model Saving ...
[Epoch   32] Loss: 1.087 Acc: 52.000%,  Current learning rate is: 0.010000000000000002
[Epoch   32] Loss: 1.117 Acc: 68.000%,  Current learning rate is: 0.010000000000000002
[Epoch   32] Loss: 1.091 Acc: 64.000%,  Current learning rate is: 0.010000000000000002
[Epoch   32] Loss: 1.422 Acc: 48.000%,  Current learning rate is: 0.010000000000000002
evaluation ...
Test acc: 66.34
printing best accuracy so far66.34
filename ::  model_ckpt.tar
best Model Saving ...
[Epoch   33] Loss: 1.419 Acc: 56.000%,  Current learning rate is: 0.010000000000000002
[Epoch   33] Loss: 0.918 Acc: 64.000%,  Current learning rate is: 0.010000000000000002
[Epoch   33] Loss: 1.334 Acc: 48.000%,  Current learning rate is: 0.010000000000000002
[Epoch   33] Loss: 0.941 Acc: 64.000%,  Current learning rate is: 0.010000000000000002
evaluation ...
Test acc: 67.97
printing best accuracy so far67.97
filename ::  model_ckpt.tar
best Model Saving ...
[Epoch   34] Loss: 0.668 Acc: 76.000%,  Current learning rate is: 0.010000000000000002
[Epoch   34] Loss: 1.227 Acc: 72.000%,  Current learning rate is: 0.010000000000000002
[Epoch   34] Loss: 0.999 Acc: 60.000%,  Current learning rate is: 0.010000000000000002
[Epoch   34] Loss: 1.158 Acc: 68.000%,  Current learning rate is: 0.010000000000000002
evaluation ...
Test acc: 67.25
filename ::  model_ckpt.tar
[Epoch   35] Loss: 0.763 Acc: 72.000%,  Current learning rate is: 0.010000000000000002
[Epoch   35] Loss: 1.129 Acc: 56.000%,  Current learning rate is: 0.010000000000000002
[Epoch   35] Loss: 1.037 Acc: 68.000%,  Current learning rate is: 0.010000000000000002
[Epoch   35] Loss: 0.910 Acc: 64.000%,  Current learning rate is: 0.010000000000000002
evaluation ...
Test acc: 69.47
printing best accuracy so far69.47
filename ::  model_ckpt.tar
best Model Saving ...
[Epoch   36] Loss: 0.845 Acc: 72.000%,  Current learning rate is: 0.010000000000000002
[Epoch   36] Loss: 1.178 Acc: 60.000%,  Current learning rate is: 0.010000000000000002
[Epoch   36] Loss: 1.269 Acc: 56.000%,  Current learning rate is: 0.010000000000000002
[Epoch   36] Loss: 0.964 Acc: 68.000%,  Current learning rate is: 0.010000000000000002
evaluation ...
Test acc: 68.44
filename ::  model_ckpt.tar
[Epoch   37] Loss: 0.961 Acc: 72.000%,  Current learning rate is: 0.010000000000000002
[Epoch   37] Loss: 0.999 Acc: 64.000%,  Current learning rate is: 0.010000000000000002
[Epoch   37] Loss: 0.660 Acc: 76.000%,  Current learning rate is: 0.010000000000000002
[Epoch   37] Loss: 1.181 Acc: 60.000%,  Current learning rate is: 0.010000000000000002
evaluation ...
Test acc: 70.57
printing best accuracy so far70.57
filename ::  model_ckpt.tar
best Model Saving ...
[Epoch   38] Loss: 1.148 Acc: 64.000%,  Current learning rate is: 0.010000000000000002
[Epoch   38] Loss: 1.007 Acc: 60.000%,  Current learning rate is: 0.010000000000000002
[Epoch   38] Loss: 0.708 Acc: 72.000%,  Current learning rate is: 0.010000000000000002
[Epoch   38] Loss: 0.739 Acc: 72.000%,  Current learning rate is: 0.010000000000000002
evaluation ...
Test acc: 68.03
filename ::  model_ckpt.tar
[Epoch   39] Loss: 0.735 Acc: 68.000%,  Current learning rate is: 0.010000000000000002
[Epoch   39] Loss: 0.781 Acc: 76.000%,  Current learning rate is: 0.010000000000000002
[Epoch   39] Loss: 1.229 Acc: 56.000%,  Current learning rate is: 0.010000000000000002
[Epoch   39] Loss: 0.918 Acc: 72.000%,  Current learning rate is: 0.010000000000000002
evaluation ...
Test acc: 70.52
filename ::  model_ckpt.tar
[Epoch   40] Loss: 1.089 Acc: 64.000%,  Current learning rate is: 0.010000000000000002
[Epoch   40] Loss: 0.743 Acc: 68.000%,  Current learning rate is: 0.010000000000000002
[Epoch   40] Loss: 0.746 Acc: 64.000%,  Current learning rate is: 0.010000000000000002
[Epoch   40] Loss: 1.232 Acc: 48.000%,  Current learning rate is: 0.010000000000000002
evaluation ...
Test acc: 70.40
filename ::  model_ckpt.tar
[Epoch   41] Loss: 0.955 Acc: 68.000%,  Current learning rate is: 0.010000000000000002
[Epoch   41] Loss: 1.256 Acc: 68.000%,  Current learning rate is: 0.010000000000000002
[Epoch   41] Loss: 0.877 Acc: 60.000%,  Current learning rate is: 0.010000000000000002
[Epoch   41] Loss: 1.158 Acc: 64.000%,  Current learning rate is: 0.010000000000000002
evaluation ...
Test acc: 70.22
filename ::  model_ckpt.tar
[Epoch   42] Loss: 0.770 Acc: 76.000%,  Current learning rate is: 0.010000000000000002
[Epoch   42] Loss: 1.089 Acc: 60.000%,  Current learning rate is: 0.010000000000000002
[Epoch   42] Loss: 1.115 Acc: 72.000%,  Current learning rate is: 0.010000000000000002
[Epoch   42] Loss: 0.920 Acc: 64.000%,  Current learning rate is: 0.010000000000000002
evaluation ...
Test acc: 69.64
filename ::  model_ckpt.tar
[Epoch   43] Loss: 0.971 Acc: 64.000%,  Current learning rate is: 0.010000000000000002
[Epoch   43] Loss: 0.877 Acc: 76.000%,  Current learning rate is: 0.010000000000000002
[Epoch   43] Loss: 0.933 Acc: 64.000%,  Current learning rate is: 0.010000000000000002
[Epoch   43] Loss: 1.113 Acc: 64.000%,  Current learning rate is: 0.010000000000000002
evaluation ...
Test acc: 72.76
printing best accuracy so far72.76
filename ::  model_ckpt.tar
best Model Saving ...
[Epoch   44] Loss: 0.812 Acc: 72.000%,  Current learning rate is: 0.010000000000000002
[Epoch   44] Loss: 0.962 Acc: 68.000%,  Current learning rate is: 0.010000000000000002
[Epoch   44] Loss: 1.304 Acc: 60.000%,  Current learning rate is: 0.010000000000000002
[Epoch   44] Loss: 1.162 Acc: 60.000%,  Current learning rate is: 0.010000000000000002
evaluation ...
Test acc: 72.78
printing best accuracy so far72.78
filename ::  model_ckpt.tar
best Model Saving ...
[Epoch   45] Loss: 1.133 Acc: 60.000%,  Current learning rate is: 0.010000000000000002
[Epoch   45] Loss: 0.491 Acc: 80.000%,  Current learning rate is: 0.010000000000000002
[Epoch   45] Loss: 0.577 Acc: 76.000%,  Current learning rate is: 0.010000000000000002
[Epoch   45] Loss: 0.765 Acc: 88.000%,  Current learning rate is: 0.010000000000000002
evaluation ...
Test acc: 72.94
printing best accuracy so far72.94
filename ::  model_ckpt.tar
best Model Saving ...
[Epoch   46] Loss: 0.677 Acc: 68.000%,  Current learning rate is: 0.010000000000000002
[Epoch   46] Loss: 0.485 Acc: 80.000%,  Current learning rate is: 0.010000000000000002
[Epoch   46] Loss: 1.055 Acc: 52.000%,  Current learning rate is: 0.010000000000000002
[Epoch   46] Loss: 1.424 Acc: 44.000%,  Current learning rate is: 0.010000000000000002
evaluation ...
Test acc: 72.67
filename ::  model_ckpt.tar
[Epoch   47] Loss: 0.825 Acc: 72.000%,  Current learning rate is: 0.010000000000000002
[Epoch   47] Loss: 0.968 Acc: 64.000%,  Current learning rate is: 0.010000000000000002
[Epoch   47] Loss: 0.931 Acc: 68.000%,  Current learning rate is: 0.010000000000000002
[Epoch   47] Loss: 0.704 Acc: 80.000%,  Current learning rate is: 0.010000000000000002
evaluation ...
Test acc: 71.88
filename ::  model_ckpt.tar
[Epoch   48] Loss: 1.032 Acc: 76.000%,  Current learning rate is: 0.010000000000000002
[Epoch   48] Loss: 0.856 Acc: 76.000%,  Current learning rate is: 0.010000000000000002
[Epoch   48] Loss: 1.097 Acc: 64.000%,  Current learning rate is: 0.010000000000000002
[Epoch   48] Loss: 0.594 Acc: 80.000%,  Current learning rate is: 0.010000000000000002
evaluation ...
Test acc: 74.76
printing best accuracy so far74.76
filename ::  model_ckpt.tar
best Model Saving ...
[Epoch   49] Loss: 0.796 Acc: 64.000%,  Current learning rate is: 0.010000000000000002
[Epoch   49] Loss: 0.570 Acc: 80.000%,  Current learning rate is: 0.010000000000000002
[Epoch   49] Loss: 0.522 Acc: 88.000%,  Current learning rate is: 0.010000000000000002
[Epoch   49] Loss: 0.881 Acc: 64.000%,  Current learning rate is: 0.010000000000000002
evaluation ...
Test acc: 72.52
filename ::  model_ckpt.tar
[Epoch   50] Loss: 0.986 Acc: 68.000%,  Current learning rate is: 0.010000000000000002
[Epoch   50] Loss: 0.591 Acc: 80.000%,  Current learning rate is: 0.010000000000000002
[Epoch   50] Loss: 0.625 Acc: 84.000%,  Current learning rate is: 0.010000000000000002
[Epoch   50] Loss: 1.513 Acc: 56.000%,  Current learning rate is: 0.010000000000000002
evaluation ...
Test acc: 74.22
filename ::  model_ckpt.tar
[Epoch   51] Loss: 0.976 Acc: 60.000%,  Current learning rate is: 0.010000000000000002
[Epoch   51] Loss: 1.218 Acc: 60.000%,  Current learning rate is: 0.010000000000000002
[Epoch   51] Loss: 1.068 Acc: 60.000%,  Current learning rate is: 0.010000000000000002
[Epoch   51] Loss: 1.174 Acc: 60.000%,  Current learning rate is: 0.010000000000000002
evaluation ...
Test acc: 71.48
filename ::  model_ckpt.tar
[Epoch   52] Loss: 0.850 Acc: 72.000%,  Current learning rate is: 0.010000000000000002
[Epoch   52] Loss: 0.916 Acc: 68.000%,  Current learning rate is: 0.010000000000000002
[Epoch   52] Loss: 0.982 Acc: 72.000%,  Current learning rate is: 0.010000000000000002
[Epoch   52] Loss: 0.743 Acc: 80.000%,  Current learning rate is: 0.010000000000000002
evaluation ...
Test acc: 70.56
filename ::  model_ckpt.tar
[Epoch   53] Loss: 0.699 Acc: 80.000%,  Current learning rate is: 0.010000000000000002
[Epoch   53] Loss: 1.090 Acc: 72.000%,  Current learning rate is: 0.010000000000000002
[Epoch   53] Loss: 0.907 Acc: 76.000%,  Current learning rate is: 0.010000000000000002
[Epoch   53] Loss: 0.467 Acc: 84.000%,  Current learning rate is: 0.010000000000000002
evaluation ...
Test acc: 74.48
filename ::  model_ckpt.tar
[Epoch   54] Loss: 0.933 Acc: 72.000%,  Current learning rate is: 0.010000000000000002
[Epoch   54] Loss: 0.584 Acc: 76.000%,  Current learning rate is: 0.010000000000000002
[Epoch   54] Loss: 1.133 Acc: 68.000%,  Current learning rate is: 0.010000000000000002
[Epoch   54] Loss: 0.770 Acc: 76.000%,  Current learning rate is: 0.010000000000000002
evaluation ...
Test acc: 76.87
printing best accuracy so far76.87
filename ::  model_ckpt.tar
best Model Saving ...
[Epoch   55] Loss: 0.656 Acc: 72.000%,  Current learning rate is: 0.010000000000000002
[Epoch   55] Loss: 0.822 Acc: 72.000%,  Current learning rate is: 0.010000000000000002
[Epoch   55] Loss: 0.873 Acc: 80.000%,  Current learning rate is: 0.010000000000000002
[Epoch   55] Loss: 0.482 Acc: 80.000%,  Current learning rate is: 0.010000000000000002
evaluation ...
Test acc: 73.91
filename ::  model_ckpt.tar
[Epoch   56] Loss: 1.141 Acc: 56.000%,  Current learning rate is: 0.010000000000000002
[Epoch   56] Loss: 0.537 Acc: 84.000%,  Current learning rate is: 0.010000000000000002
[Epoch   56] Loss: 1.104 Acc: 64.000%,  Current learning rate is: 0.010000000000000002
[Epoch   56] Loss: 0.628 Acc: 80.000%,  Current learning rate is: 0.010000000000000002
evaluation ...
Test acc: 74.37
filename ::  model_ckpt.tar
[Epoch   57] Loss: 1.083 Acc: 48.000%,  Current learning rate is: 0.010000000000000002
[Epoch   57] Loss: 0.750 Acc: 68.000%,  Current learning rate is: 0.010000000000000002
[Epoch   57] Loss: 0.855 Acc: 68.000%,  Current learning rate is: 0.010000000000000002
[Epoch   57] Loss: 1.162 Acc: 60.000%,  Current learning rate is: 0.010000000000000002
evaluation ...
Test acc: 73.78
filename ::  model_ckpt.tar
[Epoch   58] Loss: 0.586 Acc: 80.000%,  Current learning rate is: 0.010000000000000002
[Epoch   58] Loss: 0.596 Acc: 68.000%,  Current learning rate is: 0.010000000000000002
[Epoch   58] Loss: 0.666 Acc: 84.000%,  Current learning rate is: 0.010000000000000002
[Epoch   58] Loss: 1.032 Acc: 64.000%,  Current learning rate is: 0.010000000000000002
evaluation ...
Test acc: 74.86
filename ::  model_ckpt.tar
[Epoch   59] Loss: 0.958 Acc: 68.000%,  Current learning rate is: 0.010000000000000002
[Epoch   59] Loss: 0.948 Acc: 72.000%,  Current learning rate is: 0.010000000000000002
[Epoch   59] Loss: 0.667 Acc: 76.000%,  Current learning rate is: 0.010000000000000002
[Epoch   59] Loss: 0.723 Acc: 76.000%,  Current learning rate is: 0.010000000000000002
evaluation ...
Test acc: 73.99
filename ::  model_ckpt.tar
[Epoch   60] Loss: 0.757 Acc: 72.000%,  Current learning rate is: 0.0010000000000000002
[Epoch   60] Loss: 0.430 Acc: 76.000%,  Current learning rate is: 0.0010000000000000002
[Epoch   60] Loss: 0.574 Acc: 80.000%,  Current learning rate is: 0.0010000000000000002
[Epoch   60] Loss: 0.970 Acc: 76.000%,  Current learning rate is: 0.0010000000000000002
evaluation ...
Test acc: 81.47
printing best accuracy so far81.47
filename ::  model_ckpt.tar
best Model Saving ...
[Epoch   61] Loss: 0.694 Acc: 84.000%,  Current learning rate is: 0.0010000000000000002
[Epoch   61] Loss: 0.537 Acc: 84.000%,  Current learning rate is: 0.0010000000000000002
[Epoch   61] Loss: 0.506 Acc: 84.000%,  Current learning rate is: 0.0010000000000000002
[Epoch   61] Loss: 0.404 Acc: 88.000%,  Current learning rate is: 0.0010000000000000002
evaluation ...
Test acc: 81.40
filename ::  model_ckpt.tar
[Epoch   62] Loss: 0.666 Acc: 76.000%,  Current learning rate is: 0.0010000000000000002
[Epoch   62] Loss: 0.591 Acc: 76.000%,  Current learning rate is: 0.0010000000000000002
[Epoch   62] Loss: 0.496 Acc: 80.000%,  Current learning rate is: 0.0010000000000000002
[Epoch   62] Loss: 0.322 Acc: 88.000%,  Current learning rate is: 0.0010000000000000002
evaluation ...
Test acc: 81.69
printing best accuracy so far81.69
filename ::  model_ckpt.tar
best Model Saving ...
[Epoch   63] Loss: 0.885 Acc: 68.000%,  Current learning rate is: 0.0010000000000000002
[Epoch   63] Loss: 0.277 Acc: 88.000%,  Current learning rate is: 0.0010000000000000002
[Epoch   63] Loss: 0.550 Acc: 76.000%,  Current learning rate is: 0.0010000000000000002
[Epoch   63] Loss: 0.371 Acc: 84.000%,  Current learning rate is: 0.0010000000000000002
evaluation ...
Test acc: 81.86
printing best accuracy so far81.86
filename ::  model_ckpt.tar
best Model Saving ...
[Epoch   64] Loss: 0.414 Acc: 84.000%,  Current learning rate is: 0.0010000000000000002
[Epoch   64] Loss: 0.652 Acc: 76.000%,  Current learning rate is: 0.0010000000000000002
[Epoch   64] Loss: 0.390 Acc: 92.000%,  Current learning rate is: 0.0010000000000000002
[Epoch   64] Loss: 0.463 Acc: 84.000%,  Current learning rate is: 0.0010000000000000002
evaluation ...
Test acc: 81.78
filename ::  model_ckpt.tar
[Epoch   65] Loss: 0.508 Acc: 88.000%,  Current learning rate is: 0.0010000000000000002
[Epoch   65] Loss: 0.853 Acc: 76.000%,  Current learning rate is: 0.0010000000000000002
[Epoch   65] Loss: 1.145 Acc: 68.000%,  Current learning rate is: 0.0010000000000000002
[Epoch   65] Loss: 0.452 Acc: 84.000%,  Current learning rate is: 0.0010000000000000002
evaluation ...
Test acc: 82.00
printing best accuracy so far82.0
filename ::  model_ckpt.tar
best Model Saving ...
[Epoch   66] Loss: 0.739 Acc: 76.000%,  Current learning rate is: 0.0010000000000000002
[Epoch   66] Loss: 0.376 Acc: 88.000%,  Current learning rate is: 0.0010000000000000002
[Epoch   66] Loss: 0.745 Acc: 76.000%,  Current learning rate is: 0.0010000000000000002
[Epoch   66] Loss: 0.618 Acc: 84.000%,  Current learning rate is: 0.0010000000000000002
evaluation ...
Test acc: 82.04
printing best accuracy so far82.04
filename ::  model_ckpt.tar
best Model Saving ...
[Epoch   67] Loss: 0.454 Acc: 88.000%,  Current learning rate is: 0.0010000000000000002
[Epoch   67] Loss: 0.422 Acc: 88.000%,  Current learning rate is: 0.0010000000000000002
[Epoch   67] Loss: 0.575 Acc: 72.000%,  Current learning rate is: 0.0010000000000000002
[Epoch   67] Loss: 0.430 Acc: 80.000%,  Current learning rate is: 0.0010000000000000002
evaluation ...
Test acc: 82.12
printing best accuracy so far82.12
filename ::  model_ckpt.tar
best Model Saving ...
[Epoch   68] Loss: 0.453 Acc: 76.000%,  Current learning rate is: 0.0010000000000000002
[Epoch   68] Loss: 0.409 Acc: 84.000%,  Current learning rate is: 0.0010000000000000002
[Epoch   68] Loss: 0.582 Acc: 76.000%,  Current learning rate is: 0.0010000000000000002
[Epoch   68] Loss: 0.538 Acc: 80.000%,  Current learning rate is: 0.0010000000000000002
evaluation ...
Test acc: 82.62
printing best accuracy so far82.62
filename ::  model_ckpt.tar
best Model Saving ...
[Epoch   69] Loss: 0.803 Acc: 64.000%,  Current learning rate is: 0.0010000000000000002
[Epoch   69] Loss: 0.662 Acc: 72.000%,  Current learning rate is: 0.0010000000000000002
[Epoch   69] Loss: 0.585 Acc: 72.000%,  Current learning rate is: 0.0010000000000000002
[Epoch   69] Loss: 0.567 Acc: 84.000%,  Current learning rate is: 0.0010000000000000002
evaluation ...
Test acc: 81.96
filename ::  model_ckpt.tar
[Epoch   70] Loss: 0.559 Acc: 76.000%,  Current learning rate is: 0.0010000000000000002
[Epoch   70] Loss: 0.813 Acc: 72.000%,  Current learning rate is: 0.0010000000000000002
[Epoch   70] Loss: 0.598 Acc: 84.000%,  Current learning rate is: 0.0010000000000000002
[Epoch   70] Loss: 0.518 Acc: 88.000%,  Current learning rate is: 0.0010000000000000002
evaluation ...
Test acc: 82.79
printing best accuracy so far82.79
filename ::  model_ckpt.tar
best Model Saving ...
[Epoch   71] Loss: 0.637 Acc: 76.000%,  Current learning rate is: 0.0010000000000000002
[Epoch   71] Loss: 0.284 Acc: 88.000%,  Current learning rate is: 0.0010000000000000002
[Epoch   71] Loss: 0.536 Acc: 72.000%,  Current learning rate is: 0.0010000000000000002
[Epoch   71] Loss: 1.418 Acc: 48.000%,  Current learning rate is: 0.0010000000000000002
evaluation ...
Test acc: 82.70
filename ::  model_ckpt.tar
[Epoch   72] Loss: 0.317 Acc: 84.000%,  Current learning rate is: 0.0010000000000000002
[Epoch   72] Loss: 0.267 Acc: 92.000%,  Current learning rate is: 0.0010000000000000002
[Epoch   72] Loss: 0.450 Acc: 80.000%,  Current learning rate is: 0.0010000000000000002
[Epoch   72] Loss: 0.315 Acc: 88.000%,  Current learning rate is: 0.0010000000000000002
evaluation ...
Test acc: 82.91
printing best accuracy so far82.91
filename ::  model_ckpt.tar
best Model Saving ...
[Epoch   73] Loss: 0.437 Acc: 84.000%,  Current learning rate is: 0.0010000000000000002
[Epoch   73] Loss: 0.411 Acc: 84.000%,  Current learning rate is: 0.0010000000000000002
[Epoch   73] Loss: 0.414 Acc: 88.000%,  Current learning rate is: 0.0010000000000000002
[Epoch   73] Loss: 0.699 Acc: 84.000%,  Current learning rate is: 0.0010000000000000002
evaluation ...
Test acc: 82.73
filename ::  model_ckpt.tar
[Epoch   74] Loss: 0.453 Acc: 76.000%,  Current learning rate is: 0.0010000000000000002
[Epoch   74] Loss: 0.388 Acc: 92.000%,  Current learning rate is: 0.0010000000000000002
[Epoch   74] Loss: 1.247 Acc: 76.000%,  Current learning rate is: 0.0010000000000000002
[Epoch   74] Loss: 0.351 Acc: 84.000%,  Current learning rate is: 0.0010000000000000002
evaluation ...
Test acc: 83.02
printing best accuracy so far83.02
filename ::  model_ckpt.tar
best Model Saving ...
[Epoch   75] Loss: 0.319 Acc: 92.000%,  Current learning rate is: 0.0010000000000000002
[Epoch   75] Loss: 0.675 Acc: 76.000%,  Current learning rate is: 0.0010000000000000002
[Epoch   75] Loss: 0.223 Acc: 92.000%,  Current learning rate is: 0.0010000000000000002
[Epoch   75] Loss: 0.688 Acc: 76.000%,  Current learning rate is: 0.0010000000000000002
evaluation ...
Test acc: 83.22
printing best accuracy so far83.22
filename ::  model_ckpt.tar
best Model Saving ...
[Epoch   76] Loss: 0.545 Acc: 80.000%,  Current learning rate is: 0.0010000000000000002
[Epoch   76] Loss: 0.873 Acc: 76.000%,  Current learning rate is: 0.0010000000000000002
[Epoch   76] Loss: 0.633 Acc: 80.000%,  Current learning rate is: 0.0010000000000000002
[Epoch   76] Loss: 0.364 Acc: 88.000%,  Current learning rate is: 0.0010000000000000002
evaluation ...
Test acc: 82.83
filename ::  model_ckpt.tar
[Epoch   77] Loss: 0.422 Acc: 84.000%,  Current learning rate is: 0.0010000000000000002
[Epoch   77] Loss: 0.151 Acc: 100.000%,  Current learning rate is: 0.0010000000000000002
[Epoch   77] Loss: 0.253 Acc: 88.000%,  Current learning rate is: 0.0010000000000000002
[Epoch   77] Loss: 0.608 Acc: 80.000%,  Current learning rate is: 0.0010000000000000002
evaluation ...
Test acc: 83.20
filename ::  model_ckpt.tar
[Epoch   78] Loss: 0.434 Acc: 88.000%,  Current learning rate is: 0.0010000000000000002
[Epoch   78] Loss: 0.412 Acc: 84.000%,  Current learning rate is: 0.0010000000000000002
[Epoch   78] Loss: 0.330 Acc: 84.000%,  Current learning rate is: 0.0010000000000000002
[Epoch   78] Loss: 0.595 Acc: 72.000%,  Current learning rate is: 0.0010000000000000002
evaluation ...
Test acc: 83.17
filename ::  model_ckpt.tar
[Epoch   79] Loss: 0.372 Acc: 88.000%,  Current learning rate is: 0.0010000000000000002
[Epoch   79] Loss: 0.373 Acc: 96.000%,  Current learning rate is: 0.0010000000000000002
[Epoch   79] Loss: 0.493 Acc: 84.000%,  Current learning rate is: 0.0010000000000000002
[Epoch   79] Loss: 0.309 Acc: 92.000%,  Current learning rate is: 0.0010000000000000002
evaluation ...
Test acc: 83.07
filename ::  model_ckpt.tar
[Epoch   80] Loss: 0.817 Acc: 80.000%,  Current learning rate is: 0.0010000000000000002
[Epoch   80] Loss: 0.378 Acc: 84.000%,  Current learning rate is: 0.0010000000000000002
[Epoch   80] Loss: 0.480 Acc: 84.000%,  Current learning rate is: 0.0010000000000000002
[Epoch   80] Loss: 0.559 Acc: 80.000%,  Current learning rate is: 0.0010000000000000002
evaluation ...
Test acc: 82.79
filename ::  model_ckpt.tar
[Epoch   81] Loss: 0.509 Acc: 84.000%,  Current learning rate is: 0.0010000000000000002
[Epoch   81] Loss: 0.514 Acc: 76.000%,  Current learning rate is: 0.0010000000000000002
[Epoch   81] Loss: 0.495 Acc: 84.000%,  Current learning rate is: 0.0010000000000000002
[Epoch   81] Loss: 0.407 Acc: 80.000%,  Current learning rate is: 0.0010000000000000002
evaluation ...
Test acc: 83.19
filename ::  model_ckpt.tar
[Epoch   82] Loss: 0.546 Acc: 72.000%,  Current learning rate is: 0.0010000000000000002
[Epoch   82] Loss: 0.301 Acc: 84.000%,  Current learning rate is: 0.0010000000000000002
[Epoch   82] Loss: 0.434 Acc: 84.000%,  Current learning rate is: 0.0010000000000000002
[Epoch   82] Loss: 0.326 Acc: 84.000%,  Current learning rate is: 0.0010000000000000002
evaluation ...
Test acc: 82.86
filename ::  model_ckpt.tar
[Epoch   83] Loss: 0.521 Acc: 84.000%,  Current learning rate is: 0.0010000000000000002
[Epoch   83] Loss: 0.369 Acc: 88.000%,  Current learning rate is: 0.0010000000000000002
[Epoch   83] Loss: 0.265 Acc: 88.000%,  Current learning rate is: 0.0010000000000000002
[Epoch   83] Loss: 0.521 Acc: 88.000%,  Current learning rate is: 0.0010000000000000002
evaluation ...
Test acc: 82.95
filename ::  model_ckpt.tar
[Epoch   84] Loss: 0.358 Acc: 92.000%,  Current learning rate is: 0.0010000000000000002
[Epoch   84] Loss: 0.495 Acc: 84.000%,  Current learning rate is: 0.0010000000000000002
[Epoch   84] Loss: 0.422 Acc: 84.000%,  Current learning rate is: 0.0010000000000000002
[Epoch   84] Loss: 0.306 Acc: 84.000%,  Current learning rate is: 0.0010000000000000002
evaluation ...
Test acc: 82.70
filename ::  model_ckpt.tar
[Epoch   85] Loss: 0.388 Acc: 84.000%,  Current learning rate is: 0.0010000000000000002
[Epoch   85] Loss: 0.309 Acc: 88.000%,  Current learning rate is: 0.0010000000000000002
[Epoch   85] Loss: 0.301 Acc: 84.000%,  Current learning rate is: 0.0010000000000000002
[Epoch   85] Loss: 0.568 Acc: 88.000%,  Current learning rate is: 0.0010000000000000002
evaluation ...
Test acc: 82.52
filename ::  model_ckpt.tar
[Epoch   86] Loss: 0.240 Acc: 84.000%,  Current learning rate is: 0.0010000000000000002
[Epoch   86] Loss: 0.494 Acc: 76.000%,  Current learning rate is: 0.0010000000000000002
[Epoch   86] Loss: 0.697 Acc: 76.000%,  Current learning rate is: 0.0010000000000000002
[Epoch   86] Loss: 0.266 Acc: 92.000%,  Current learning rate is: 0.0010000000000000002
evaluation ...
Test acc: 83.31
printing best accuracy so far83.31
filename ::  model_ckpt.tar
best Model Saving ...
[Epoch   87] Loss: 0.780 Acc: 72.000%,  Current learning rate is: 0.0010000000000000002
[Epoch   87] Loss: 0.324 Acc: 96.000%,  Current learning rate is: 0.0010000000000000002
[Epoch   87] Loss: 0.321 Acc: 92.000%,  Current learning rate is: 0.0010000000000000002
[Epoch   87] Loss: 0.548 Acc: 76.000%,  Current learning rate is: 0.0010000000000000002
evaluation ...
Test acc: 83.72
printing best accuracy so far83.72
filename ::  model_ckpt.tar
best Model Saving ...
[Epoch   88] Loss: 0.412 Acc: 84.000%,  Current learning rate is: 0.0010000000000000002
[Epoch   88] Loss: 0.474 Acc: 84.000%,  Current learning rate is: 0.0010000000000000002
[Epoch   88] Loss: 0.224 Acc: 92.000%,  Current learning rate is: 0.0010000000000000002
[Epoch   88] Loss: 0.395 Acc: 84.000%,  Current learning rate is: 0.0010000000000000002
evaluation ...
Test acc: 83.76
printing best accuracy so far83.76
filename ::  model_ckpt.tar
best Model Saving ...
[Epoch   89] Loss: 0.281 Acc: 92.000%,  Current learning rate is: 0.0010000000000000002
[Epoch   89] Loss: 0.382 Acc: 88.000%,  Current learning rate is: 0.0010000000000000002
[Epoch   89] Loss: 0.300 Acc: 84.000%,  Current learning rate is: 0.0010000000000000002
[Epoch   89] Loss: 0.222 Acc: 96.000%,  Current learning rate is: 0.0010000000000000002
evaluation ...
Test acc: 82.98
filename ::  model_ckpt.tar
[Epoch   90] Loss: 0.251 Acc: 84.000%,  Current learning rate is: 0.00010000000000000003
[Epoch   90] Loss: 0.343 Acc: 96.000%,  Current learning rate is: 0.00010000000000000003
[Epoch   90] Loss: 0.438 Acc: 84.000%,  Current learning rate is: 0.00010000000000000003
[Epoch   90] Loss: 0.473 Acc: 80.000%,  Current learning rate is: 0.00010000000000000003
evaluation ...
Test acc: 84.76
printing best accuracy so far84.76
filename ::  model_ckpt.tar
best Model Saving ...
[Epoch   91] Loss: 0.306 Acc: 88.000%,  Current learning rate is: 0.00010000000000000003
[Epoch   91] Loss: 0.340 Acc: 84.000%,  Current learning rate is: 0.00010000000000000003
[Epoch   91] Loss: 0.498 Acc: 84.000%,  Current learning rate is: 0.00010000000000000003
[Epoch   91] Loss: 0.149 Acc: 96.000%,  Current learning rate is: 0.00010000000000000003
evaluation ...
Test acc: 84.72
filename ::  model_ckpt.tar
[Epoch   92] Loss: 0.320 Acc: 92.000%,  Current learning rate is: 0.00010000000000000003
[Epoch   92] Loss: 0.344 Acc: 88.000%,  Current learning rate is: 0.00010000000000000003
[Epoch   92] Loss: 0.429 Acc: 84.000%,  Current learning rate is: 0.00010000000000000003
[Epoch   92] Loss: 0.191 Acc: 92.000%,  Current learning rate is: 0.00010000000000000003
evaluation ...
Test acc: 85.14
printing best accuracy so far85.14
filename ::  model_ckpt.tar
best Model Saving ...
[Epoch   93] Loss: 0.196 Acc: 96.000%,  Current learning rate is: 0.00010000000000000003
[Epoch   93] Loss: 0.563 Acc: 80.000%,  Current learning rate is: 0.00010000000000000003
[Epoch   93] Loss: 0.307 Acc: 88.000%,  Current learning rate is: 0.00010000000000000003
[Epoch   93] Loss: 0.781 Acc: 68.000%,  Current learning rate is: 0.00010000000000000003
evaluation ...
Test acc: 84.86
filename ::  model_ckpt.tar
[Epoch   94] Loss: 0.158 Acc: 96.000%,  Current learning rate is: 0.00010000000000000003
[Epoch   94] Loss: 0.464 Acc: 80.000%,  Current learning rate is: 0.00010000000000000003
[Epoch   94] Loss: 0.318 Acc: 92.000%,  Current learning rate is: 0.00010000000000000003
[Epoch   94] Loss: 0.264 Acc: 92.000%,  Current learning rate is: 0.00010000000000000003
evaluation ...
Test acc: 84.90
filename ::  model_ckpt.tar
[Epoch   95] Loss: 0.371 Acc: 88.000%,  Current learning rate is: 0.00010000000000000003
[Epoch   95] Loss: 0.548 Acc: 80.000%,  Current learning rate is: 0.00010000000000000003
[Epoch   95] Loss: 0.387 Acc: 88.000%,  Current learning rate is: 0.00010000000000000003
[Epoch   95] Loss: 0.415 Acc: 84.000%,  Current learning rate is: 0.00010000000000000003
evaluation ...
Test acc: 84.91
filename ::  model_ckpt.tar
[Epoch   96] Loss: 0.278 Acc: 92.000%,  Current learning rate is: 0.00010000000000000003
[Epoch   96] Loss: 0.610 Acc: 72.000%,  Current learning rate is: 0.00010000000000000003
[Epoch   96] Loss: 0.470 Acc: 84.000%,  Current learning rate is: 0.00010000000000000003
[Epoch   96] Loss: 0.377 Acc: 92.000%,  Current learning rate is: 0.00010000000000000003
evaluation ...
Test acc: 84.90
filename ::  model_ckpt.tar
[Epoch   97] Loss: 0.253 Acc: 88.000%,  Current learning rate is: 0.00010000000000000003
[Epoch   97] Loss: 0.357 Acc: 88.000%,  Current learning rate is: 0.00010000000000000003
[Epoch   97] Loss: 0.349 Acc: 88.000%,  Current learning rate is: 0.00010000000000000003
[Epoch   97] Loss: 0.097 Acc: 96.000%,  Current learning rate is: 0.00010000000000000003
evaluation ...
Test acc: 84.87
filename ::  model_ckpt.tar
[Epoch   98] Loss: 0.489 Acc: 88.000%,  Current learning rate is: 0.00010000000000000003
[Epoch   98] Loss: 0.381 Acc: 88.000%,  Current learning rate is: 0.00010000000000000003
[Epoch   98] Loss: 0.466 Acc: 76.000%,  Current learning rate is: 0.00010000000000000003
[Epoch   98] Loss: 0.419 Acc: 84.000%,  Current learning rate is: 0.00010000000000000003
evaluation ...
Test acc: 85.06
filename ::  model_ckpt.tar
[Epoch   99] Loss: 0.622 Acc: 80.000%,  Current learning rate is: 0.00010000000000000003
[Epoch   99] Loss: 0.478 Acc: 84.000%,  Current learning rate is: 0.00010000000000000003
[Epoch   99] Loss: 0.758 Acc: 76.000%,  Current learning rate is: 0.00010000000000000003
[Epoch   99] Loss: 0.280 Acc: 92.000%,  Current learning rate is: 0.00010000000000000003
evaluation ...
Test acc: 84.84
filename ::  model_ckpt.tar
[Epoch  100] Loss: 0.324 Acc: 96.000%,  Current learning rate is: 0.00010000000000000003
[Epoch  100] Loss: 0.286 Acc: 88.000%,  Current learning rate is: 0.00010000000000000003
[Epoch  100] Loss: 0.231 Acc: 92.000%,  Current learning rate is: 0.00010000000000000003
[Epoch  100] Loss: 0.217 Acc: 92.000%,  Current learning rate is: 0.00010000000000000003
evaluation ...
Test acc: 84.67
filename ::  model_ckpt.tar
