Files already downloaded and verified
Files already downloaded and verified
img_size: 32, num_classes: 10, stem: True
Running Resnet50
Number of model parameters:  25557032
[Epoch    1] Loss: 2.442 Acc: 4.000%,  Current learning rate is: 0.1
[Epoch    1] Loss: 2.253 Acc: 8.000%,  Current learning rate is: 0.1
[Epoch    1] Loss: 2.059 Acc: 32.000%,  Current learning rate is: 0.1
[Epoch    1] Loss: 2.291 Acc: 4.000%,  Current learning rate is: 0.1
evaluation ...
Test acc: 19.10
printing best accuracy so far19.1
filename ::  model_ckpt.tar
best Model Saving ...
[Epoch    2] Loss: 2.108 Acc: 16.000%,  Current learning rate is: 0.1
[Epoch    2] Loss: 2.072 Acc: 32.000%,  Current learning rate is: 0.1
[Epoch    2] Loss: 2.265 Acc: 12.000%,  Current learning rate is: 0.1
[Epoch    2] Loss: 2.126 Acc: 12.000%,  Current learning rate is: 0.1
evaluation ...
Test acc: 29.10
printing best accuracy so far29.1
filename ::  model_ckpt.tar
best Model Saving ...
[Epoch    3] Loss: 2.179 Acc: 20.000%,  Current learning rate is: 0.1
[Epoch    3] Loss: 1.988 Acc: 32.000%,  Current learning rate is: 0.1
[Epoch    3] Loss: 1.767 Acc: 36.000%,  Current learning rate is: 0.1
[Epoch    3] Loss: 1.545 Acc: 40.000%,  Current learning rate is: 0.1
evaluation ...
Test acc: 37.05
printing best accuracy so far37.05
filename ::  model_ckpt.tar
best Model Saving ...
[Epoch    4] Loss: 1.906 Acc: 24.000%,  Current learning rate is: 0.1
[Epoch    4] Loss: 1.873 Acc: 24.000%,  Current learning rate is: 0.1
[Epoch    4] Loss: 1.619 Acc: 36.000%,  Current learning rate is: 0.1
[Epoch    4] Loss: 1.810 Acc: 32.000%,  Current learning rate is: 0.1
evaluation ...
Test acc: 38.33
printing best accuracy so far38.33
filename ::  model_ckpt.tar
best Model Saving ...
[Epoch    5] Loss: 1.263 Acc: 72.000%,  Current learning rate is: 0.1
[Epoch    5] Loss: 1.611 Acc: 40.000%,  Current learning rate is: 0.1
[Epoch    5] Loss: 1.643 Acc: 32.000%,  Current learning rate is: 0.1
[Epoch    5] Loss: 1.932 Acc: 24.000%,  Current learning rate is: 0.1
evaluation ...
Test acc: 34.21
filename ::  model_ckpt.tar
[Epoch    6] Loss: 2.162 Acc: 24.000%,  Current learning rate is: 0.1
[Epoch    6] Loss: 2.083 Acc: 24.000%,  Current learning rate is: 0.1
[Epoch    6] Loss: 2.134 Acc: 28.000%,  Current learning rate is: 0.1
[Epoch    6] Loss: 2.298 Acc: 28.000%,  Current learning rate is: 0.1
evaluation ...
Test acc: 40.13
printing best accuracy so far40.13
filename ::  model_ckpt.tar
best Model Saving ...
[Epoch    7] Loss: 1.809 Acc: 24.000%,  Current learning rate is: 0.1
[Epoch    7] Loss: 1.706 Acc: 28.000%,  Current learning rate is: 0.1
[Epoch    7] Loss: 2.240 Acc: 12.000%,  Current learning rate is: 0.1
[Epoch    7] Loss: 2.111 Acc: 24.000%,  Current learning rate is: 0.1
evaluation ...
Test acc: 39.38
filename ::  model_ckpt.tar
[Epoch    8] Loss: 1.486 Acc: 52.000%,  Current learning rate is: 0.1
[Epoch    8] Loss: 1.770 Acc: 24.000%,  Current learning rate is: 0.1
[Epoch    8] Loss: 1.633 Acc: 36.000%,  Current learning rate is: 0.1
[Epoch    8] Loss: 1.921 Acc: 28.000%,  Current learning rate is: 0.1
evaluation ...
Test acc: 38.55
filename ::  model_ckpt.tar
[Epoch    9] Loss: 1.400 Acc: 52.000%,  Current learning rate is: 0.1
[Epoch    9] Loss: 1.951 Acc: 32.000%,  Current learning rate is: 0.1
[Epoch    9] Loss: 2.263 Acc: 16.000%,  Current learning rate is: 0.1
[Epoch    9] Loss: 1.817 Acc: 32.000%,  Current learning rate is: 0.1
evaluation ...
Test acc: 36.76
filename ::  model_ckpt.tar
[Epoch   10] Loss: 1.476 Acc: 48.000%,  Current learning rate is: 0.1
[Epoch   10] Loss: 1.947 Acc: 32.000%,  Current learning rate is: 0.1
[Epoch   10] Loss: 1.767 Acc: 28.000%,  Current learning rate is: 0.1
[Epoch   10] Loss: 1.637 Acc: 52.000%,  Current learning rate is: 0.1
evaluation ...
Test acc: 40.72
printing best accuracy so far40.72
filename ::  model_ckpt.tar
best Model Saving ...
[Epoch   11] Loss: 1.959 Acc: 24.000%,  Current learning rate is: 0.1
[Epoch   11] Loss: 2.145 Acc: 16.000%,  Current learning rate is: 0.1
[Epoch   11] Loss: 1.789 Acc: 36.000%,  Current learning rate is: 0.1
[Epoch   11] Loss: 1.604 Acc: 36.000%,  Current learning rate is: 0.1
evaluation ...
Test acc: 39.07
filename ::  model_ckpt.tar
[Epoch   12] Loss: 1.232 Acc: 60.000%,  Current learning rate is: 0.1
[Epoch   12] Loss: 2.006 Acc: 28.000%,  Current learning rate is: 0.1
[Epoch   12] Loss: 1.466 Acc: 48.000%,  Current learning rate is: 0.1
[Epoch   12] Loss: 1.642 Acc: 36.000%,  Current learning rate is: 0.1
evaluation ...
Test acc: 41.15
printing best accuracy so far41.15
filename ::  model_ckpt.tar
best Model Saving ...
[Epoch   13] Loss: 1.909 Acc: 28.000%,  Current learning rate is: 0.1
[Epoch   13] Loss: 1.711 Acc: 44.000%,  Current learning rate is: 0.1
[Epoch   13] Loss: 1.877 Acc: 32.000%,  Current learning rate is: 0.1
[Epoch   13] Loss: 1.601 Acc: 36.000%,  Current learning rate is: 0.1
evaluation ...
Test acc: 39.68
filename ::  model_ckpt.tar
[Epoch   14] Loss: 1.783 Acc: 40.000%,  Current learning rate is: 0.1
[Epoch   14] Loss: 2.052 Acc: 28.000%,  Current learning rate is: 0.1
[Epoch   14] Loss: 2.063 Acc: 36.000%,  Current learning rate is: 0.1
[Epoch   14] Loss: 1.753 Acc: 40.000%,  Current learning rate is: 0.1
evaluation ...
Test acc: 40.54
filename ::  model_ckpt.tar
[Epoch   15] Loss: 1.912 Acc: 32.000%,  Current learning rate is: 0.1
[Epoch   15] Loss: 1.402 Acc: 44.000%,  Current learning rate is: 0.1
[Epoch   15] Loss: 1.660 Acc: 52.000%,  Current learning rate is: 0.1
[Epoch   15] Loss: 1.636 Acc: 36.000%,  Current learning rate is: 0.1
evaluation ...
Test acc: 36.38
filename ::  model_ckpt.tar
[Epoch   16] Loss: 1.742 Acc: 44.000%,  Current learning rate is: 0.1
[Epoch   16] Loss: 1.554 Acc: 40.000%,  Current learning rate is: 0.1
[Epoch   16] Loss: 1.353 Acc: 48.000%,  Current learning rate is: 0.1
[Epoch   16] Loss: 1.601 Acc: 36.000%,  Current learning rate is: 0.1
evaluation ...
Test acc: 46.97
printing best accuracy so far46.97
filename ::  model_ckpt.tar
best Model Saving ...
[Epoch   17] Loss: 1.898 Acc: 36.000%,  Current learning rate is: 0.1
[Epoch   17] Loss: 1.543 Acc: 36.000%,  Current learning rate is: 0.1
[Epoch   17] Loss: 1.421 Acc: 52.000%,  Current learning rate is: 0.1
[Epoch   17] Loss: 1.655 Acc: 40.000%,  Current learning rate is: 0.1
evaluation ...
Test acc: 45.59
filename ::  model_ckpt.tar
[Epoch   18] Loss: 1.424 Acc: 52.000%,  Current learning rate is: 0.1
[Epoch   18] Loss: 1.692 Acc: 36.000%,  Current learning rate is: 0.1
[Epoch   18] Loss: 1.454 Acc: 48.000%,  Current learning rate is: 0.1
[Epoch   18] Loss: 1.619 Acc: 32.000%,  Current learning rate is: 0.1
evaluation ...
Test acc: 45.39
filename ::  model_ckpt.tar
[Epoch   19] Loss: 1.824 Acc: 32.000%,  Current learning rate is: 0.1
[Epoch   19] Loss: 1.947 Acc: 28.000%,  Current learning rate is: 0.1
[Epoch   19] Loss: 1.324 Acc: 40.000%,  Current learning rate is: 0.1
[Epoch   19] Loss: 1.698 Acc: 36.000%,  Current learning rate is: 0.1
evaluation ...
Test acc: 35.32
filename ::  model_ckpt.tar
[Epoch   20] Loss: 1.287 Acc: 52.000%,  Current learning rate is: 0.1
[Epoch   20] Loss: 1.524 Acc: 44.000%,  Current learning rate is: 0.1
[Epoch   20] Loss: 1.732 Acc: 52.000%,  Current learning rate is: 0.1
[Epoch   20] Loss: 1.412 Acc: 36.000%,  Current learning rate is: 0.1
evaluation ...
Test acc: 37.11
filename ::  model_ckpt.tar
[Epoch   21] Loss: 2.118 Acc: 36.000%,  Current learning rate is: 0.1
[Epoch   21] Loss: 1.386 Acc: 52.000%,  Current learning rate is: 0.1
[Epoch   21] Loss: 1.446 Acc: 48.000%,  Current learning rate is: 0.1
[Epoch   21] Loss: 1.536 Acc: 40.000%,  Current learning rate is: 0.1
evaluation ...
Test acc: 45.02
filename ::  model_ckpt.tar
[Epoch   22] Loss: 1.917 Acc: 32.000%,  Current learning rate is: 0.1
[Epoch   22] Loss: 1.349 Acc: 48.000%,  Current learning rate is: 0.1
[Epoch   22] Loss: 1.839 Acc: 36.000%,  Current learning rate is: 0.1
[Epoch   22] Loss: 1.874 Acc: 40.000%,  Current learning rate is: 0.1
evaluation ...
Test acc: 37.57
filename ::  model_ckpt.tar
[Epoch   23] Loss: 1.814 Acc: 32.000%,  Current learning rate is: 0.1
[Epoch   23] Loss: 2.184 Acc: 40.000%,  Current learning rate is: 0.1
[Epoch   23] Loss: 1.600 Acc: 36.000%,  Current learning rate is: 0.1
[Epoch   23] Loss: 1.874 Acc: 28.000%,  Current learning rate is: 0.1
evaluation ...
Test acc: 43.54
filename ::  model_ckpt.tar
[Epoch   24] Loss: 1.826 Acc: 36.000%,  Current learning rate is: 0.1
[Epoch   24] Loss: 1.579 Acc: 36.000%,  Current learning rate is: 0.1
[Epoch   24] Loss: 1.551 Acc: 48.000%,  Current learning rate is: 0.1
[Epoch   24] Loss: 2.061 Acc: 36.000%,  Current learning rate is: 0.1
evaluation ...
Test acc: 47.31
printing best accuracy so far47.31
filename ::  model_ckpt.tar
best Model Saving ...
[Epoch   25] Loss: 1.895 Acc: 44.000%,  Current learning rate is: 0.1
[Epoch   25] Loss: 1.533 Acc: 56.000%,  Current learning rate is: 0.1
[Epoch   25] Loss: 1.789 Acc: 36.000%,  Current learning rate is: 0.1
[Epoch   25] Loss: 1.584 Acc: 48.000%,  Current learning rate is: 0.1
evaluation ...
Test acc: 52.74
printing best accuracy so far52.74
filename ::  model_ckpt.tar
best Model Saving ...
[Epoch   26] Loss: 1.860 Acc: 36.000%,  Current learning rate is: 0.1
[Epoch   26] Loss: 1.450 Acc: 56.000%,  Current learning rate is: 0.1
[Epoch   26] Loss: 1.417 Acc: 60.000%,  Current learning rate is: 0.1
[Epoch   26] Loss: 1.339 Acc: 52.000%,  Current learning rate is: 0.1
evaluation ...
Test acc: 34.63
filename ::  model_ckpt.tar
[Epoch   27] Loss: 1.186 Acc: 48.000%,  Current learning rate is: 0.1
[Epoch   27] Loss: 1.856 Acc: 52.000%,  Current learning rate is: 0.1
[Epoch   27] Loss: 1.927 Acc: 48.000%,  Current learning rate is: 0.1
[Epoch   27] Loss: 1.748 Acc: 36.000%,  Current learning rate is: 0.1
evaluation ...
Test acc: 49.98
filename ::  model_ckpt.tar
[Epoch   28] Loss: 1.735 Acc: 32.000%,  Current learning rate is: 0.1
[Epoch   28] Loss: 1.634 Acc: 32.000%,  Current learning rate is: 0.1
[Epoch   28] Loss: 1.336 Acc: 60.000%,  Current learning rate is: 0.1
[Epoch   28] Loss: 1.459 Acc: 44.000%,  Current learning rate is: 0.1
evaluation ...
Test acc: 45.84
filename ::  model_ckpt.tar
[Epoch   29] Loss: 2.414 Acc: 36.000%,  Current learning rate is: 0.1
[Epoch   29] Loss: 1.562 Acc: 44.000%,  Current learning rate is: 0.1
[Epoch   29] Loss: 1.700 Acc: 28.000%,  Current learning rate is: 0.1
[Epoch   29] Loss: 1.770 Acc: 32.000%,  Current learning rate is: 0.1
evaluation ...
Test acc: 46.51
filename ::  model_ckpt.tar
[Epoch   30] Loss: 1.407 Acc: 44.000%,  Current learning rate is: 0.010000000000000002
[Epoch   30] Loss: 2.035 Acc: 32.000%,  Current learning rate is: 0.010000000000000002
[Epoch   30] Loss: 1.541 Acc: 56.000%,  Current learning rate is: 0.010000000000000002
[Epoch   30] Loss: 0.881 Acc: 68.000%,  Current learning rate is: 0.010000000000000002
evaluation ...
Test acc: 62.75
printing best accuracy so far62.75
filename ::  model_ckpt.tar
best Model Saving ...
[Epoch   31] Loss: 1.066 Acc: 56.000%,  Current learning rate is: 0.010000000000000002
[Epoch   31] Loss: 0.955 Acc: 64.000%,  Current learning rate is: 0.010000000000000002
[Epoch   31] Loss: 0.961 Acc: 64.000%,  Current learning rate is: 0.010000000000000002
[Epoch   31] Loss: 1.197 Acc: 52.000%,  Current learning rate is: 0.010000000000000002
evaluation ...
Test acc: 63.29
printing best accuracy so far63.29
filename ::  model_ckpt.tar
best Model Saving ...
[Epoch   32] Loss: 1.012 Acc: 64.000%,  Current learning rate is: 0.010000000000000002
[Epoch   32] Loss: 0.845 Acc: 72.000%,  Current learning rate is: 0.010000000000000002
[Epoch   32] Loss: 1.099 Acc: 52.000%,  Current learning rate is: 0.010000000000000002
[Epoch   32] Loss: 1.249 Acc: 60.000%,  Current learning rate is: 0.010000000000000002
evaluation ...
Test acc: 66.93
printing best accuracy so far66.93
filename ::  model_ckpt.tar
best Model Saving ...
[Epoch   33] Loss: 1.201 Acc: 52.000%,  Current learning rate is: 0.010000000000000002
[Epoch   33] Loss: 1.344 Acc: 48.000%,  Current learning rate is: 0.010000000000000002
[Epoch   33] Loss: 1.084 Acc: 64.000%,  Current learning rate is: 0.010000000000000002
[Epoch   33] Loss: 0.757 Acc: 76.000%,  Current learning rate is: 0.010000000000000002
evaluation ...
Test acc: 66.57
filename ::  model_ckpt.tar
[Epoch   34] Loss: 0.866 Acc: 68.000%,  Current learning rate is: 0.010000000000000002
[Epoch   34] Loss: 1.162 Acc: 68.000%,  Current learning rate is: 0.010000000000000002
[Epoch   34] Loss: 0.590 Acc: 76.000%,  Current learning rate is: 0.010000000000000002
[Epoch   34] Loss: 1.158 Acc: 60.000%,  Current learning rate is: 0.010000000000000002
evaluation ...
Test acc: 67.60
printing best accuracy so far67.6
filename ::  model_ckpt.tar
best Model Saving ...
[Epoch   35] Loss: 1.115 Acc: 68.000%,  Current learning rate is: 0.010000000000000002
[Epoch   35] Loss: 0.917 Acc: 76.000%,  Current learning rate is: 0.010000000000000002
[Epoch   35] Loss: 1.319 Acc: 56.000%,  Current learning rate is: 0.010000000000000002
[Epoch   35] Loss: 1.032 Acc: 68.000%,  Current learning rate is: 0.010000000000000002
evaluation ...
Test acc: 67.81
printing best accuracy so far67.81
filename ::  model_ckpt.tar
best Model Saving ...
[Epoch   36] Loss: 1.116 Acc: 56.000%,  Current learning rate is: 0.010000000000000002
[Epoch   36] Loss: 1.177 Acc: 60.000%,  Current learning rate is: 0.010000000000000002
[Epoch   36] Loss: 1.021 Acc: 68.000%,  Current learning rate is: 0.010000000000000002
[Epoch   36] Loss: 0.557 Acc: 80.000%,  Current learning rate is: 0.010000000000000002
evaluation ...
Test acc: 69.43
printing best accuracy so far69.43
filename ::  model_ckpt.tar
best Model Saving ...
[Epoch   37] Loss: 0.521 Acc: 88.000%,  Current learning rate is: 0.010000000000000002
[Epoch   37] Loss: 0.956 Acc: 64.000%,  Current learning rate is: 0.010000000000000002
[Epoch   37] Loss: 0.788 Acc: 80.000%,  Current learning rate is: 0.010000000000000002
[Epoch   37] Loss: 0.910 Acc: 68.000%,  Current learning rate is: 0.010000000000000002
evaluation ...
Test acc: 68.66
filename ::  model_ckpt.tar
[Epoch   38] Loss: 1.567 Acc: 60.000%,  Current learning rate is: 0.010000000000000002
[Epoch   38] Loss: 1.378 Acc: 60.000%,  Current learning rate is: 0.010000000000000002
[Epoch   38] Loss: 0.994 Acc: 68.000%,  Current learning rate is: 0.010000000000000002
[Epoch   38] Loss: 1.020 Acc: 44.000%,  Current learning rate is: 0.010000000000000002
evaluation ...
Test acc: 71.17
printing best accuracy so far71.17
filename ::  model_ckpt.tar
best Model Saving ...
[Epoch   39] Loss: 1.033 Acc: 60.000%,  Current learning rate is: 0.010000000000000002
[Epoch   39] Loss: 1.207 Acc: 56.000%,  Current learning rate is: 0.010000000000000002
[Epoch   39] Loss: 0.856 Acc: 64.000%,  Current learning rate is: 0.010000000000000002
[Epoch   39] Loss: 1.238 Acc: 56.000%,  Current learning rate is: 0.010000000000000002
evaluation ...
Test acc: 69.83
filename ::  model_ckpt.tar
[Epoch   40] Loss: 0.905 Acc: 72.000%,  Current learning rate is: 0.010000000000000002
[Epoch   40] Loss: 1.096 Acc: 60.000%,  Current learning rate is: 0.010000000000000002
[Epoch   40] Loss: 0.988 Acc: 76.000%,  Current learning rate is: 0.010000000000000002
[Epoch   40] Loss: 1.015 Acc: 68.000%,  Current learning rate is: 0.010000000000000002
evaluation ...
Test acc: 70.68
filename ::  model_ckpt.tar
[Epoch   41] Loss: 1.000 Acc: 64.000%,  Current learning rate is: 0.010000000000000002
[Epoch   41] Loss: 1.035 Acc: 68.000%,  Current learning rate is: 0.010000000000000002
[Epoch   41] Loss: 0.766 Acc: 76.000%,  Current learning rate is: 0.010000000000000002
[Epoch   41] Loss: 0.693 Acc: 76.000%,  Current learning rate is: 0.010000000000000002
evaluation ...
Test acc: 72.47
printing best accuracy so far72.47
filename ::  model_ckpt.tar
best Model Saving ...
[Epoch   42] Loss: 0.560 Acc: 76.000%,  Current learning rate is: 0.010000000000000002
[Epoch   42] Loss: 0.789 Acc: 64.000%,  Current learning rate is: 0.010000000000000002
[Epoch   42] Loss: 0.858 Acc: 72.000%,  Current learning rate is: 0.010000000000000002
[Epoch   42] Loss: 0.695 Acc: 84.000%,  Current learning rate is: 0.010000000000000002
evaluation ...
Test acc: 72.19
filename ::  model_ckpt.tar
[Epoch   43] Loss: 0.563 Acc: 76.000%,  Current learning rate is: 0.010000000000000002
[Epoch   43] Loss: 1.527 Acc: 52.000%,  Current learning rate is: 0.010000000000000002
[Epoch   43] Loss: 1.432 Acc: 48.000%,  Current learning rate is: 0.010000000000000002
[Epoch   43] Loss: 0.943 Acc: 68.000%,  Current learning rate is: 0.010000000000000002
evaluation ...
Test acc: 73.14
printing best accuracy so far73.14
filename ::  model_ckpt.tar
best Model Saving ...
[Epoch   44] Loss: 0.746 Acc: 76.000%,  Current learning rate is: 0.010000000000000002
[Epoch   44] Loss: 1.194 Acc: 68.000%,  Current learning rate is: 0.010000000000000002
[Epoch   44] Loss: 1.078 Acc: 64.000%,  Current learning rate is: 0.010000000000000002
[Epoch   44] Loss: 0.658 Acc: 76.000%,  Current learning rate is: 0.010000000000000002
evaluation ...
Test acc: 73.54
printing best accuracy so far73.54
filename ::  model_ckpt.tar
best Model Saving ...
[Epoch   45] Loss: 0.632 Acc: 88.000%,  Current learning rate is: 0.010000000000000002
[Epoch   45] Loss: 0.573 Acc: 80.000%,  Current learning rate is: 0.010000000000000002
[Epoch   45] Loss: 0.735 Acc: 68.000%,  Current learning rate is: 0.010000000000000002
[Epoch   45] Loss: 0.598 Acc: 84.000%,  Current learning rate is: 0.010000000000000002
evaluation ...
Test acc: 72.09
filename ::  model_ckpt.tar
[Epoch   46] Loss: 0.836 Acc: 80.000%,  Current learning rate is: 0.010000000000000002
[Epoch   46] Loss: 1.108 Acc: 68.000%,  Current learning rate is: 0.010000000000000002
[Epoch   46] Loss: 0.855 Acc: 72.000%,  Current learning rate is: 0.010000000000000002
[Epoch   46] Loss: 0.948 Acc: 68.000%,  Current learning rate is: 0.010000000000000002
evaluation ...
Test acc: 72.45
filename ::  model_ckpt.tar
[Epoch   47] Loss: 0.859 Acc: 68.000%,  Current learning rate is: 0.010000000000000002
[Epoch   47] Loss: 0.850 Acc: 64.000%,  Current learning rate is: 0.010000000000000002
[Epoch   47] Loss: 1.303 Acc: 60.000%,  Current learning rate is: 0.010000000000000002
[Epoch   47] Loss: 0.701 Acc: 80.000%,  Current learning rate is: 0.010000000000000002
evaluation ...
Test acc: 73.39
filename ::  model_ckpt.tar
[Epoch   48] Loss: 1.070 Acc: 64.000%,  Current learning rate is: 0.010000000000000002
[Epoch   48] Loss: 0.869 Acc: 76.000%,  Current learning rate is: 0.010000000000000002
[Epoch   48] Loss: 0.402 Acc: 84.000%,  Current learning rate is: 0.010000000000000002
[Epoch   48] Loss: 1.433 Acc: 64.000%,  Current learning rate is: 0.010000000000000002
evaluation ...
Test acc: 71.97
filename ::  model_ckpt.tar
[Epoch   49] Loss: 0.792 Acc: 68.000%,  Current learning rate is: 0.010000000000000002
[Epoch   49] Loss: 0.486 Acc: 80.000%,  Current learning rate is: 0.010000000000000002
[Epoch   49] Loss: 0.785 Acc: 76.000%,  Current learning rate is: 0.010000000000000002
[Epoch   49] Loss: 0.841 Acc: 72.000%,  Current learning rate is: 0.010000000000000002
evaluation ...
Test acc: 73.39
filename ::  model_ckpt.tar
[Epoch   50] Loss: 0.685 Acc: 76.000%,  Current learning rate is: 0.010000000000000002
[Epoch   50] Loss: 0.682 Acc: 84.000%,  Current learning rate is: 0.010000000000000002
[Epoch   50] Loss: 0.607 Acc: 80.000%,  Current learning rate is: 0.010000000000000002
[Epoch   50] Loss: 0.739 Acc: 80.000%,  Current learning rate is: 0.010000000000000002
evaluation ...
Test acc: 72.38
filename ::  model_ckpt.tar
[Epoch   51] Loss: 1.011 Acc: 64.000%,  Current learning rate is: 0.010000000000000002
[Epoch   51] Loss: 0.753 Acc: 80.000%,  Current learning rate is: 0.010000000000000002
[Epoch   51] Loss: 0.963 Acc: 76.000%,  Current learning rate is: 0.010000000000000002
[Epoch   51] Loss: 1.314 Acc: 52.000%,  Current learning rate is: 0.010000000000000002
evaluation ...
Test acc: 72.99
filename ::  model_ckpt.tar
[Epoch   52] Loss: 0.832 Acc: 76.000%,  Current learning rate is: 0.010000000000000002
[Epoch   52] Loss: 0.855 Acc: 80.000%,  Current learning rate is: 0.010000000000000002
[Epoch   52] Loss: 1.089 Acc: 64.000%,  Current learning rate is: 0.010000000000000002
[Epoch   52] Loss: 0.407 Acc: 88.000%,  Current learning rate is: 0.010000000000000002
evaluation ...
Test acc: 74.02
printing best accuracy so far74.02
filename ::  model_ckpt.tar
best Model Saving ...
[Epoch   53] Loss: 0.540 Acc: 84.000%,  Current learning rate is: 0.010000000000000002
[Epoch   53] Loss: 1.420 Acc: 64.000%,  Current learning rate is: 0.010000000000000002
[Epoch   53] Loss: 0.736 Acc: 76.000%,  Current learning rate is: 0.010000000000000002
[Epoch   53] Loss: 0.674 Acc: 80.000%,  Current learning rate is: 0.010000000000000002
evaluation ...
Test acc: 76.30
printing best accuracy so far76.3
filename ::  model_ckpt.tar
best Model Saving ...
[Epoch   54] Loss: 0.830 Acc: 76.000%,  Current learning rate is: 0.010000000000000002
[Epoch   54] Loss: 1.559 Acc: 48.000%,  Current learning rate is: 0.010000000000000002
[Epoch   54] Loss: 0.881 Acc: 68.000%,  Current learning rate is: 0.010000000000000002
[Epoch   54] Loss: 0.587 Acc: 84.000%,  Current learning rate is: 0.010000000000000002
evaluation ...
Test acc: 74.07
filename ::  model_ckpt.tar
[Epoch   55] Loss: 0.983 Acc: 72.000%,  Current learning rate is: 0.010000000000000002
[Epoch   55] Loss: 1.034 Acc: 84.000%,  Current learning rate is: 0.010000000000000002
[Epoch   55] Loss: 0.499 Acc: 84.000%,  Current learning rate is: 0.010000000000000002
[Epoch   55] Loss: 1.054 Acc: 60.000%,  Current learning rate is: 0.010000000000000002
evaluation ...
Test acc: 72.70
filename ::  model_ckpt.tar
[Epoch   56] Loss: 0.538 Acc: 88.000%,  Current learning rate is: 0.010000000000000002
[Epoch   56] Loss: 1.260 Acc: 48.000%,  Current learning rate is: 0.010000000000000002
[Epoch   56] Loss: 0.827 Acc: 68.000%,  Current learning rate is: 0.010000000000000002
[Epoch   56] Loss: 0.601 Acc: 80.000%,  Current learning rate is: 0.010000000000000002
evaluation ...
Test acc: 76.55
printing best accuracy so far76.55
filename ::  model_ckpt.tar
best Model Saving ...
[Epoch   57] Loss: 0.444 Acc: 88.000%,  Current learning rate is: 0.010000000000000002
[Epoch   57] Loss: 0.623 Acc: 80.000%,  Current learning rate is: 0.010000000000000002
[Epoch   57] Loss: 1.141 Acc: 52.000%,  Current learning rate is: 0.010000000000000002
[Epoch   57] Loss: 0.673 Acc: 76.000%,  Current learning rate is: 0.010000000000000002
evaluation ...
Test acc: 76.07
filename ::  model_ckpt.tar
[Epoch   58] Loss: 0.605 Acc: 80.000%,  Current learning rate is: 0.010000000000000002
[Epoch   58] Loss: 0.559 Acc: 84.000%,  Current learning rate is: 0.010000000000000002
[Epoch   58] Loss: 0.702 Acc: 84.000%,  Current learning rate is: 0.010000000000000002
[Epoch   58] Loss: 0.716 Acc: 72.000%,  Current learning rate is: 0.010000000000000002
evaluation ...
Test acc: 76.55
filename ::  model_ckpt.tar
[Epoch   59] Loss: 0.706 Acc: 72.000%,  Current learning rate is: 0.010000000000000002
[Epoch   59] Loss: 0.741 Acc: 80.000%,  Current learning rate is: 0.010000000000000002
[Epoch   59] Loss: 1.356 Acc: 48.000%,  Current learning rate is: 0.010000000000000002
[Epoch   59] Loss: 0.583 Acc: 76.000%,  Current learning rate is: 0.010000000000000002
evaluation ...
Test acc: 75.92
filename ::  model_ckpt.tar
[Epoch   60] Loss: 0.647 Acc: 76.000%,  Current learning rate is: 0.0010000000000000002
[Epoch   60] Loss: 0.993 Acc: 72.000%,  Current learning rate is: 0.0010000000000000002
[Epoch   60] Loss: 0.578 Acc: 84.000%,  Current learning rate is: 0.0010000000000000002
[Epoch   60] Loss: 0.428 Acc: 84.000%,  Current learning rate is: 0.0010000000000000002
evaluation ...
Test acc: 80.78
printing best accuracy so far80.78
filename ::  model_ckpt.tar
best Model Saving ...
[Epoch   61] Loss: 0.793 Acc: 76.000%,  Current learning rate is: 0.0010000000000000002
[Epoch   61] Loss: 0.975 Acc: 68.000%,  Current learning rate is: 0.0010000000000000002
[Epoch   61] Loss: 0.634 Acc: 76.000%,  Current learning rate is: 0.0010000000000000002
[Epoch   61] Loss: 0.771 Acc: 68.000%,  Current learning rate is: 0.0010000000000000002
evaluation ...
Test acc: 81.73
printing best accuracy so far81.73
filename ::  model_ckpt.tar
best Model Saving ...
[Epoch   62] Loss: 0.304 Acc: 96.000%,  Current learning rate is: 0.0010000000000000002
[Epoch   62] Loss: 0.649 Acc: 80.000%,  Current learning rate is: 0.0010000000000000002
[Epoch   62] Loss: 0.323 Acc: 96.000%,  Current learning rate is: 0.0010000000000000002
[Epoch   62] Loss: 0.587 Acc: 84.000%,  Current learning rate is: 0.0010000000000000002
evaluation ...
Test acc: 81.85
printing best accuracy so far81.85
filename ::  model_ckpt.tar
best Model Saving ...
[Epoch   63] Loss: 0.408 Acc: 88.000%,  Current learning rate is: 0.0010000000000000002
[Epoch   63] Loss: 0.708 Acc: 80.000%,  Current learning rate is: 0.0010000000000000002
[Epoch   63] Loss: 0.619 Acc: 80.000%,  Current learning rate is: 0.0010000000000000002
[Epoch   63] Loss: 0.172 Acc: 92.000%,  Current learning rate is: 0.0010000000000000002
evaluation ...
Test acc: 82.92
printing best accuracy so far82.92
filename ::  model_ckpt.tar
best Model Saving ...
[Epoch   64] Loss: 0.515 Acc: 76.000%,  Current learning rate is: 0.0010000000000000002
[Epoch   64] Loss: 0.537 Acc: 84.000%,  Current learning rate is: 0.0010000000000000002
[Epoch   64] Loss: 0.479 Acc: 92.000%,  Current learning rate is: 0.0010000000000000002
[Epoch   64] Loss: 0.388 Acc: 88.000%,  Current learning rate is: 0.0010000000000000002
evaluation ...
Test acc: 82.56
filename ::  model_ckpt.tar
[Epoch   65] Loss: 0.302 Acc: 88.000%,  Current learning rate is: 0.0010000000000000002
[Epoch   65] Loss: 0.371 Acc: 88.000%,  Current learning rate is: 0.0010000000000000002
[Epoch   65] Loss: 0.691 Acc: 76.000%,  Current learning rate is: 0.0010000000000000002
[Epoch   65] Loss: 0.267 Acc: 96.000%,  Current learning rate is: 0.0010000000000000002
evaluation ...
Test acc: 82.65
filename ::  model_ckpt.tar
[Epoch   66] Loss: 0.345 Acc: 84.000%,  Current learning rate is: 0.0010000000000000002
[Epoch   66] Loss: 0.578 Acc: 80.000%,  Current learning rate is: 0.0010000000000000002
[Epoch   66] Loss: 0.270 Acc: 84.000%,  Current learning rate is: 0.0010000000000000002
[Epoch   66] Loss: 0.597 Acc: 84.000%,  Current learning rate is: 0.0010000000000000002
evaluation ...
Test acc: 83.08
printing best accuracy so far83.08
filename ::  model_ckpt.tar
best Model Saving ...
[Epoch   67] Loss: 0.143 Acc: 100.000%,  Current learning rate is: 0.0010000000000000002
[Epoch   67] Loss: 0.318 Acc: 84.000%,  Current learning rate is: 0.0010000000000000002
[Epoch   67] Loss: 0.411 Acc: 92.000%,  Current learning rate is: 0.0010000000000000002
[Epoch   67] Loss: 0.572 Acc: 84.000%,  Current learning rate is: 0.0010000000000000002
evaluation ...
Test acc: 83.26
printing best accuracy so far83.26
filename ::  model_ckpt.tar
best Model Saving ...
[Epoch   68] Loss: 0.370 Acc: 88.000%,  Current learning rate is: 0.0010000000000000002
[Epoch   68] Loss: 0.450 Acc: 88.000%,  Current learning rate is: 0.0010000000000000002
[Epoch   68] Loss: 0.613 Acc: 84.000%,  Current learning rate is: 0.0010000000000000002
[Epoch   68] Loss: 0.510 Acc: 84.000%,  Current learning rate is: 0.0010000000000000002
evaluation ...
Test acc: 83.62
printing best accuracy so far83.62
filename ::  model_ckpt.tar
best Model Saving ...
[Epoch   69] Loss: 0.673 Acc: 80.000%,  Current learning rate is: 0.0010000000000000002
[Epoch   69] Loss: 0.312 Acc: 96.000%,  Current learning rate is: 0.0010000000000000002
[Epoch   69] Loss: 1.006 Acc: 72.000%,  Current learning rate is: 0.0010000000000000002
[Epoch   69] Loss: 0.587 Acc: 80.000%,  Current learning rate is: 0.0010000000000000002
evaluation ...
Test acc: 83.48
filename ::  model_ckpt.tar
[Epoch   70] Loss: 0.192 Acc: 96.000%,  Current learning rate is: 0.0010000000000000002
[Epoch   70] Loss: 0.238 Acc: 92.000%,  Current learning rate is: 0.0010000000000000002
[Epoch   70] Loss: 0.419 Acc: 88.000%,  Current learning rate is: 0.0010000000000000002
[Epoch   70] Loss: 0.586 Acc: 80.000%,  Current learning rate is: 0.0010000000000000002
evaluation ...
Test acc: 83.24
filename ::  model_ckpt.tar
[Epoch   71] Loss: 0.713 Acc: 80.000%,  Current learning rate is: 0.0010000000000000002
[Epoch   71] Loss: 0.500 Acc: 88.000%,  Current learning rate is: 0.0010000000000000002
[Epoch   71] Loss: 0.845 Acc: 80.000%,  Current learning rate is: 0.0010000000000000002
[Epoch   71] Loss: 0.325 Acc: 96.000%,  Current learning rate is: 0.0010000000000000002
evaluation ...
Test acc: 83.53
filename ::  model_ckpt.tar
[Epoch   72] Loss: 0.531 Acc: 88.000%,  Current learning rate is: 0.0010000000000000002
[Epoch   72] Loss: 0.355 Acc: 88.000%,  Current learning rate is: 0.0010000000000000002
[Epoch   72] Loss: 0.321 Acc: 92.000%,  Current learning rate is: 0.0010000000000000002
[Epoch   72] Loss: 0.469 Acc: 76.000%,  Current learning rate is: 0.0010000000000000002
evaluation ...
Test acc: 83.54
filename ::  model_ckpt.tar
[Epoch   73] Loss: 0.324 Acc: 88.000%,  Current learning rate is: 0.0010000000000000002
[Epoch   73] Loss: 0.377 Acc: 88.000%,  Current learning rate is: 0.0010000000000000002
[Epoch   73] Loss: 0.738 Acc: 84.000%,  Current learning rate is: 0.0010000000000000002
[Epoch   73] Loss: 0.305 Acc: 96.000%,  Current learning rate is: 0.0010000000000000002
evaluation ...
Test acc: 83.37
filename ::  model_ckpt.tar
[Epoch   74] Loss: 0.647 Acc: 76.000%,  Current learning rate is: 0.0010000000000000002
[Epoch   74] Loss: 0.622 Acc: 80.000%,  Current learning rate is: 0.0010000000000000002
[Epoch   74] Loss: 0.359 Acc: 80.000%,  Current learning rate is: 0.0010000000000000002
[Epoch   74] Loss: 0.453 Acc: 88.000%,  Current learning rate is: 0.0010000000000000002
evaluation ...
Test acc: 83.81
printing best accuracy so far83.81
filename ::  model_ckpt.tar
best Model Saving ...
[Epoch   75] Loss: 0.410 Acc: 88.000%,  Current learning rate is: 0.0010000000000000002
[Epoch   75] Loss: 0.403 Acc: 80.000%,  Current learning rate is: 0.0010000000000000002
[Epoch   75] Loss: 0.326 Acc: 92.000%,  Current learning rate is: 0.0010000000000000002
[Epoch   75] Loss: 0.466 Acc: 84.000%,  Current learning rate is: 0.0010000000000000002
evaluation ...
Test acc: 83.70
filename ::  model_ckpt.tar
[Epoch   76] Loss: 0.952 Acc: 72.000%,  Current learning rate is: 0.0010000000000000002
[Epoch   76] Loss: 0.497 Acc: 88.000%,  Current learning rate is: 0.0010000000000000002
[Epoch   76] Loss: 0.391 Acc: 88.000%,  Current learning rate is: 0.0010000000000000002
[Epoch   76] Loss: 0.319 Acc: 84.000%,  Current learning rate is: 0.0010000000000000002
evaluation ...
Test acc: 83.37
filename ::  model_ckpt.tar
[Epoch   77] Loss: 0.320 Acc: 92.000%,  Current learning rate is: 0.0010000000000000002
[Epoch   77] Loss: 0.368 Acc: 92.000%,  Current learning rate is: 0.0010000000000000002
[Epoch   77] Loss: 0.365 Acc: 88.000%,  Current learning rate is: 0.0010000000000000002
[Epoch   77] Loss: 0.514 Acc: 80.000%,  Current learning rate is: 0.0010000000000000002
evaluation ...
Test acc: 83.93
printing best accuracy so far83.93
filename ::  model_ckpt.tar
best Model Saving ...
[Epoch   78] Loss: 0.190 Acc: 96.000%,  Current learning rate is: 0.0010000000000000002
[Epoch   78] Loss: 0.656 Acc: 72.000%,  Current learning rate is: 0.0010000000000000002
[Epoch   78] Loss: 0.422 Acc: 84.000%,  Current learning rate is: 0.0010000000000000002
[Epoch   78] Loss: 0.341 Acc: 88.000%,  Current learning rate is: 0.0010000000000000002
evaluation ...
Test acc: 84.14
printing best accuracy so far84.14
filename ::  model_ckpt.tar
best Model Saving ...
[Epoch   79] Loss: 0.451 Acc: 84.000%,  Current learning rate is: 0.0010000000000000002
[Epoch   79] Loss: 0.237 Acc: 92.000%,  Current learning rate is: 0.0010000000000000002
[Epoch   79] Loss: 0.473 Acc: 88.000%,  Current learning rate is: 0.0010000000000000002
[Epoch   79] Loss: 0.598 Acc: 80.000%,  Current learning rate is: 0.0010000000000000002
evaluation ...
Test acc: 83.53
filename ::  model_ckpt.tar
[Epoch   80] Loss: 0.261 Acc: 96.000%,  Current learning rate is: 0.0010000000000000002
[Epoch   80] Loss: 0.188 Acc: 96.000%,  Current learning rate is: 0.0010000000000000002
[Epoch   80] Loss: 0.417 Acc: 88.000%,  Current learning rate is: 0.0010000000000000002
[Epoch   80] Loss: 0.534 Acc: 88.000%,  Current learning rate is: 0.0010000000000000002
evaluation ...
Test acc: 84.20
printing best accuracy so far84.2
filename ::  model_ckpt.tar
best Model Saving ...
[Epoch   81] Loss: 0.312 Acc: 92.000%,  Current learning rate is: 0.0010000000000000002
[Epoch   81] Loss: 0.141 Acc: 96.000%,  Current learning rate is: 0.0010000000000000002
[Epoch   81] Loss: 0.239 Acc: 92.000%,  Current learning rate is: 0.0010000000000000002
[Epoch   81] Loss: 0.510 Acc: 80.000%,  Current learning rate is: 0.0010000000000000002
evaluation ...
Test acc: 84.01
filename ::  model_ckpt.tar
[Epoch   82] Loss: 0.556 Acc: 76.000%,  Current learning rate is: 0.0010000000000000002
[Epoch   82] Loss: 0.538 Acc: 84.000%,  Current learning rate is: 0.0010000000000000002
[Epoch   82] Loss: 0.112 Acc: 100.000%,  Current learning rate is: 0.0010000000000000002
[Epoch   82] Loss: 0.256 Acc: 88.000%,  Current learning rate is: 0.0010000000000000002
evaluation ...
Test acc: 84.45
printing best accuracy so far84.45
filename ::  model_ckpt.tar
best Model Saving ...
[Epoch   83] Loss: 0.355 Acc: 92.000%,  Current learning rate is: 0.0010000000000000002
[Epoch   83] Loss: 0.776 Acc: 76.000%,  Current learning rate is: 0.0010000000000000002
[Epoch   83] Loss: 0.512 Acc: 76.000%,  Current learning rate is: 0.0010000000000000002
[Epoch   83] Loss: 0.503 Acc: 84.000%,  Current learning rate is: 0.0010000000000000002
evaluation ...
Test acc: 84.20
filename ::  model_ckpt.tar
[Epoch   84] Loss: 0.203 Acc: 92.000%,  Current learning rate is: 0.0010000000000000002
[Epoch   84] Loss: 0.787 Acc: 80.000%,  Current learning rate is: 0.0010000000000000002
[Epoch   84] Loss: 0.278 Acc: 84.000%,  Current learning rate is: 0.0010000000000000002
[Epoch   84] Loss: 0.359 Acc: 88.000%,  Current learning rate is: 0.0010000000000000002
evaluation ...
Test acc: 84.37
filename ::  model_ckpt.tar
[Epoch   85] Loss: 0.353 Acc: 92.000%,  Current learning rate is: 0.0010000000000000002
[Epoch   85] Loss: 0.298 Acc: 84.000%,  Current learning rate is: 0.0010000000000000002
[Epoch   85] Loss: 0.397 Acc: 84.000%,  Current learning rate is: 0.0010000000000000002
[Epoch   85] Loss: 0.296 Acc: 92.000%,  Current learning rate is: 0.0010000000000000002
evaluation ...
Test acc: 84.09
filename ::  model_ckpt.tar
[Epoch   86] Loss: 0.424 Acc: 80.000%,  Current learning rate is: 0.0010000000000000002
[Epoch   86] Loss: 0.435 Acc: 84.000%,  Current learning rate is: 0.0010000000000000002
[Epoch   86] Loss: 0.623 Acc: 80.000%,  Current learning rate is: 0.0010000000000000002
[Epoch   86] Loss: 0.223 Acc: 88.000%,  Current learning rate is: 0.0010000000000000002
evaluation ...
Test acc: 84.48
printing best accuracy so far84.48
filename ::  model_ckpt.tar
best Model Saving ...
[Epoch   87] Loss: 0.466 Acc: 84.000%,  Current learning rate is: 0.0010000000000000002
[Epoch   87] Loss: 0.450 Acc: 88.000%,  Current learning rate is: 0.0010000000000000002
[Epoch   87] Loss: 0.305 Acc: 92.000%,  Current learning rate is: 0.0010000000000000002
[Epoch   87] Loss: 0.382 Acc: 80.000%,  Current learning rate is: 0.0010000000000000002
evaluation ...
Test acc: 83.76
filename ::  model_ckpt.tar
[Epoch   88] Loss: 0.846 Acc: 68.000%,  Current learning rate is: 0.0010000000000000002
[Epoch   88] Loss: 0.380 Acc: 88.000%,  Current learning rate is: 0.0010000000000000002
[Epoch   88] Loss: 0.363 Acc: 88.000%,  Current learning rate is: 0.0010000000000000002
[Epoch   88] Loss: 0.335 Acc: 88.000%,  Current learning rate is: 0.0010000000000000002
evaluation ...
Test acc: 83.80
filename ::  model_ckpt.tar
[Epoch   89] Loss: 0.322 Acc: 92.000%,  Current learning rate is: 0.0010000000000000002
[Epoch   89] Loss: 0.176 Acc: 96.000%,  Current learning rate is: 0.0010000000000000002
[Epoch   89] Loss: 0.373 Acc: 92.000%,  Current learning rate is: 0.0010000000000000002
[Epoch   89] Loss: 0.565 Acc: 80.000%,  Current learning rate is: 0.0010000000000000002
evaluation ...
Test acc: 83.93
filename ::  model_ckpt.tar
[Epoch   90] Loss: 0.209 Acc: 96.000%,  Current learning rate is: 0.00010000000000000003
[Epoch   90] Loss: 0.343 Acc: 92.000%,  Current learning rate is: 0.00010000000000000003
[Epoch   90] Loss: 0.136 Acc: 96.000%,  Current learning rate is: 0.00010000000000000003
[Epoch   90] Loss: 0.347 Acc: 88.000%,  Current learning rate is: 0.00010000000000000003
evaluation ...
Test acc: 85.27
printing best accuracy so far85.27
filename ::  model_ckpt.tar
best Model Saving ...
[Epoch   91] Loss: 0.282 Acc: 88.000%,  Current learning rate is: 0.00010000000000000003
[Epoch   91] Loss: 0.567 Acc: 84.000%,  Current learning rate is: 0.00010000000000000003
[Epoch   91] Loss: 0.247 Acc: 96.000%,  Current learning rate is: 0.00010000000000000003
[Epoch   91] Loss: 0.154 Acc: 96.000%,  Current learning rate is: 0.00010000000000000003
evaluation ...
Test acc: 85.40
printing best accuracy so far85.4
filename ::  model_ckpt.tar
best Model Saving ...
[Epoch   92] Loss: 0.229 Acc: 88.000%,  Current learning rate is: 0.00010000000000000003
[Epoch   92] Loss: 0.065 Acc: 100.000%,  Current learning rate is: 0.00010000000000000003
[Epoch   92] Loss: 0.530 Acc: 84.000%,  Current learning rate is: 0.00010000000000000003
[Epoch   92] Loss: 0.190 Acc: 96.000%,  Current learning rate is: 0.00010000000000000003
evaluation ...
Test acc: 85.38
filename ::  model_ckpt.tar
[Epoch   93] Loss: 0.687 Acc: 76.000%,  Current learning rate is: 0.00010000000000000003
[Epoch   93] Loss: 0.676 Acc: 80.000%,  Current learning rate is: 0.00010000000000000003
[Epoch   93] Loss: 0.395 Acc: 80.000%,  Current learning rate is: 0.00010000000000000003
[Epoch   93] Loss: 0.344 Acc: 92.000%,  Current learning rate is: 0.00010000000000000003
evaluation ...
Test acc: 85.69
printing best accuracy so far85.69
filename ::  model_ckpt.tar
best Model Saving ...
[Epoch   94] Loss: 0.629 Acc: 76.000%,  Current learning rate is: 0.00010000000000000003
[Epoch   94] Loss: 0.522 Acc: 76.000%,  Current learning rate is: 0.00010000000000000003
[Epoch   94] Loss: 0.135 Acc: 96.000%,  Current learning rate is: 0.00010000000000000003
[Epoch   94] Loss: 0.268 Acc: 92.000%,  Current learning rate is: 0.00010000000000000003
evaluation ...
Test acc: 85.69
filename ::  model_ckpt.tar
[Epoch   95] Loss: 0.547 Acc: 84.000%,  Current learning rate is: 0.00010000000000000003
[Epoch   95] Loss: 0.454 Acc: 88.000%,  Current learning rate is: 0.00010000000000000003
[Epoch   95] Loss: 0.219 Acc: 88.000%,  Current learning rate is: 0.00010000000000000003
[Epoch   95] Loss: 0.382 Acc: 84.000%,  Current learning rate is: 0.00010000000000000003
evaluation ...
Test acc: 85.56
filename ::  model_ckpt.tar
[Epoch   96] Loss: 0.393 Acc: 88.000%,  Current learning rate is: 0.00010000000000000003
[Epoch   96] Loss: 0.327 Acc: 84.000%,  Current learning rate is: 0.00010000000000000003
[Epoch   96] Loss: 0.183 Acc: 96.000%,  Current learning rate is: 0.00010000000000000003
[Epoch   96] Loss: 0.257 Acc: 92.000%,  Current learning rate is: 0.00010000000000000003
evaluation ...
Test acc: 85.79
printing best accuracy so far85.79
filename ::  model_ckpt.tar
best Model Saving ...
[Epoch   97] Loss: 0.486 Acc: 80.000%,  Current learning rate is: 0.00010000000000000003
[Epoch   97] Loss: 0.331 Acc: 88.000%,  Current learning rate is: 0.00010000000000000003
[Epoch   97] Loss: 0.266 Acc: 92.000%,  Current learning rate is: 0.00010000000000000003
[Epoch   97] Loss: 0.139 Acc: 100.000%,  Current learning rate is: 0.00010000000000000003
evaluation ...
Test acc: 85.81
printing best accuracy so far85.81
filename ::  model_ckpt.tar
best Model Saving ...
[Epoch   98] Loss: 0.172 Acc: 92.000%,  Current learning rate is: 0.00010000000000000003
[Epoch   98] Loss: 0.378 Acc: 88.000%,  Current learning rate is: 0.00010000000000000003
[Epoch   98] Loss: 0.546 Acc: 72.000%,  Current learning rate is: 0.00010000000000000003
[Epoch   98] Loss: 0.230 Acc: 88.000%,  Current learning rate is: 0.00010000000000000003
evaluation ...
Test acc: 85.78
filename ::  model_ckpt.tar
[Epoch   99] Loss: 0.279 Acc: 92.000%,  Current learning rate is: 0.00010000000000000003
[Epoch   99] Loss: 0.309 Acc: 92.000%,  Current learning rate is: 0.00010000000000000003
[Epoch   99] Loss: 0.216 Acc: 88.000%,  Current learning rate is: 0.00010000000000000003
[Epoch   99] Loss: 0.287 Acc: 92.000%,  Current learning rate is: 0.00010000000000000003
evaluation ...
Test acc: 85.88
printing best accuracy so far85.88
filename ::  model_ckpt.tar
best Model Saving ...
[Epoch  100] Loss: 0.250 Acc: 88.000%,  Current learning rate is: 0.00010000000000000003
[Epoch  100] Loss: 0.185 Acc: 96.000%,  Current learning rate is: 0.00010000000000000003
[Epoch  100] Loss: 0.114 Acc: 100.000%,  Current learning rate is: 0.00010000000000000003
[Epoch  100] Loss: 0.155 Acc: 96.000%,  Current learning rate is: 0.00010000000000000003
evaluation ...
Test acc: 85.58
filename ::  model_ckpt.tar
