Files already downloaded and verified
Files already downloaded and verified
img_size: 32, num_classes: 10, stem: True
Running Resnet50
Number of model parameters:  25557032
[Epoch    1] Loss: 4.507 Acc: 4.000%,  Current learning rate is: 0.1
[Epoch    1] Loss: 4.570 Acc: 0.000%,  Current learning rate is: 0.1
[Epoch    1] Loss: 4.472 Acc: 0.000%,  Current learning rate is: 0.1
[Epoch    1] Loss: 4.642 Acc: 0.000%,  Current learning rate is: 0.1
evaluation ...
Test acc: 3.62
printing best accuracy so far3.62
filename ::  model_ckpt.tar
best Model Saving ...
[Epoch    2] Loss: 4.510 Acc: 4.000%,  Current learning rate is: 0.1
[Epoch    2] Loss: 4.245 Acc: 4.000%,  Current learning rate is: 0.1
[Epoch    2] Loss: 4.148 Acc: 12.000%,  Current learning rate is: 0.1
[Epoch    2] Loss: 4.720 Acc: 0.000%,  Current learning rate is: 0.1
evaluation ...
Test acc: 5.74
printing best accuracy so far5.74
filename ::  model_ckpt.tar
best Model Saving ...
[Epoch    3] Loss: 4.245 Acc: 8.000%,  Current learning rate is: 0.1
[Epoch    3] Loss: 3.370 Acc: 12.000%,  Current learning rate is: 0.1
[Epoch    3] Loss: 4.519 Acc: 0.000%,  Current learning rate is: 0.1
[Epoch    3] Loss: 4.318 Acc: 12.000%,  Current learning rate is: 0.1
evaluation ...
Test acc: 8.30
printing best accuracy so far8.3
filename ::  model_ckpt.tar
best Model Saving ...
[Epoch    4] Loss: 4.168 Acc: 8.000%,  Current learning rate is: 0.1
[Epoch    4] Loss: 3.966 Acc: 8.000%,  Current learning rate is: 0.1
[Epoch    4] Loss: 4.073 Acc: 4.000%,  Current learning rate is: 0.1
[Epoch    4] Loss: 3.667 Acc: 12.000%,  Current learning rate is: 0.1
evaluation ...
Test acc: 7.66
filename ::  model_ckpt.tar
[Epoch    5] Loss: 4.060 Acc: 12.000%,  Current learning rate is: 0.1
[Epoch    5] Loss: 4.524 Acc: 4.000%,  Current learning rate is: 0.1
[Epoch    5] Loss: 4.172 Acc: 8.000%,  Current learning rate is: 0.1
[Epoch    5] Loss: 3.984 Acc: 8.000%,  Current learning rate is: 0.1
evaluation ...
Test acc: 9.82
printing best accuracy so far9.82
filename ::  model_ckpt.tar
best Model Saving ...
[Epoch    6] Loss: 4.582 Acc: 0.000%,  Current learning rate is: 0.1
[Epoch    6] Loss: 3.773 Acc: 4.000%,  Current learning rate is: 0.1
[Epoch    6] Loss: 4.072 Acc: 8.000%,  Current learning rate is: 0.1
[Epoch    6] Loss: 4.188 Acc: 4.000%,  Current learning rate is: 0.1
evaluation ...
Test acc: 10.97
printing best accuracy so far10.97
filename ::  model_ckpt.tar
best Model Saving ...
[Epoch    7] Loss: 4.093 Acc: 8.000%,  Current learning rate is: 0.1
[Epoch    7] Loss: 4.425 Acc: 8.000%,  Current learning rate is: 0.1
[Epoch    7] Loss: 4.121 Acc: 8.000%,  Current learning rate is: 0.1
[Epoch    7] Loss: 4.042 Acc: 12.000%,  Current learning rate is: 0.1
evaluation ...
Test acc: 12.45
printing best accuracy so far12.45
filename ::  model_ckpt.tar
best Model Saving ...
[Epoch    8] Loss: 3.708 Acc: 8.000%,  Current learning rate is: 0.1
[Epoch    8] Loss: 4.240 Acc: 12.000%,  Current learning rate is: 0.1
[Epoch    8] Loss: 4.051 Acc: 16.000%,  Current learning rate is: 0.1
[Epoch    8] Loss: 3.991 Acc: 16.000%,  Current learning rate is: 0.1
evaluation ...
Test acc: 9.96
filename ::  model_ckpt.tar
[Epoch    9] Loss: 3.728 Acc: 20.000%,  Current learning rate is: 0.1
[Epoch    9] Loss: 3.999 Acc: 12.000%,  Current learning rate is: 0.1
[Epoch    9] Loss: 4.048 Acc: 4.000%,  Current learning rate is: 0.1
[Epoch    9] Loss: 4.214 Acc: 0.000%,  Current learning rate is: 0.1
evaluation ...
Test acc: 11.42
filename ::  model_ckpt.tar
[Epoch   10] Loss: 4.203 Acc: 8.000%,  Current learning rate is: 0.1
[Epoch   10] Loss: 3.963 Acc: 16.000%,  Current learning rate is: 0.1
[Epoch   10] Loss: 3.975 Acc: 4.000%,  Current learning rate is: 0.1
[Epoch   10] Loss: 3.977 Acc: 8.000%,  Current learning rate is: 0.1
evaluation ...
Test acc: 11.51
filename ::  model_ckpt.tar
[Epoch   11] Loss: 4.252 Acc: 8.000%,  Current learning rate is: 0.1
[Epoch   11] Loss: 4.368 Acc: 4.000%,  Current learning rate is: 0.1
[Epoch   11] Loss: 3.780 Acc: 4.000%,  Current learning rate is: 0.1
[Epoch   11] Loss: 3.642 Acc: 24.000%,  Current learning rate is: 0.1
evaluation ...
Test acc: 11.35
filename ::  model_ckpt.tar
[Epoch   12] Loss: 3.225 Acc: 20.000%,  Current learning rate is: 0.1
[Epoch   12] Loss: 3.722 Acc: 8.000%,  Current learning rate is: 0.1
[Epoch   12] Loss: 3.982 Acc: 8.000%,  Current learning rate is: 0.1
[Epoch   12] Loss: 3.817 Acc: 8.000%,  Current learning rate is: 0.1
evaluation ...
Test acc: 12.22
filename ::  model_ckpt.tar
[Epoch   13] Loss: 3.724 Acc: 16.000%,  Current learning rate is: 0.1
[Epoch   13] Loss: 4.227 Acc: 8.000%,  Current learning rate is: 0.1
[Epoch   13] Loss: 3.835 Acc: 16.000%,  Current learning rate is: 0.1
[Epoch   13] Loss: 4.092 Acc: 8.000%,  Current learning rate is: 0.1
evaluation ...
Test acc: 12.07
filename ::  model_ckpt.tar
[Epoch   14] Loss: 4.132 Acc: 8.000%,  Current learning rate is: 0.1
[Epoch   14] Loss: 3.377 Acc: 16.000%,  Current learning rate is: 0.1
[Epoch   14] Loss: 3.850 Acc: 16.000%,  Current learning rate is: 0.1
[Epoch   14] Loss: 3.832 Acc: 12.000%,  Current learning rate is: 0.1
evaluation ...
Test acc: 11.37
filename ::  model_ckpt.tar
[Epoch   15] Loss: 4.117 Acc: 8.000%,  Current learning rate is: 0.1
[Epoch   15] Loss: 4.004 Acc: 0.000%,  Current learning rate is: 0.1
[Epoch   15] Loss: 3.994 Acc: 16.000%,  Current learning rate is: 0.1
[Epoch   15] Loss: 4.159 Acc: 4.000%,  Current learning rate is: 0.1
evaluation ...
Test acc: 12.50
printing best accuracy so far12.5
filename ::  model_ckpt.tar
best Model Saving ...
[Epoch   16] Loss: 3.667 Acc: 20.000%,  Current learning rate is: 0.1
[Epoch   16] Loss: 4.179 Acc: 8.000%,  Current learning rate is: 0.1
[Epoch   16] Loss: 4.157 Acc: 12.000%,  Current learning rate is: 0.1
[Epoch   16] Loss: 3.835 Acc: 8.000%,  Current learning rate is: 0.1
evaluation ...
Test acc: 13.97
printing best accuracy so far13.97
filename ::  model_ckpt.tar
best Model Saving ...
[Epoch   17] Loss: 3.980 Acc: 8.000%,  Current learning rate is: 0.1
[Epoch   17] Loss: 3.536 Acc: 12.000%,  Current learning rate is: 0.1
[Epoch   17] Loss: 3.776 Acc: 12.000%,  Current learning rate is: 0.1
[Epoch   17] Loss: 4.006 Acc: 4.000%,  Current learning rate is: 0.1
evaluation ...
Test acc: 14.21
printing best accuracy so far14.21
filename ::  model_ckpt.tar
best Model Saving ...
[Epoch   18] Loss: 4.427 Acc: 4.000%,  Current learning rate is: 0.1
[Epoch   18] Loss: 3.646 Acc: 20.000%,  Current learning rate is: 0.1
[Epoch   18] Loss: 3.775 Acc: 12.000%,  Current learning rate is: 0.1
[Epoch   18] Loss: 4.060 Acc: 8.000%,  Current learning rate is: 0.1
evaluation ...
Test acc: 13.44
filename ::  model_ckpt.tar
[Epoch   19] Loss: 4.234 Acc: 4.000%,  Current learning rate is: 0.1
[Epoch   19] Loss: 4.128 Acc: 12.000%,  Current learning rate is: 0.1
[Epoch   19] Loss: 3.868 Acc: 12.000%,  Current learning rate is: 0.1
[Epoch   19] Loss: 3.770 Acc: 20.000%,  Current learning rate is: 0.1
evaluation ...
Test acc: 13.16
filename ::  model_ckpt.tar
[Epoch   20] Loss: 4.136 Acc: 8.000%,  Current learning rate is: 0.1
[Epoch   20] Loss: 3.873 Acc: 4.000%,  Current learning rate is: 0.1
[Epoch   20] Loss: 3.582 Acc: 8.000%,  Current learning rate is: 0.1
[Epoch   20] Loss: 4.511 Acc: 8.000%,  Current learning rate is: 0.1
evaluation ...
Test acc: 13.07
filename ::  model_ckpt.tar
[Epoch   21] Loss: 3.977 Acc: 4.000%,  Current learning rate is: 0.1
[Epoch   21] Loss: 4.098 Acc: 20.000%,  Current learning rate is: 0.1
[Epoch   21] Loss: 3.938 Acc: 4.000%,  Current learning rate is: 0.1
[Epoch   21] Loss: 3.283 Acc: 16.000%,  Current learning rate is: 0.1
evaluation ...
Test acc: 13.78
filename ::  model_ckpt.tar
[Epoch   22] Loss: 3.970 Acc: 12.000%,  Current learning rate is: 0.1
[Epoch   22] Loss: 4.257 Acc: 12.000%,  Current learning rate is: 0.1
[Epoch   22] Loss: 3.736 Acc: 4.000%,  Current learning rate is: 0.1
[Epoch   22] Loss: 4.214 Acc: 0.000%,  Current learning rate is: 0.1
evaluation ...
Test acc: 11.31
filename ::  model_ckpt.tar
[Epoch   23] Loss: 3.805 Acc: 16.000%,  Current learning rate is: 0.1
[Epoch   23] Loss: 3.548 Acc: 16.000%,  Current learning rate is: 0.1
[Epoch   23] Loss: 3.565 Acc: 16.000%,  Current learning rate is: 0.1
[Epoch   23] Loss: 3.386 Acc: 16.000%,  Current learning rate is: 0.1
evaluation ...
Test acc: 13.25
filename ::  model_ckpt.tar
[Epoch   24] Loss: 3.398 Acc: 20.000%,  Current learning rate is: 0.1
[Epoch   24] Loss: 3.502 Acc: 8.000%,  Current learning rate is: 0.1
[Epoch   24] Loss: 3.616 Acc: 12.000%,  Current learning rate is: 0.1
[Epoch   24] Loss: 3.690 Acc: 12.000%,  Current learning rate is: 0.1
evaluation ...
Test acc: 13.07
filename ::  model_ckpt.tar
[Epoch   25] Loss: 4.310 Acc: 12.000%,  Current learning rate is: 0.1
[Epoch   25] Loss: 3.986 Acc: 20.000%,  Current learning rate is: 0.1
[Epoch   25] Loss: 3.914 Acc: 20.000%,  Current learning rate is: 0.1
[Epoch   25] Loss: 3.640 Acc: 12.000%,  Current learning rate is: 0.1
evaluation ...
Test acc: 12.66
filename ::  model_ckpt.tar
[Epoch   26] Loss: 3.903 Acc: 20.000%,  Current learning rate is: 0.1
[Epoch   26] Loss: 3.608 Acc: 16.000%,  Current learning rate is: 0.1
[Epoch   26] Loss: 3.646 Acc: 12.000%,  Current learning rate is: 0.1
[Epoch   26] Loss: 4.286 Acc: 8.000%,  Current learning rate is: 0.1
evaluation ...
Test acc: 14.06
filename ::  model_ckpt.tar
[Epoch   27] Loss: 4.260 Acc: 12.000%,  Current learning rate is: 0.1
[Epoch   27] Loss: 3.824 Acc: 8.000%,  Current learning rate is: 0.1
[Epoch   27] Loss: 3.738 Acc: 8.000%,  Current learning rate is: 0.1
[Epoch   27] Loss: 3.808 Acc: 4.000%,  Current learning rate is: 0.1
evaluation ...
Test acc: 10.62
filename ::  model_ckpt.tar
[Epoch   28] Loss: 4.108 Acc: 4.000%,  Current learning rate is: 0.1
[Epoch   28] Loss: 4.579 Acc: 16.000%,  Current learning rate is: 0.1
[Epoch   28] Loss: 3.908 Acc: 16.000%,  Current learning rate is: 0.1
[Epoch   28] Loss: 3.667 Acc: 12.000%,  Current learning rate is: 0.1
evaluation ...
Test acc: 11.39
filename ::  model_ckpt.tar
[Epoch   29] Loss: 3.575 Acc: 20.000%,  Current learning rate is: 0.1
[Epoch   29] Loss: 4.217 Acc: 4.000%,  Current learning rate is: 0.1
[Epoch   29] Loss: 4.062 Acc: 4.000%,  Current learning rate is: 0.1
[Epoch   29] Loss: 3.566 Acc: 16.000%,  Current learning rate is: 0.1
evaluation ...
Test acc: 12.33
filename ::  model_ckpt.tar
[Epoch   30] Loss: 3.566 Acc: 8.000%,  Current learning rate is: 0.010000000000000002
[Epoch   30] Loss: 3.346 Acc: 4.000%,  Current learning rate is: 0.010000000000000002
[Epoch   30] Loss: 3.312 Acc: 20.000%,  Current learning rate is: 0.010000000000000002
[Epoch   30] Loss: 3.452 Acc: 24.000%,  Current learning rate is: 0.010000000000000002
evaluation ...
Test acc: 24.86
printing best accuracy so far24.86
filename ::  model_ckpt.tar
best Model Saving ...
[Epoch   31] Loss: 3.421 Acc: 28.000%,  Current learning rate is: 0.010000000000000002
[Epoch   31] Loss: 3.050 Acc: 20.000%,  Current learning rate is: 0.010000000000000002
[Epoch   31] Loss: 3.256 Acc: 8.000%,  Current learning rate is: 0.010000000000000002
[Epoch   31] Loss: 3.197 Acc: 24.000%,  Current learning rate is: 0.010000000000000002
evaluation ...
Test acc: 26.99
printing best accuracy so far26.99
filename ::  model_ckpt.tar
best Model Saving ...
[Epoch   32] Loss: 3.182 Acc: 20.000%,  Current learning rate is: 0.010000000000000002
[Epoch   32] Loss: 3.053 Acc: 24.000%,  Current learning rate is: 0.010000000000000002
[Epoch   32] Loss: 3.005 Acc: 20.000%,  Current learning rate is: 0.010000000000000002
[Epoch   32] Loss: 2.793 Acc: 20.000%,  Current learning rate is: 0.010000000000000002
evaluation ...
Test acc: 25.34
filename ::  model_ckpt.tar
[Epoch   33] Loss: 3.388 Acc: 16.000%,  Current learning rate is: 0.010000000000000002
[Epoch   33] Loss: 2.429 Acc: 24.000%,  Current learning rate is: 0.010000000000000002
[Epoch   33] Loss: 2.911 Acc: 28.000%,  Current learning rate is: 0.010000000000000002
[Epoch   33] Loss: 2.423 Acc: 24.000%,  Current learning rate is: 0.010000000000000002
evaluation ...
Test acc: 28.05
printing best accuracy so far28.05
filename ::  model_ckpt.tar
best Model Saving ...
[Epoch   34] Loss: 2.999 Acc: 16.000%,  Current learning rate is: 0.010000000000000002
[Epoch   34] Loss: 3.257 Acc: 28.000%,  Current learning rate is: 0.010000000000000002
[Epoch   34] Loss: 2.645 Acc: 28.000%,  Current learning rate is: 0.010000000000000002
[Epoch   34] Loss: 3.351 Acc: 20.000%,  Current learning rate is: 0.010000000000000002
evaluation ...
Test acc: 29.34
printing best accuracy so far29.34
filename ::  model_ckpt.tar
best Model Saving ...
[Epoch   35] Loss: 2.508 Acc: 40.000%,  Current learning rate is: 0.010000000000000002
[Epoch   35] Loss: 3.024 Acc: 16.000%,  Current learning rate is: 0.010000000000000002
[Epoch   35] Loss: 2.949 Acc: 12.000%,  Current learning rate is: 0.010000000000000002
[Epoch   35] Loss: 2.988 Acc: 28.000%,  Current learning rate is: 0.010000000000000002
evaluation ...
Test acc: 29.45
printing best accuracy so far29.45
filename ::  model_ckpt.tar
best Model Saving ...
[Epoch   36] Loss: 2.892 Acc: 24.000%,  Current learning rate is: 0.010000000000000002
[Epoch   36] Loss: 2.788 Acc: 28.000%,  Current learning rate is: 0.010000000000000002
[Epoch   36] Loss: 2.870 Acc: 28.000%,  Current learning rate is: 0.010000000000000002
[Epoch   36] Loss: 2.718 Acc: 40.000%,  Current learning rate is: 0.010000000000000002
evaluation ...
Test acc: 29.62
printing best accuracy so far29.62
filename ::  model_ckpt.tar
best Model Saving ...
[Epoch   37] Loss: 2.864 Acc: 36.000%,  Current learning rate is: 0.010000000000000002
[Epoch   37] Loss: 2.339 Acc: 36.000%,  Current learning rate is: 0.010000000000000002
[Epoch   37] Loss: 2.713 Acc: 40.000%,  Current learning rate is: 0.010000000000000002
[Epoch   37] Loss: 2.689 Acc: 40.000%,  Current learning rate is: 0.010000000000000002
evaluation ...
Test acc: 31.07
printing best accuracy so far31.07
filename ::  model_ckpt.tar
best Model Saving ...
[Epoch   38] Loss: 3.470 Acc: 20.000%,  Current learning rate is: 0.010000000000000002
[Epoch   38] Loss: 3.034 Acc: 32.000%,  Current learning rate is: 0.010000000000000002
[Epoch   38] Loss: 2.969 Acc: 20.000%,  Current learning rate is: 0.010000000000000002
[Epoch   38] Loss: 3.391 Acc: 16.000%,  Current learning rate is: 0.010000000000000002
evaluation ...
Test acc: 28.88
filename ::  model_ckpt.tar
[Epoch   39] Loss: 2.538 Acc: 36.000%,  Current learning rate is: 0.010000000000000002
[Epoch   39] Loss: 3.249 Acc: 12.000%,  Current learning rate is: 0.010000000000000002
[Epoch   39] Loss: 2.606 Acc: 36.000%,  Current learning rate is: 0.010000000000000002
[Epoch   39] Loss: 2.743 Acc: 24.000%,  Current learning rate is: 0.010000000000000002
evaluation ...
Test acc: 32.21
printing best accuracy so far32.21
filename ::  model_ckpt.tar
best Model Saving ...
[Epoch   40] Loss: 3.356 Acc: 20.000%,  Current learning rate is: 0.010000000000000002
[Epoch   40] Loss: 3.387 Acc: 16.000%,  Current learning rate is: 0.010000000000000002
[Epoch   40] Loss: 3.323 Acc: 16.000%,  Current learning rate is: 0.010000000000000002
[Epoch   40] Loss: 2.624 Acc: 32.000%,  Current learning rate is: 0.010000000000000002
evaluation ...
Test acc: 33.61
printing best accuracy so far33.61
filename ::  model_ckpt.tar
best Model Saving ...
[Epoch   41] Loss: 2.724 Acc: 44.000%,  Current learning rate is: 0.010000000000000002
[Epoch   41] Loss: 3.431 Acc: 4.000%,  Current learning rate is: 0.010000000000000002
[Epoch   41] Loss: 2.685 Acc: 36.000%,  Current learning rate is: 0.010000000000000002
[Epoch   41] Loss: 3.281 Acc: 16.000%,  Current learning rate is: 0.010000000000000002
evaluation ...
Test acc: 32.65
filename ::  model_ckpt.tar
[Epoch   42] Loss: 2.442 Acc: 36.000%,  Current learning rate is: 0.010000000000000002
[Epoch   42] Loss: 2.709 Acc: 32.000%,  Current learning rate is: 0.010000000000000002
[Epoch   42] Loss: 3.252 Acc: 36.000%,  Current learning rate is: 0.010000000000000002
[Epoch   42] Loss: 2.941 Acc: 24.000%,  Current learning rate is: 0.010000000000000002
evaluation ...
Test acc: 34.65
printing best accuracy so far34.65
filename ::  model_ckpt.tar
best Model Saving ...
[Epoch   43] Loss: 2.515 Acc: 40.000%,  Current learning rate is: 0.010000000000000002
[Epoch   43] Loss: 2.309 Acc: 48.000%,  Current learning rate is: 0.010000000000000002
[Epoch   43] Loss: 2.774 Acc: 24.000%,  Current learning rate is: 0.010000000000000002
[Epoch   43] Loss: 2.567 Acc: 40.000%,  Current learning rate is: 0.010000000000000002
evaluation ...
Test acc: 34.04
filename ::  model_ckpt.tar
[Epoch   44] Loss: 2.705 Acc: 36.000%,  Current learning rate is: 0.010000000000000002
[Epoch   44] Loss: 2.615 Acc: 36.000%,  Current learning rate is: 0.010000000000000002
[Epoch   44] Loss: 2.781 Acc: 28.000%,  Current learning rate is: 0.010000000000000002
[Epoch   44] Loss: 2.450 Acc: 40.000%,  Current learning rate is: 0.010000000000000002
evaluation ...
Test acc: 33.52
filename ::  model_ckpt.tar
[Epoch   45] Loss: 3.546 Acc: 24.000%,  Current learning rate is: 0.010000000000000002
[Epoch   45] Loss: 2.447 Acc: 28.000%,  Current learning rate is: 0.010000000000000002
[Epoch   45] Loss: 2.861 Acc: 32.000%,  Current learning rate is: 0.010000000000000002
[Epoch   45] Loss: 3.174 Acc: 20.000%,  Current learning rate is: 0.010000000000000002
evaluation ...
Test acc: 36.60
printing best accuracy so far36.6
filename ::  model_ckpt.tar
best Model Saving ...
[Epoch   46] Loss: 2.256 Acc: 40.000%,  Current learning rate is: 0.010000000000000002
[Epoch   46] Loss: 2.217 Acc: 44.000%,  Current learning rate is: 0.010000000000000002
[Epoch   46] Loss: 2.608 Acc: 32.000%,  Current learning rate is: 0.010000000000000002
[Epoch   46] Loss: 2.702 Acc: 32.000%,  Current learning rate is: 0.010000000000000002
evaluation ...
Test acc: 34.20
filename ::  model_ckpt.tar
[Epoch   47] Loss: 2.663 Acc: 36.000%,  Current learning rate is: 0.010000000000000002
[Epoch   47] Loss: 2.430 Acc: 32.000%,  Current learning rate is: 0.010000000000000002
[Epoch   47] Loss: 2.656 Acc: 24.000%,  Current learning rate is: 0.010000000000000002
[Epoch   47] Loss: 2.403 Acc: 40.000%,  Current learning rate is: 0.010000000000000002
evaluation ...
Test acc: 35.58
filename ::  model_ckpt.tar
[Epoch   48] Loss: 3.037 Acc: 4.000%,  Current learning rate is: 0.010000000000000002
[Epoch   48] Loss: 2.526 Acc: 32.000%,  Current learning rate is: 0.010000000000000002
[Epoch   48] Loss: 2.842 Acc: 24.000%,  Current learning rate is: 0.010000000000000002
[Epoch   48] Loss: 2.643 Acc: 28.000%,  Current learning rate is: 0.010000000000000002
evaluation ...
Test acc: 34.71
filename ::  model_ckpt.tar
[Epoch   49] Loss: 2.343 Acc: 28.000%,  Current learning rate is: 0.010000000000000002
[Epoch   49] Loss: 2.076 Acc: 32.000%,  Current learning rate is: 0.010000000000000002
[Epoch   49] Loss: 2.475 Acc: 32.000%,  Current learning rate is: 0.010000000000000002
[Epoch   49] Loss: 2.800 Acc: 20.000%,  Current learning rate is: 0.010000000000000002
evaluation ...
Test acc: 36.76
printing best accuracy so far36.76
filename ::  model_ckpt.tar
best Model Saving ...
[Epoch   50] Loss: 2.638 Acc: 36.000%,  Current learning rate is: 0.010000000000000002
[Epoch   50] Loss: 2.789 Acc: 24.000%,  Current learning rate is: 0.010000000000000002
[Epoch   50] Loss: 2.408 Acc: 48.000%,  Current learning rate is: 0.010000000000000002
[Epoch   50] Loss: 2.693 Acc: 28.000%,  Current learning rate is: 0.010000000000000002
evaluation ...
Test acc: 33.63
filename ::  model_ckpt.tar
[Epoch   51] Loss: 2.793 Acc: 16.000%,  Current learning rate is: 0.010000000000000002
[Epoch   51] Loss: 3.728 Acc: 12.000%,  Current learning rate is: 0.010000000000000002
[Epoch   51] Loss: 2.433 Acc: 44.000%,  Current learning rate is: 0.010000000000000002
[Epoch   51] Loss: 2.232 Acc: 40.000%,  Current learning rate is: 0.010000000000000002
evaluation ...
Test acc: 37.33
printing best accuracy so far37.33
filename ::  model_ckpt.tar
best Model Saving ...
[Epoch   52] Loss: 2.367 Acc: 48.000%,  Current learning rate is: 0.010000000000000002
[Epoch   52] Loss: 2.955 Acc: 32.000%,  Current learning rate is: 0.010000000000000002
[Epoch   52] Loss: 2.308 Acc: 44.000%,  Current learning rate is: 0.010000000000000002
[Epoch   52] Loss: 3.532 Acc: 20.000%,  Current learning rate is: 0.010000000000000002
evaluation ...
Test acc: 35.15
filename ::  model_ckpt.tar
[Epoch   53] Loss: 2.052 Acc: 44.000%,  Current learning rate is: 0.010000000000000002
[Epoch   53] Loss: 2.845 Acc: 24.000%,  Current learning rate is: 0.010000000000000002
[Epoch   53] Loss: 1.980 Acc: 48.000%,  Current learning rate is: 0.010000000000000002
[Epoch   53] Loss: 2.580 Acc: 24.000%,  Current learning rate is: 0.010000000000000002
evaluation ...
Test acc: 37.33
filename ::  model_ckpt.tar
[Epoch   54] Loss: 2.334 Acc: 44.000%,  Current learning rate is: 0.010000000000000002
[Epoch   54] Loss: 2.314 Acc: 44.000%,  Current learning rate is: 0.010000000000000002
[Epoch   54] Loss: 2.896 Acc: 36.000%,  Current learning rate is: 0.010000000000000002
[Epoch   54] Loss: 2.831 Acc: 28.000%,  Current learning rate is: 0.010000000000000002
evaluation ...
Test acc: 37.89
printing best accuracy so far37.89
filename ::  model_ckpt.tar
best Model Saving ...
[Epoch   55] Loss: 2.672 Acc: 48.000%,  Current learning rate is: 0.010000000000000002
[Epoch   55] Loss: 2.440 Acc: 28.000%,  Current learning rate is: 0.010000000000000002
[Epoch   55] Loss: 2.794 Acc: 32.000%,  Current learning rate is: 0.010000000000000002
[Epoch   55] Loss: 1.991 Acc: 48.000%,  Current learning rate is: 0.010000000000000002
evaluation ...
Test acc: 37.58
filename ::  model_ckpt.tar
[Epoch   56] Loss: 2.915 Acc: 32.000%,  Current learning rate is: 0.010000000000000002
[Epoch   56] Loss: 2.314 Acc: 40.000%,  Current learning rate is: 0.010000000000000002
[Epoch   56] Loss: 2.968 Acc: 16.000%,  Current learning rate is: 0.010000000000000002
[Epoch   56] Loss: 3.108 Acc: 16.000%,  Current learning rate is: 0.010000000000000002
evaluation ...
Test acc: 38.29
printing best accuracy so far38.29
filename ::  model_ckpt.tar
best Model Saving ...
[Epoch   57] Loss: 2.601 Acc: 36.000%,  Current learning rate is: 0.010000000000000002
[Epoch   57] Loss: 3.024 Acc: 32.000%,  Current learning rate is: 0.010000000000000002
[Epoch   57] Loss: 2.557 Acc: 24.000%,  Current learning rate is: 0.010000000000000002
[Epoch   57] Loss: 3.239 Acc: 28.000%,  Current learning rate is: 0.010000000000000002
evaluation ...
Test acc: 39.71
printing best accuracy so far39.71
filename ::  model_ckpt.tar
best Model Saving ...
[Epoch   58] Loss: 2.454 Acc: 40.000%,  Current learning rate is: 0.010000000000000002
[Epoch   58] Loss: 2.596 Acc: 40.000%,  Current learning rate is: 0.010000000000000002
[Epoch   58] Loss: 3.038 Acc: 24.000%,  Current learning rate is: 0.010000000000000002
[Epoch   58] Loss: 1.839 Acc: 56.000%,  Current learning rate is: 0.010000000000000002
evaluation ...
Test acc: 38.21
filename ::  model_ckpt.tar
[Epoch   59] Loss: 3.351 Acc: 20.000%,  Current learning rate is: 0.010000000000000002
[Epoch   59] Loss: 3.458 Acc: 16.000%,  Current learning rate is: 0.010000000000000002
[Epoch   59] Loss: 3.251 Acc: 16.000%,  Current learning rate is: 0.010000000000000002
[Epoch   59] Loss: 2.870 Acc: 28.000%,  Current learning rate is: 0.010000000000000002
evaluation ...
Test acc: 37.52
filename ::  model_ckpt.tar
[Epoch   60] Loss: 2.605 Acc: 36.000%,  Current learning rate is: 0.0010000000000000002
[Epoch   60] Loss: 2.060 Acc: 32.000%,  Current learning rate is: 0.0010000000000000002
[Epoch   60] Loss: 2.741 Acc: 24.000%,  Current learning rate is: 0.0010000000000000002
[Epoch   60] Loss: 1.920 Acc: 40.000%,  Current learning rate is: 0.0010000000000000002
evaluation ...
Test acc: 45.97
printing best accuracy so far45.97
filename ::  model_ckpt.tar
best Model Saving ...
[Epoch   61] Loss: 1.492 Acc: 56.000%,  Current learning rate is: 0.0010000000000000002
[Epoch   61] Loss: 1.742 Acc: 56.000%,  Current learning rate is: 0.0010000000000000002
[Epoch   61] Loss: 2.328 Acc: 24.000%,  Current learning rate is: 0.0010000000000000002
[Epoch   61] Loss: 2.078 Acc: 36.000%,  Current learning rate is: 0.0010000000000000002
evaluation ...
Test acc: 46.90
printing best accuracy so far46.9
filename ::  model_ckpt.tar
best Model Saving ...
[Epoch   62] Loss: 2.284 Acc: 40.000%,  Current learning rate is: 0.0010000000000000002
[Epoch   62] Loss: 2.123 Acc: 40.000%,  Current learning rate is: 0.0010000000000000002
[Epoch   62] Loss: 1.940 Acc: 48.000%,  Current learning rate is: 0.0010000000000000002
[Epoch   62] Loss: 2.461 Acc: 36.000%,  Current learning rate is: 0.0010000000000000002
evaluation ...
Test acc: 47.44
printing best accuracy so far47.44
filename ::  model_ckpt.tar
best Model Saving ...
[Epoch   63] Loss: 2.140 Acc: 44.000%,  Current learning rate is: 0.0010000000000000002
[Epoch   63] Loss: 1.646 Acc: 64.000%,  Current learning rate is: 0.0010000000000000002
[Epoch   63] Loss: 1.717 Acc: 48.000%,  Current learning rate is: 0.0010000000000000002
[Epoch   63] Loss: 1.570 Acc: 56.000%,  Current learning rate is: 0.0010000000000000002
evaluation ...
Test acc: 48.19
printing best accuracy so far48.19
filename ::  model_ckpt.tar
best Model Saving ...
[Epoch   64] Loss: 1.712 Acc: 60.000%,  Current learning rate is: 0.0010000000000000002
[Epoch   64] Loss: 2.255 Acc: 44.000%,  Current learning rate is: 0.0010000000000000002
[Epoch   64] Loss: 1.494 Acc: 48.000%,  Current learning rate is: 0.0010000000000000002
[Epoch   64] Loss: 2.390 Acc: 24.000%,  Current learning rate is: 0.0010000000000000002
evaluation ...
Test acc: 47.87
filename ::  model_ckpt.tar
[Epoch   65] Loss: 2.739 Acc: 40.000%,  Current learning rate is: 0.0010000000000000002
[Epoch   65] Loss: 1.629 Acc: 60.000%,  Current learning rate is: 0.0010000000000000002
[Epoch   65] Loss: 2.191 Acc: 28.000%,  Current learning rate is: 0.0010000000000000002
[Epoch   65] Loss: 2.192 Acc: 56.000%,  Current learning rate is: 0.0010000000000000002
evaluation ...
Test acc: 48.63
printing best accuracy so far48.63
filename ::  model_ckpt.tar
best Model Saving ...
[Epoch   66] Loss: 2.312 Acc: 40.000%,  Current learning rate is: 0.0010000000000000002
[Epoch   66] Loss: 1.767 Acc: 56.000%,  Current learning rate is: 0.0010000000000000002
[Epoch   66] Loss: 2.068 Acc: 48.000%,  Current learning rate is: 0.0010000000000000002
[Epoch   66] Loss: 1.843 Acc: 40.000%,  Current learning rate is: 0.0010000000000000002
evaluation ...
Test acc: 48.12
filename ::  model_ckpt.tar
[Epoch   67] Loss: 2.382 Acc: 32.000%,  Current learning rate is: 0.0010000000000000002
[Epoch   67] Loss: 1.971 Acc: 48.000%,  Current learning rate is: 0.0010000000000000002
[Epoch   67] Loss: 2.315 Acc: 44.000%,  Current learning rate is: 0.0010000000000000002
[Epoch   67] Loss: 1.656 Acc: 64.000%,  Current learning rate is: 0.0010000000000000002
evaluation ...
Test acc: 48.20
filename ::  model_ckpt.tar
[Epoch   68] Loss: 1.681 Acc: 32.000%,  Current learning rate is: 0.0010000000000000002
[Epoch   68] Loss: 2.636 Acc: 36.000%,  Current learning rate is: 0.0010000000000000002
[Epoch   68] Loss: 2.333 Acc: 48.000%,  Current learning rate is: 0.0010000000000000002
[Epoch   68] Loss: 1.997 Acc: 36.000%,  Current learning rate is: 0.0010000000000000002
evaluation ...
Test acc: 48.67
printing best accuracy so far48.67
filename ::  model_ckpt.tar
best Model Saving ...
[Epoch   69] Loss: 1.672 Acc: 60.000%,  Current learning rate is: 0.0010000000000000002
[Epoch   69] Loss: 2.218 Acc: 52.000%,  Current learning rate is: 0.0010000000000000002
[Epoch   69] Loss: 2.320 Acc: 40.000%,  Current learning rate is: 0.0010000000000000002
[Epoch   69] Loss: 1.336 Acc: 60.000%,  Current learning rate is: 0.0010000000000000002
evaluation ...
Test acc: 49.19
printing best accuracy so far49.19
filename ::  model_ckpt.tar
best Model Saving ...
[Epoch   70] Loss: 1.946 Acc: 48.000%,  Current learning rate is: 0.0010000000000000002
[Epoch   70] Loss: 2.126 Acc: 36.000%,  Current learning rate is: 0.0010000000000000002
[Epoch   70] Loss: 1.832 Acc: 60.000%,  Current learning rate is: 0.0010000000000000002
[Epoch   70] Loss: 1.398 Acc: 56.000%,  Current learning rate is: 0.0010000000000000002
evaluation ...
Test acc: 49.62
printing best accuracy so far49.62
filename ::  model_ckpt.tar
best Model Saving ...
[Epoch   71] Loss: 2.902 Acc: 24.000%,  Current learning rate is: 0.0010000000000000002
[Epoch   71] Loss: 2.020 Acc: 52.000%,  Current learning rate is: 0.0010000000000000002
[Epoch   71] Loss: 2.236 Acc: 36.000%,  Current learning rate is: 0.0010000000000000002
[Epoch   71] Loss: 2.469 Acc: 40.000%,  Current learning rate is: 0.0010000000000000002
evaluation ...
Test acc: 49.13
filename ::  model_ckpt.tar
[Epoch   72] Loss: 2.044 Acc: 32.000%,  Current learning rate is: 0.0010000000000000002
[Epoch   72] Loss: 1.881 Acc: 52.000%,  Current learning rate is: 0.0010000000000000002
[Epoch   72] Loss: 2.162 Acc: 40.000%,  Current learning rate is: 0.0010000000000000002
[Epoch   72] Loss: 2.090 Acc: 44.000%,  Current learning rate is: 0.0010000000000000002
evaluation ...
Test acc: 48.95
filename ::  model_ckpt.tar
[Epoch   73] Loss: 1.794 Acc: 56.000%,  Current learning rate is: 0.0010000000000000002
[Epoch   73] Loss: 1.619 Acc: 52.000%,  Current learning rate is: 0.0010000000000000002
[Epoch   73] Loss: 2.145 Acc: 36.000%,  Current learning rate is: 0.0010000000000000002
[Epoch   73] Loss: 1.797 Acc: 56.000%,  Current learning rate is: 0.0010000000000000002
evaluation ...
Test acc: 49.65
printing best accuracy so far49.65
filename ::  model_ckpt.tar
best Model Saving ...
[Epoch   74] Loss: 1.729 Acc: 48.000%,  Current learning rate is: 0.0010000000000000002
[Epoch   74] Loss: 1.683 Acc: 60.000%,  Current learning rate is: 0.0010000000000000002
[Epoch   74] Loss: 1.922 Acc: 60.000%,  Current learning rate is: 0.0010000000000000002
[Epoch   74] Loss: 2.417 Acc: 40.000%,  Current learning rate is: 0.0010000000000000002
evaluation ...
Test acc: 49.92
printing best accuracy so far49.92
filename ::  model_ckpt.tar
best Model Saving ...
[Epoch   75] Loss: 2.157 Acc: 44.000%,  Current learning rate is: 0.0010000000000000002
[Epoch   75] Loss: 2.103 Acc: 52.000%,  Current learning rate is: 0.0010000000000000002
[Epoch   75] Loss: 1.441 Acc: 68.000%,  Current learning rate is: 0.0010000000000000002
[Epoch   75] Loss: 1.732 Acc: 52.000%,  Current learning rate is: 0.0010000000000000002
evaluation ...
Test acc: 49.53
filename ::  model_ckpt.tar
[Epoch   76] Loss: 1.961 Acc: 40.000%,  Current learning rate is: 0.0010000000000000002
[Epoch   76] Loss: 1.528 Acc: 48.000%,  Current learning rate is: 0.0010000000000000002
[Epoch   76] Loss: 2.322 Acc: 40.000%,  Current learning rate is: 0.0010000000000000002
[Epoch   76] Loss: 2.079 Acc: 40.000%,  Current learning rate is: 0.0010000000000000002
evaluation ...
Test acc: 50.29
printing best accuracy so far50.29
filename ::  model_ckpt.tar
best Model Saving ...
[Epoch   77] Loss: 1.406 Acc: 72.000%,  Current learning rate is: 0.0010000000000000002
[Epoch   77] Loss: 2.083 Acc: 40.000%,  Current learning rate is: 0.0010000000000000002
[Epoch   77] Loss: 1.555 Acc: 48.000%,  Current learning rate is: 0.0010000000000000002
[Epoch   77] Loss: 2.016 Acc: 56.000%,  Current learning rate is: 0.0010000000000000002
evaluation ...
Test acc: 49.92
filename ::  model_ckpt.tar
[Epoch   78] Loss: 1.689 Acc: 44.000%,  Current learning rate is: 0.0010000000000000002
[Epoch   78] Loss: 2.033 Acc: 52.000%,  Current learning rate is: 0.0010000000000000002
[Epoch   78] Loss: 1.874 Acc: 48.000%,  Current learning rate is: 0.0010000000000000002
[Epoch   78] Loss: 1.405 Acc: 64.000%,  Current learning rate is: 0.0010000000000000002
evaluation ...
Test acc: 50.65
printing best accuracy so far50.65
filename ::  model_ckpt.tar
best Model Saving ...
[Epoch   79] Loss: 1.622 Acc: 44.000%,  Current learning rate is: 0.0010000000000000002
[Epoch   79] Loss: 1.323 Acc: 60.000%,  Current learning rate is: 0.0010000000000000002
[Epoch   79] Loss: 2.584 Acc: 32.000%,  Current learning rate is: 0.0010000000000000002
[Epoch   79] Loss: 1.101 Acc: 76.000%,  Current learning rate is: 0.0010000000000000002
evaluation ...
Test acc: 51.28
printing best accuracy so far51.28
filename ::  model_ckpt.tar
best Model Saving ...
[Epoch   80] Loss: 1.525 Acc: 68.000%,  Current learning rate is: 0.0010000000000000002
[Epoch   80] Loss: 1.513 Acc: 52.000%,  Current learning rate is: 0.0010000000000000002
[Epoch   80] Loss: 1.913 Acc: 56.000%,  Current learning rate is: 0.0010000000000000002
[Epoch   80] Loss: 1.715 Acc: 56.000%,  Current learning rate is: 0.0010000000000000002
evaluation ...
Test acc: 50.61
filename ::  model_ckpt.tar
[Epoch   81] Loss: 1.369 Acc: 60.000%,  Current learning rate is: 0.0010000000000000002
[Epoch   81] Loss: 1.729 Acc: 48.000%,  Current learning rate is: 0.0010000000000000002
[Epoch   81] Loss: 1.942 Acc: 48.000%,  Current learning rate is: 0.0010000000000000002
[Epoch   81] Loss: 2.013 Acc: 40.000%,  Current learning rate is: 0.0010000000000000002
evaluation ...
Test acc: 49.48
filename ::  model_ckpt.tar
[Epoch   82] Loss: 1.512 Acc: 68.000%,  Current learning rate is: 0.0010000000000000002
[Epoch   82] Loss: 1.652 Acc: 56.000%,  Current learning rate is: 0.0010000000000000002
[Epoch   82] Loss: 1.883 Acc: 56.000%,  Current learning rate is: 0.0010000000000000002
[Epoch   82] Loss: 1.771 Acc: 52.000%,  Current learning rate is: 0.0010000000000000002
evaluation ...
Test acc: 50.61
filename ::  model_ckpt.tar
[Epoch   83] Loss: 1.493 Acc: 60.000%,  Current learning rate is: 0.0010000000000000002
[Epoch   83] Loss: 2.249 Acc: 32.000%,  Current learning rate is: 0.0010000000000000002
[Epoch   83] Loss: 1.793 Acc: 52.000%,  Current learning rate is: 0.0010000000000000002
[Epoch   83] Loss: 1.293 Acc: 68.000%,  Current learning rate is: 0.0010000000000000002
evaluation ...
Test acc: 51.28
filename ::  model_ckpt.tar
