Files already downloaded and verified
Files already downloaded and verified
img_size: 32, num_classes: 10, stem: True
Running Resnet50
Number of model parameters:  25557032
[Epoch    1] Loss: 2.320 Acc: 4.000%,  Current learning rate is: 0.1
[Epoch    1] Loss: 2.246 Acc: 24.000%,  Current learning rate is: 0.1
[Epoch    1] Loss: 2.495 Acc: 4.000%,  Current learning rate is: 0.1
[Epoch    1] Loss: 2.395 Acc: 8.000%,  Current learning rate is: 0.1
evaluation ...
Test acc: 10.35
printing best accuracy so far10.35
filename ::  model_ckpt.tar
best Model Saving ...
[Epoch    2] Loss: 2.291 Acc: 16.000%,  Current learning rate is: 0.1
[Epoch    2] Loss: 2.321 Acc: 12.000%,  Current learning rate is: 0.1
[Epoch    2] Loss: 2.356 Acc: 16.000%,  Current learning rate is: 0.1
[Epoch    2] Loss: 2.385 Acc: 0.000%,  Current learning rate is: 0.1
evaluation ...
Test acc: 17.99
printing best accuracy so far17.99
filename ::  model_ckpt.tar
best Model Saving ...
[Epoch    3] Loss: 2.179 Acc: 12.000%,  Current learning rate is: 0.1
[Epoch    3] Loss: 2.045 Acc: 24.000%,  Current learning rate is: 0.1
[Epoch    3] Loss: 1.990 Acc: 20.000%,  Current learning rate is: 0.1
[Epoch    3] Loss: 2.233 Acc: 8.000%,  Current learning rate is: 0.1
evaluation ...
Test acc: 21.34
printing best accuracy so far21.34
filename ::  model_ckpt.tar
best Model Saving ...
[Epoch    4] Loss: 2.069 Acc: 12.000%,  Current learning rate is: 0.1
[Epoch    4] Loss: 2.046 Acc: 24.000%,  Current learning rate is: 0.1
[Epoch    4] Loss: 1.789 Acc: 28.000%,  Current learning rate is: 0.1
[Epoch    4] Loss: 2.460 Acc: 20.000%,  Current learning rate is: 0.1
evaluation ...
Test acc: 27.85
printing best accuracy so far27.85
filename ::  model_ckpt.tar
best Model Saving ...
[Epoch    5] Loss: 2.185 Acc: 16.000%,  Current learning rate is: 0.1
[Epoch    5] Loss: 1.784 Acc: 36.000%,  Current learning rate is: 0.1
[Epoch    5] Loss: 1.672 Acc: 36.000%,  Current learning rate is: 0.1
[Epoch    5] Loss: 1.976 Acc: 20.000%,  Current learning rate is: 0.1
evaluation ...
Test acc: 33.86
printing best accuracy so far33.86
filename ::  model_ckpt.tar
best Model Saving ...
[Epoch    6] Loss: 1.923 Acc: 28.000%,  Current learning rate is: 0.1
[Epoch    6] Loss: 1.543 Acc: 52.000%,  Current learning rate is: 0.1
[Epoch    6] Loss: 1.810 Acc: 36.000%,  Current learning rate is: 0.1
[Epoch    6] Loss: 1.826 Acc: 36.000%,  Current learning rate is: 0.1
evaluation ...
Test acc: 32.75
filename ::  model_ckpt.tar
[Epoch    7] Loss: 1.767 Acc: 32.000%,  Current learning rate is: 0.1
[Epoch    7] Loss: 1.878 Acc: 40.000%,  Current learning rate is: 0.1
[Epoch    7] Loss: 1.664 Acc: 28.000%,  Current learning rate is: 0.1
[Epoch    7] Loss: 1.683 Acc: 40.000%,  Current learning rate is: 0.1
evaluation ...
Test acc: 39.63
printing best accuracy so far39.63
filename ::  model_ckpt.tar
best Model Saving ...
[Epoch    8] Loss: 2.153 Acc: 28.000%,  Current learning rate is: 0.1
[Epoch    8] Loss: 2.077 Acc: 36.000%,  Current learning rate is: 0.1
[Epoch    8] Loss: 1.846 Acc: 40.000%,  Current learning rate is: 0.1
[Epoch    8] Loss: 1.620 Acc: 44.000%,  Current learning rate is: 0.1
evaluation ...
Test acc: 38.65
filename ::  model_ckpt.tar
[Epoch    9] Loss: 1.519 Acc: 44.000%,  Current learning rate is: 0.1
[Epoch    9] Loss: 1.819 Acc: 32.000%,  Current learning rate is: 0.1
[Epoch    9] Loss: 1.726 Acc: 28.000%,  Current learning rate is: 0.1
[Epoch    9] Loss: 1.996 Acc: 20.000%,  Current learning rate is: 0.1
evaluation ...
Test acc: 35.40
filename ::  model_ckpt.tar
[Epoch   10] Loss: 1.688 Acc: 40.000%,  Current learning rate is: 0.1
[Epoch   10] Loss: 1.627 Acc: 36.000%,  Current learning rate is: 0.1
[Epoch   10] Loss: 1.451 Acc: 48.000%,  Current learning rate is: 0.1
[Epoch   10] Loss: 1.415 Acc: 44.000%,  Current learning rate is: 0.1
evaluation ...
Test acc: 42.66
printing best accuracy so far42.66
filename ::  model_ckpt.tar
best Model Saving ...
[Epoch   11] Loss: 1.601 Acc: 40.000%,  Current learning rate is: 0.1
[Epoch   11] Loss: 1.828 Acc: 28.000%,  Current learning rate is: 0.1
[Epoch   11] Loss: 1.549 Acc: 48.000%,  Current learning rate is: 0.1
[Epoch   11] Loss: 1.634 Acc: 28.000%,  Current learning rate is: 0.1
evaluation ...
Test acc: 43.94
printing best accuracy so far43.94
filename ::  model_ckpt.tar
best Model Saving ...
[Epoch   12] Loss: 1.853 Acc: 40.000%,  Current learning rate is: 0.1
[Epoch   12] Loss: 1.611 Acc: 44.000%,  Current learning rate is: 0.1
[Epoch   12] Loss: 1.720 Acc: 32.000%,  Current learning rate is: 0.1
[Epoch   12] Loss: 1.788 Acc: 36.000%,  Current learning rate is: 0.1
evaluation ...
Test acc: 41.29
filename ::  model_ckpt.tar
[Epoch   13] Loss: 1.684 Acc: 20.000%,  Current learning rate is: 0.1
[Epoch   13] Loss: 1.807 Acc: 32.000%,  Current learning rate is: 0.1
[Epoch   13] Loss: 1.625 Acc: 44.000%,  Current learning rate is: 0.1
[Epoch   13] Loss: 1.862 Acc: 32.000%,  Current learning rate is: 0.1
evaluation ...
Test acc: 40.33
filename ::  model_ckpt.tar
[Epoch   14] Loss: 1.880 Acc: 36.000%,  Current learning rate is: 0.1
[Epoch   14] Loss: 1.728 Acc: 36.000%,  Current learning rate is: 0.1
[Epoch   14] Loss: 1.499 Acc: 52.000%,  Current learning rate is: 0.1
[Epoch   14] Loss: 1.812 Acc: 44.000%,  Current learning rate is: 0.1
evaluation ...
Test acc: 41.26
filename ::  model_ckpt.tar
[Epoch   15] Loss: 1.362 Acc: 52.000%,  Current learning rate is: 0.1
[Epoch   15] Loss: 2.546 Acc: 28.000%,  Current learning rate is: 0.1
[Epoch   15] Loss: 1.907 Acc: 24.000%,  Current learning rate is: 0.1
[Epoch   15] Loss: 1.644 Acc: 40.000%,  Current learning rate is: 0.1
evaluation ...
Test acc: 43.53
filename ::  model_ckpt.tar
[Epoch   16] Loss: 1.105 Acc: 68.000%,  Current learning rate is: 0.1
[Epoch   16] Loss: 1.734 Acc: 32.000%,  Current learning rate is: 0.1
[Epoch   16] Loss: 1.705 Acc: 44.000%,  Current learning rate is: 0.1
[Epoch   16] Loss: 1.301 Acc: 48.000%,  Current learning rate is: 0.1
evaluation ...
Test acc: 47.04
printing best accuracy so far47.04
filename ::  model_ckpt.tar
best Model Saving ...
[Epoch   17] Loss: 1.667 Acc: 40.000%,  Current learning rate is: 0.1
[Epoch   17] Loss: 1.542 Acc: 36.000%,  Current learning rate is: 0.1
[Epoch   17] Loss: 1.311 Acc: 44.000%,  Current learning rate is: 0.1
[Epoch   17] Loss: 1.809 Acc: 36.000%,  Current learning rate is: 0.1
evaluation ...
Test acc: 41.18
filename ::  model_ckpt.tar
[Epoch   18] Loss: 1.369 Acc: 44.000%,  Current learning rate is: 0.1
[Epoch   18] Loss: 1.546 Acc: 40.000%,  Current learning rate is: 0.1
[Epoch   18] Loss: 1.708 Acc: 28.000%,  Current learning rate is: 0.1
[Epoch   18] Loss: 1.818 Acc: 28.000%,  Current learning rate is: 0.1
evaluation ...
Test acc: 40.70
filename ::  model_ckpt.tar
[Epoch   19] Loss: 2.095 Acc: 36.000%,  Current learning rate is: 0.1
[Epoch   19] Loss: 1.793 Acc: 40.000%,  Current learning rate is: 0.1
[Epoch   19] Loss: 1.833 Acc: 28.000%,  Current learning rate is: 0.1
[Epoch   19] Loss: 1.843 Acc: 36.000%,  Current learning rate is: 0.1
evaluation ...
Test acc: 41.90
filename ::  model_ckpt.tar
[Epoch   20] Loss: 1.617 Acc: 48.000%,  Current learning rate is: 0.1
[Epoch   20] Loss: 1.606 Acc: 52.000%,  Current learning rate is: 0.1
[Epoch   20] Loss: 1.551 Acc: 52.000%,  Current learning rate is: 0.1
[Epoch   20] Loss: 1.339 Acc: 56.000%,  Current learning rate is: 0.1
evaluation ...
Test acc: 40.79
filename ::  model_ckpt.tar
[Epoch   21] Loss: 1.486 Acc: 40.000%,  Current learning rate is: 0.1
[Epoch   21] Loss: 1.778 Acc: 24.000%,  Current learning rate is: 0.1
[Epoch   21] Loss: 1.426 Acc: 68.000%,  Current learning rate is: 0.1
[Epoch   21] Loss: 1.853 Acc: 40.000%,  Current learning rate is: 0.1
evaluation ...
Test acc: 42.22
filename ::  model_ckpt.tar
[Epoch   22] Loss: 1.384 Acc: 56.000%,  Current learning rate is: 0.1
[Epoch   22] Loss: 1.491 Acc: 44.000%,  Current learning rate is: 0.1
[Epoch   22] Loss: 2.031 Acc: 32.000%,  Current learning rate is: 0.1
[Epoch   22] Loss: 1.625 Acc: 40.000%,  Current learning rate is: 0.1
evaluation ...
Test acc: 42.63
filename ::  model_ckpt.tar
[Epoch   23] Loss: 1.271 Acc: 48.000%,  Current learning rate is: 0.1
[Epoch   23] Loss: 1.890 Acc: 32.000%,  Current learning rate is: 0.1
[Epoch   23] Loss: 1.523 Acc: 40.000%,  Current learning rate is: 0.1
[Epoch   23] Loss: 1.369 Acc: 56.000%,  Current learning rate is: 0.1
evaluation ...
Test acc: 46.82
filename ::  model_ckpt.tar
[Epoch   24] Loss: 2.100 Acc: 40.000%,  Current learning rate is: 0.1
[Epoch   24] Loss: 1.688 Acc: 44.000%,  Current learning rate is: 0.1
[Epoch   24] Loss: 1.202 Acc: 68.000%,  Current learning rate is: 0.1
[Epoch   24] Loss: 1.686 Acc: 44.000%,  Current learning rate is: 0.1
evaluation ...
Test acc: 45.73
filename ::  model_ckpt.tar
[Epoch   25] Loss: 1.560 Acc: 48.000%,  Current learning rate is: 0.1
[Epoch   25] Loss: 1.889 Acc: 32.000%,  Current learning rate is: 0.1
[Epoch   25] Loss: 1.537 Acc: 48.000%,  Current learning rate is: 0.1
[Epoch   25] Loss: 1.505 Acc: 40.000%,  Current learning rate is: 0.1
evaluation ...
Test acc: 41.17
filename ::  model_ckpt.tar
[Epoch   26] Loss: 1.379 Acc: 48.000%,  Current learning rate is: 0.1
[Epoch   26] Loss: 1.557 Acc: 64.000%,  Current learning rate is: 0.1
[Epoch   26] Loss: 1.743 Acc: 48.000%,  Current learning rate is: 0.1
[Epoch   26] Loss: 1.222 Acc: 56.000%,  Current learning rate is: 0.1
evaluation ...
Test acc: 48.62
printing best accuracy so far48.62
filename ::  model_ckpt.tar
best Model Saving ...
[Epoch   27] Loss: 1.366 Acc: 52.000%,  Current learning rate is: 0.1
[Epoch   27] Loss: 1.690 Acc: 36.000%,  Current learning rate is: 0.1
[Epoch   27] Loss: 1.672 Acc: 40.000%,  Current learning rate is: 0.1
[Epoch   27] Loss: 1.972 Acc: 36.000%,  Current learning rate is: 0.1
evaluation ...
Test acc: 49.39
printing best accuracy so far49.39
filename ::  model_ckpt.tar
best Model Saving ...
[Epoch   28] Loss: 1.329 Acc: 64.000%,  Current learning rate is: 0.1
[Epoch   28] Loss: 1.529 Acc: 48.000%,  Current learning rate is: 0.1
[Epoch   28] Loss: 1.986 Acc: 28.000%,  Current learning rate is: 0.1
[Epoch   28] Loss: 1.600 Acc: 52.000%,  Current learning rate is: 0.1
evaluation ...
Test acc: 48.85
filename ::  model_ckpt.tar
[Epoch   29] Loss: 1.311 Acc: 60.000%,  Current learning rate is: 0.1
[Epoch   29] Loss: 1.760 Acc: 48.000%,  Current learning rate is: 0.1
[Epoch   29] Loss: 1.806 Acc: 44.000%,  Current learning rate is: 0.1
[Epoch   29] Loss: 2.016 Acc: 44.000%,  Current learning rate is: 0.1
evaluation ...
Test acc: 49.98
printing best accuracy so far49.98
filename ::  model_ckpt.tar
best Model Saving ...
[Epoch   30] Loss: 1.191 Acc: 48.000%,  Current learning rate is: 0.010000000000000002
[Epoch   30] Loss: 0.840 Acc: 68.000%,  Current learning rate is: 0.010000000000000002
[Epoch   30] Loss: 1.172 Acc: 48.000%,  Current learning rate is: 0.010000000000000002
[Epoch   30] Loss: 0.859 Acc: 68.000%,  Current learning rate is: 0.010000000000000002
evaluation ...
Test acc: 64.31
printing best accuracy so far64.31
filename ::  model_ckpt.tar
best Model Saving ...
[Epoch   31] Loss: 1.433 Acc: 56.000%,  Current learning rate is: 0.010000000000000002
[Epoch   31] Loss: 0.963 Acc: 68.000%,  Current learning rate is: 0.010000000000000002
[Epoch   31] Loss: 1.641 Acc: 48.000%,  Current learning rate is: 0.010000000000000002
[Epoch   31] Loss: 1.744 Acc: 48.000%,  Current learning rate is: 0.010000000000000002
evaluation ...
Test acc: 65.40
printing best accuracy so far65.4
filename ::  model_ckpt.tar
best Model Saving ...
[Epoch   32] Loss: 1.226 Acc: 52.000%,  Current learning rate is: 0.010000000000000002
[Epoch   32] Loss: 1.054 Acc: 64.000%,  Current learning rate is: 0.010000000000000002
[Epoch   32] Loss: 1.253 Acc: 56.000%,  Current learning rate is: 0.010000000000000002
[Epoch   32] Loss: 0.788 Acc: 76.000%,  Current learning rate is: 0.010000000000000002
evaluation ...
Test acc: 65.66
printing best accuracy so far65.66
filename ::  model_ckpt.tar
best Model Saving ...
[Epoch   33] Loss: 1.087 Acc: 64.000%,  Current learning rate is: 0.010000000000000002
[Epoch   33] Loss: 0.930 Acc: 64.000%,  Current learning rate is: 0.010000000000000002
[Epoch   33] Loss: 1.215 Acc: 60.000%,  Current learning rate is: 0.010000000000000002
[Epoch   33] Loss: 0.787 Acc: 72.000%,  Current learning rate is: 0.010000000000000002
evaluation ...
Test acc: 68.48
printing best accuracy so far68.48
filename ::  model_ckpt.tar
best Model Saving ...
[Epoch   34] Loss: 0.959 Acc: 64.000%,  Current learning rate is: 0.010000000000000002
[Epoch   34] Loss: 1.462 Acc: 48.000%,  Current learning rate is: 0.010000000000000002
[Epoch   34] Loss: 1.194 Acc: 60.000%,  Current learning rate is: 0.010000000000000002
[Epoch   34] Loss: 0.959 Acc: 56.000%,  Current learning rate is: 0.010000000000000002
evaluation ...
Test acc: 66.06
filename ::  model_ckpt.tar
[Epoch   35] Loss: 0.900 Acc: 72.000%,  Current learning rate is: 0.010000000000000002
[Epoch   35] Loss: 0.981 Acc: 64.000%,  Current learning rate is: 0.010000000000000002
[Epoch   35] Loss: 1.224 Acc: 60.000%,  Current learning rate is: 0.010000000000000002
[Epoch   35] Loss: 1.078 Acc: 56.000%,  Current learning rate is: 0.010000000000000002
evaluation ...
Test acc: 66.90
filename ::  model_ckpt.tar
[Epoch   36] Loss: 0.803 Acc: 72.000%,  Current learning rate is: 0.010000000000000002
[Epoch   36] Loss: 1.170 Acc: 60.000%,  Current learning rate is: 0.010000000000000002
[Epoch   36] Loss: 1.547 Acc: 52.000%,  Current learning rate is: 0.010000000000000002
[Epoch   36] Loss: 0.872 Acc: 68.000%,  Current learning rate is: 0.010000000000000002
evaluation ...
Test acc: 69.37
printing best accuracy so far69.37
filename ::  model_ckpt.tar
best Model Saving ...
[Epoch   37] Loss: 0.976 Acc: 72.000%,  Current learning rate is: 0.010000000000000002
[Epoch   37] Loss: 1.243 Acc: 64.000%,  Current learning rate is: 0.010000000000000002
[Epoch   37] Loss: 1.272 Acc: 52.000%,  Current learning rate is: 0.010000000000000002
[Epoch   37] Loss: 1.059 Acc: 60.000%,  Current learning rate is: 0.010000000000000002
evaluation ...
Test acc: 69.48
printing best accuracy so far69.48
filename ::  model_ckpt.tar
best Model Saving ...
[Epoch   38] Loss: 0.789 Acc: 68.000%,  Current learning rate is: 0.010000000000000002
[Epoch   38] Loss: 0.920 Acc: 72.000%,  Current learning rate is: 0.010000000000000002
[Epoch   38] Loss: 1.054 Acc: 72.000%,  Current learning rate is: 0.010000000000000002
[Epoch   38] Loss: 0.807 Acc: 76.000%,  Current learning rate is: 0.010000000000000002
evaluation ...
Test acc: 69.34
filename ::  model_ckpt.tar
[Epoch   39] Loss: 1.303 Acc: 68.000%,  Current learning rate is: 0.010000000000000002
[Epoch   39] Loss: 1.217 Acc: 60.000%,  Current learning rate is: 0.010000000000000002
[Epoch   39] Loss: 0.991 Acc: 72.000%,  Current learning rate is: 0.010000000000000002
[Epoch   39] Loss: 0.631 Acc: 72.000%,  Current learning rate is: 0.010000000000000002
evaluation ...
Test acc: 69.57
printing best accuracy so far69.57
filename ::  model_ckpt.tar
best Model Saving ...
[Epoch   40] Loss: 0.901 Acc: 64.000%,  Current learning rate is: 0.010000000000000002
[Epoch   40] Loss: 1.077 Acc: 64.000%,  Current learning rate is: 0.010000000000000002
[Epoch   40] Loss: 0.805 Acc: 80.000%,  Current learning rate is: 0.010000000000000002
[Epoch   40] Loss: 0.819 Acc: 76.000%,  Current learning rate is: 0.010000000000000002
evaluation ...
Test acc: 68.99
filename ::  model_ckpt.tar
[Epoch   41] Loss: 0.990 Acc: 60.000%,  Current learning rate is: 0.010000000000000002
[Epoch   41] Loss: 0.928 Acc: 68.000%,  Current learning rate is: 0.010000000000000002
[Epoch   41] Loss: 0.637 Acc: 80.000%,  Current learning rate is: 0.010000000000000002
[Epoch   41] Loss: 0.747 Acc: 76.000%,  Current learning rate is: 0.010000000000000002
evaluation ...
Test acc: 70.14
printing best accuracy so far70.14
filename ::  model_ckpt.tar
best Model Saving ...
[Epoch   42] Loss: 1.637 Acc: 56.000%,  Current learning rate is: 0.010000000000000002
[Epoch   42] Loss: 0.774 Acc: 72.000%,  Current learning rate is: 0.010000000000000002
[Epoch   42] Loss: 0.705 Acc: 72.000%,  Current learning rate is: 0.010000000000000002
[Epoch   42] Loss: 0.781 Acc: 84.000%,  Current learning rate is: 0.010000000000000002
evaluation ...
Test acc: 73.34
printing best accuracy so far73.34
filename ::  model_ckpt.tar
best Model Saving ...
[Epoch   43] Loss: 1.529 Acc: 44.000%,  Current learning rate is: 0.010000000000000002
[Epoch   43] Loss: 0.551 Acc: 76.000%,  Current learning rate is: 0.010000000000000002
[Epoch   43] Loss: 1.010 Acc: 72.000%,  Current learning rate is: 0.010000000000000002
[Epoch   43] Loss: 0.969 Acc: 60.000%,  Current learning rate is: 0.010000000000000002
evaluation ...
Test acc: 73.39
printing best accuracy so far73.39
filename ::  model_ckpt.tar
best Model Saving ...
[Epoch   44] Loss: 1.176 Acc: 60.000%,  Current learning rate is: 0.010000000000000002
[Epoch   44] Loss: 0.766 Acc: 68.000%,  Current learning rate is: 0.010000000000000002
[Epoch   44] Loss: 0.891 Acc: 68.000%,  Current learning rate is: 0.010000000000000002
[Epoch   44] Loss: 0.977 Acc: 64.000%,  Current learning rate is: 0.010000000000000002
evaluation ...
Test acc: 71.47
filename ::  model_ckpt.tar
[Epoch   45] Loss: 0.817 Acc: 80.000%,  Current learning rate is: 0.010000000000000002
[Epoch   45] Loss: 0.591 Acc: 76.000%,  Current learning rate is: 0.010000000000000002
[Epoch   45] Loss: 0.766 Acc: 72.000%,  Current learning rate is: 0.010000000000000002
[Epoch   45] Loss: 1.173 Acc: 64.000%,  Current learning rate is: 0.010000000000000002
evaluation ...
Test acc: 70.89
filename ::  model_ckpt.tar
[Epoch   46] Loss: 0.750 Acc: 76.000%,  Current learning rate is: 0.010000000000000002
[Epoch   46] Loss: 0.789 Acc: 64.000%,  Current learning rate is: 0.010000000000000002
[Epoch   46] Loss: 0.898 Acc: 64.000%,  Current learning rate is: 0.010000000000000002
[Epoch   46] Loss: 0.714 Acc: 76.000%,  Current learning rate is: 0.010000000000000002
evaluation ...
Test acc: 73.18
filename ::  model_ckpt.tar
[Epoch   47] Loss: 0.876 Acc: 72.000%,  Current learning rate is: 0.010000000000000002
[Epoch   47] Loss: 1.072 Acc: 60.000%,  Current learning rate is: 0.010000000000000002
[Epoch   47] Loss: 0.990 Acc: 56.000%,  Current learning rate is: 0.010000000000000002
[Epoch   47] Loss: 0.896 Acc: 64.000%,  Current learning rate is: 0.010000000000000002
evaluation ...
Test acc: 70.76
filename ::  model_ckpt.tar
[Epoch   48] Loss: 0.518 Acc: 88.000%,  Current learning rate is: 0.010000000000000002
[Epoch   48] Loss: 0.877 Acc: 68.000%,  Current learning rate is: 0.010000000000000002
[Epoch   48] Loss: 1.215 Acc: 56.000%,  Current learning rate is: 0.010000000000000002
[Epoch   48] Loss: 1.093 Acc: 68.000%,  Current learning rate is: 0.010000000000000002
evaluation ...
Test acc: 73.94
printing best accuracy so far73.94
filename ::  model_ckpt.tar
best Model Saving ...
[Epoch   49] Loss: 1.082 Acc: 72.000%,  Current learning rate is: 0.010000000000000002
[Epoch   49] Loss: 1.446 Acc: 52.000%,  Current learning rate is: 0.010000000000000002
[Epoch   49] Loss: 1.032 Acc: 68.000%,  Current learning rate is: 0.010000000000000002
[Epoch   49] Loss: 0.770 Acc: 80.000%,  Current learning rate is: 0.010000000000000002
evaluation ...
Test acc: 75.73
printing best accuracy so far75.73
filename ::  model_ckpt.tar
best Model Saving ...
[Epoch   50] Loss: 0.784 Acc: 72.000%,  Current learning rate is: 0.010000000000000002
[Epoch   50] Loss: 0.854 Acc: 68.000%,  Current learning rate is: 0.010000000000000002
[Epoch   50] Loss: 1.302 Acc: 60.000%,  Current learning rate is: 0.010000000000000002
[Epoch   50] Loss: 0.769 Acc: 76.000%,  Current learning rate is: 0.010000000000000002
evaluation ...
Test acc: 72.17
filename ::  model_ckpt.tar
[Epoch   51] Loss: 0.940 Acc: 56.000%,  Current learning rate is: 0.010000000000000002
[Epoch   51] Loss: 1.053 Acc: 64.000%,  Current learning rate is: 0.010000000000000002
[Epoch   51] Loss: 0.994 Acc: 76.000%,  Current learning rate is: 0.010000000000000002
[Epoch   51] Loss: 1.563 Acc: 48.000%,  Current learning rate is: 0.010000000000000002
evaluation ...
Test acc: 73.66
filename ::  model_ckpt.tar
[Epoch   52] Loss: 0.801 Acc: 72.000%,  Current learning rate is: 0.010000000000000002
[Epoch   52] Loss: 0.631 Acc: 80.000%,  Current learning rate is: 0.010000000000000002
[Epoch   52] Loss: 1.134 Acc: 60.000%,  Current learning rate is: 0.010000000000000002
[Epoch   52] Loss: 0.757 Acc: 76.000%,  Current learning rate is: 0.010000000000000002
evaluation ...
Test acc: 75.78
printing best accuracy so far75.78
filename ::  model_ckpt.tar
best Model Saving ...
[Epoch   53] Loss: 0.536 Acc: 76.000%,  Current learning rate is: 0.010000000000000002
[Epoch   53] Loss: 0.636 Acc: 72.000%,  Current learning rate is: 0.010000000000000002
[Epoch   53] Loss: 0.704 Acc: 76.000%,  Current learning rate is: 0.010000000000000002
[Epoch   53] Loss: 0.546 Acc: 76.000%,  Current learning rate is: 0.010000000000000002
evaluation ...
Test acc: 73.47
filename ::  model_ckpt.tar
[Epoch   54] Loss: 1.094 Acc: 60.000%,  Current learning rate is: 0.010000000000000002
[Epoch   54] Loss: 0.685 Acc: 80.000%,  Current learning rate is: 0.010000000000000002
[Epoch   54] Loss: 0.770 Acc: 68.000%,  Current learning rate is: 0.010000000000000002
[Epoch   54] Loss: 0.639 Acc: 80.000%,  Current learning rate is: 0.010000000000000002
evaluation ...
Test acc: 75.32
filename ::  model_ckpt.tar
[Epoch   55] Loss: 1.357 Acc: 56.000%,  Current learning rate is: 0.010000000000000002
[Epoch   55] Loss: 1.068 Acc: 56.000%,  Current learning rate is: 0.010000000000000002
[Epoch   55] Loss: 0.560 Acc: 88.000%,  Current learning rate is: 0.010000000000000002
[Epoch   55] Loss: 0.921 Acc: 56.000%,  Current learning rate is: 0.010000000000000002
evaluation ...
Test acc: 73.70
filename ::  model_ckpt.tar
[Epoch   56] Loss: 0.866 Acc: 72.000%,  Current learning rate is: 0.010000000000000002
[Epoch   56] Loss: 0.882 Acc: 76.000%,  Current learning rate is: 0.010000000000000002
[Epoch   56] Loss: 0.853 Acc: 72.000%,  Current learning rate is: 0.010000000000000002
[Epoch   56] Loss: 0.590 Acc: 80.000%,  Current learning rate is: 0.010000000000000002
evaluation ...
Test acc: 75.49
filename ::  model_ckpt.tar
[Epoch   57] Loss: 0.768 Acc: 64.000%,  Current learning rate is: 0.010000000000000002
[Epoch   57] Loss: 0.575 Acc: 76.000%,  Current learning rate is: 0.010000000000000002
[Epoch   57] Loss: 0.843 Acc: 64.000%,  Current learning rate is: 0.010000000000000002
[Epoch   57] Loss: 0.825 Acc: 68.000%,  Current learning rate is: 0.010000000000000002
evaluation ...
Test acc: 74.38
filename ::  model_ckpt.tar
[Epoch   58] Loss: 1.363 Acc: 52.000%,  Current learning rate is: 0.010000000000000002
[Epoch   58] Loss: 0.496 Acc: 84.000%,  Current learning rate is: 0.010000000000000002
[Epoch   58] Loss: 0.695 Acc: 76.000%,  Current learning rate is: 0.010000000000000002
[Epoch   58] Loss: 0.585 Acc: 72.000%,  Current learning rate is: 0.010000000000000002
evaluation ...
Test acc: 74.53
filename ::  model_ckpt.tar
[Epoch   59] Loss: 0.815 Acc: 72.000%,  Current learning rate is: 0.010000000000000002
[Epoch   59] Loss: 0.783 Acc: 68.000%,  Current learning rate is: 0.010000000000000002
[Epoch   59] Loss: 0.671 Acc: 72.000%,  Current learning rate is: 0.010000000000000002
[Epoch   59] Loss: 0.846 Acc: 76.000%,  Current learning rate is: 0.010000000000000002
evaluation ...
Test acc: 72.44
filename ::  model_ckpt.tar
[Epoch   60] Loss: 0.594 Acc: 88.000%,  Current learning rate is: 0.0010000000000000002
[Epoch   60] Loss: 0.536 Acc: 84.000%,  Current learning rate is: 0.0010000000000000002
[Epoch   60] Loss: 0.479 Acc: 92.000%,  Current learning rate is: 0.0010000000000000002
[Epoch   60] Loss: 0.236 Acc: 92.000%,  Current learning rate is: 0.0010000000000000002
evaluation ...
Test acc: 81.27
printing best accuracy so far81.27
filename ::  model_ckpt.tar
best Model Saving ...
[Epoch   61] Loss: 0.523 Acc: 80.000%,  Current learning rate is: 0.0010000000000000002
[Epoch   61] Loss: 0.512 Acc: 80.000%,  Current learning rate is: 0.0010000000000000002
[Epoch   61] Loss: 0.587 Acc: 80.000%,  Current learning rate is: 0.0010000000000000002
[Epoch   61] Loss: 0.980 Acc: 72.000%,  Current learning rate is: 0.0010000000000000002
evaluation ...
Test acc: 81.36
printing best accuracy so far81.36
filename ::  model_ckpt.tar
best Model Saving ...
[Epoch   62] Loss: 0.481 Acc: 88.000%,  Current learning rate is: 0.0010000000000000002
[Epoch   62] Loss: 0.716 Acc: 80.000%,  Current learning rate is: 0.0010000000000000002
[Epoch   62] Loss: 0.897 Acc: 64.000%,  Current learning rate is: 0.0010000000000000002
[Epoch   62] Loss: 0.532 Acc: 84.000%,  Current learning rate is: 0.0010000000000000002
evaluation ...
Test acc: 82.34
printing best accuracy so far82.34
filename ::  model_ckpt.tar
best Model Saving ...
[Epoch   63] Loss: 0.391 Acc: 84.000%,  Current learning rate is: 0.0010000000000000002
[Epoch   63] Loss: 0.401 Acc: 88.000%,  Current learning rate is: 0.0010000000000000002
[Epoch   63] Loss: 0.610 Acc: 80.000%,  Current learning rate is: 0.0010000000000000002
[Epoch   63] Loss: 0.300 Acc: 88.000%,  Current learning rate is: 0.0010000000000000002
evaluation ...
Test acc: 82.26
filename ::  model_ckpt.tar
[Epoch   64] Loss: 0.660 Acc: 80.000%,  Current learning rate is: 0.0010000000000000002
[Epoch   64] Loss: 0.845 Acc: 72.000%,  Current learning rate is: 0.0010000000000000002
[Epoch   64] Loss: 0.526 Acc: 80.000%,  Current learning rate is: 0.0010000000000000002
[Epoch   64] Loss: 0.790 Acc: 72.000%,  Current learning rate is: 0.0010000000000000002
evaluation ...
Test acc: 82.51
printing best accuracy so far82.51
filename ::  model_ckpt.tar
best Model Saving ...
[Epoch   65] Loss: 0.541 Acc: 88.000%,  Current learning rate is: 0.0010000000000000002
[Epoch   65] Loss: 0.438 Acc: 80.000%,  Current learning rate is: 0.0010000000000000002
[Epoch   65] Loss: 0.711 Acc: 72.000%,  Current learning rate is: 0.0010000000000000002
[Epoch   65] Loss: 0.629 Acc: 80.000%,  Current learning rate is: 0.0010000000000000002
evaluation ...
Test acc: 82.82
printing best accuracy so far82.82
filename ::  model_ckpt.tar
best Model Saving ...
[Epoch   66] Loss: 0.743 Acc: 80.000%,  Current learning rate is: 0.0010000000000000002
[Epoch   66] Loss: 0.408 Acc: 84.000%,  Current learning rate is: 0.0010000000000000002
[Epoch   66] Loss: 0.412 Acc: 88.000%,  Current learning rate is: 0.0010000000000000002
[Epoch   66] Loss: 0.397 Acc: 84.000%,  Current learning rate is: 0.0010000000000000002
evaluation ...
Test acc: 82.57
filename ::  model_ckpt.tar
[Epoch   67] Loss: 0.652 Acc: 80.000%,  Current learning rate is: 0.0010000000000000002
[Epoch   67] Loss: 0.821 Acc: 76.000%,  Current learning rate is: 0.0010000000000000002
[Epoch   67] Loss: 0.734 Acc: 80.000%,  Current learning rate is: 0.0010000000000000002
[Epoch   67] Loss: 0.398 Acc: 88.000%,  Current learning rate is: 0.0010000000000000002
evaluation ...
Test acc: 83.21
printing best accuracy so far83.21
filename ::  model_ckpt.tar
best Model Saving ...
[Epoch   68] Loss: 0.479 Acc: 84.000%,  Current learning rate is: 0.0010000000000000002
[Epoch   68] Loss: 0.403 Acc: 84.000%,  Current learning rate is: 0.0010000000000000002
[Epoch   68] Loss: 0.385 Acc: 84.000%,  Current learning rate is: 0.0010000000000000002
[Epoch   68] Loss: 0.766 Acc: 80.000%,  Current learning rate is: 0.0010000000000000002
evaluation ...
Test acc: 82.73
filename ::  model_ckpt.tar
[Epoch   69] Loss: 0.260 Acc: 88.000%,  Current learning rate is: 0.0010000000000000002
[Epoch   69] Loss: 0.366 Acc: 88.000%,  Current learning rate is: 0.0010000000000000002
[Epoch   69] Loss: 0.295 Acc: 92.000%,  Current learning rate is: 0.0010000000000000002
[Epoch   69] Loss: 0.417 Acc: 80.000%,  Current learning rate is: 0.0010000000000000002
evaluation ...
Test acc: 83.13
filename ::  model_ckpt.tar
[Epoch   70] Loss: 0.743 Acc: 84.000%,  Current learning rate is: 0.0010000000000000002
[Epoch   70] Loss: 0.353 Acc: 88.000%,  Current learning rate is: 0.0010000000000000002
[Epoch   70] Loss: 0.265 Acc: 92.000%,  Current learning rate is: 0.0010000000000000002
[Epoch   70] Loss: 0.387 Acc: 92.000%,  Current learning rate is: 0.0010000000000000002
evaluation ...
Test acc: 83.26
printing best accuracy so far83.26
filename ::  model_ckpt.tar
best Model Saving ...
[Epoch   71] Loss: 0.302 Acc: 88.000%,  Current learning rate is: 0.0010000000000000002
[Epoch   71] Loss: 0.439 Acc: 80.000%,  Current learning rate is: 0.0010000000000000002
[Epoch   71] Loss: 0.724 Acc: 72.000%,  Current learning rate is: 0.0010000000000000002
[Epoch   71] Loss: 0.539 Acc: 84.000%,  Current learning rate is: 0.0010000000000000002
evaluation ...
Test acc: 83.57
printing best accuracy so far83.57
filename ::  model_ckpt.tar
best Model Saving ...
[Epoch   72] Loss: 0.574 Acc: 80.000%,  Current learning rate is: 0.0010000000000000002
[Epoch   72] Loss: 0.539 Acc: 84.000%,  Current learning rate is: 0.0010000000000000002
[Epoch   72] Loss: 0.426 Acc: 84.000%,  Current learning rate is: 0.0010000000000000002
[Epoch   72] Loss: 0.494 Acc: 80.000%,  Current learning rate is: 0.0010000000000000002
evaluation ...
Test acc: 83.52
filename ::  model_ckpt.tar
[Epoch   73] Loss: 0.346 Acc: 92.000%,  Current learning rate is: 0.0010000000000000002
[Epoch   73] Loss: 0.172 Acc: 96.000%,  Current learning rate is: 0.0010000000000000002
[Epoch   73] Loss: 0.145 Acc: 96.000%,  Current learning rate is: 0.0010000000000000002
[Epoch   73] Loss: 0.443 Acc: 76.000%,  Current learning rate is: 0.0010000000000000002
evaluation ...
Test acc: 83.30
filename ::  model_ckpt.tar
[Epoch   74] Loss: 0.416 Acc: 88.000%,  Current learning rate is: 0.0010000000000000002
[Epoch   74] Loss: 0.386 Acc: 88.000%,  Current learning rate is: 0.0010000000000000002
[Epoch   74] Loss: 0.396 Acc: 88.000%,  Current learning rate is: 0.0010000000000000002
[Epoch   74] Loss: 0.391 Acc: 92.000%,  Current learning rate is: 0.0010000000000000002
evaluation ...
Test acc: 83.17
filename ::  model_ckpt.tar
[Epoch   75] Loss: 0.534 Acc: 72.000%,  Current learning rate is: 0.0010000000000000002
[Epoch   75] Loss: 0.150 Acc: 96.000%,  Current learning rate is: 0.0010000000000000002
[Epoch   75] Loss: 0.350 Acc: 88.000%,  Current learning rate is: 0.0010000000000000002
[Epoch   75] Loss: 0.642 Acc: 84.000%,  Current learning rate is: 0.0010000000000000002
evaluation ...
Test acc: 83.72
printing best accuracy so far83.72
filename ::  model_ckpt.tar
best Model Saving ...
[Epoch   76] Loss: 0.451 Acc: 88.000%,  Current learning rate is: 0.0010000000000000002
[Epoch   76] Loss: 0.449 Acc: 84.000%,  Current learning rate is: 0.0010000000000000002
[Epoch   76] Loss: 0.428 Acc: 88.000%,  Current learning rate is: 0.0010000000000000002
[Epoch   76] Loss: 0.381 Acc: 84.000%,  Current learning rate is: 0.0010000000000000002
evaluation ...
Test acc: 83.75
printing best accuracy so far83.75
filename ::  model_ckpt.tar
best Model Saving ...
[Epoch   77] Loss: 0.116 Acc: 96.000%,  Current learning rate is: 0.0010000000000000002
[Epoch   77] Loss: 0.587 Acc: 76.000%,  Current learning rate is: 0.0010000000000000002
[Epoch   77] Loss: 0.386 Acc: 88.000%,  Current learning rate is: 0.0010000000000000002
[Epoch   77] Loss: 0.729 Acc: 76.000%,  Current learning rate is: 0.0010000000000000002
evaluation ...
Test acc: 83.43
filename ::  model_ckpt.tar
[Epoch   78] Loss: 0.443 Acc: 84.000%,  Current learning rate is: 0.0010000000000000002
[Epoch   78] Loss: 0.574 Acc: 84.000%,  Current learning rate is: 0.0010000000000000002
[Epoch   78] Loss: 0.621 Acc: 76.000%,  Current learning rate is: 0.0010000000000000002
[Epoch   78] Loss: 0.289 Acc: 88.000%,  Current learning rate is: 0.0010000000000000002
evaluation ...
Test acc: 83.51
filename ::  model_ckpt.tar
[Epoch   79] Loss: 0.553 Acc: 84.000%,  Current learning rate is: 0.0010000000000000002
[Epoch   79] Loss: 0.253 Acc: 92.000%,  Current learning rate is: 0.0010000000000000002
[Epoch   79] Loss: 0.358 Acc: 92.000%,  Current learning rate is: 0.0010000000000000002
[Epoch   79] Loss: 0.316 Acc: 92.000%,  Current learning rate is: 0.0010000000000000002
evaluation ...
Test acc: 83.11
filename ::  model_ckpt.tar
[Epoch   80] Loss: 0.779 Acc: 76.000%,  Current learning rate is: 0.0010000000000000002
[Epoch   80] Loss: 0.338 Acc: 92.000%,  Current learning rate is: 0.0010000000000000002
[Epoch   80] Loss: 0.679 Acc: 72.000%,  Current learning rate is: 0.0010000000000000002
[Epoch   80] Loss: 0.273 Acc: 96.000%,  Current learning rate is: 0.0010000000000000002
evaluation ...
Test acc: 83.26
filename ::  model_ckpt.tar
[Epoch   81] Loss: 0.488 Acc: 84.000%,  Current learning rate is: 0.0010000000000000002
[Epoch   81] Loss: 0.290 Acc: 92.000%,  Current learning rate is: 0.0010000000000000002
[Epoch   81] Loss: 0.458 Acc: 84.000%,  Current learning rate is: 0.0010000000000000002
[Epoch   81] Loss: 0.318 Acc: 84.000%,  Current learning rate is: 0.0010000000000000002
evaluation ...
Test acc: 83.89
printing best accuracy so far83.89
filename ::  model_ckpt.tar
best Model Saving ...
[Epoch   82] Loss: 0.410 Acc: 84.000%,  Current learning rate is: 0.0010000000000000002
[Epoch   82] Loss: 0.575 Acc: 80.000%,  Current learning rate is: 0.0010000000000000002
[Epoch   82] Loss: 0.628 Acc: 80.000%,  Current learning rate is: 0.0010000000000000002
[Epoch   82] Loss: 0.545 Acc: 88.000%,  Current learning rate is: 0.0010000000000000002
evaluation ...
Test acc: 83.80
filename ::  model_ckpt.tar
[Epoch   83] Loss: 0.631 Acc: 80.000%,  Current learning rate is: 0.0010000000000000002
[Epoch   83] Loss: 0.536 Acc: 72.000%,  Current learning rate is: 0.0010000000000000002
[Epoch   83] Loss: 0.323 Acc: 88.000%,  Current learning rate is: 0.0010000000000000002
[Epoch   83] Loss: 0.387 Acc: 96.000%,  Current learning rate is: 0.0010000000000000002
evaluation ...
Test acc: 84.14
printing best accuracy so far84.14
filename ::  model_ckpt.tar
best Model Saving ...
[Epoch   84] Loss: 0.459 Acc: 76.000%,  Current learning rate is: 0.0010000000000000002
[Epoch   84] Loss: 0.355 Acc: 88.000%,  Current learning rate is: 0.0010000000000000002
[Epoch   84] Loss: 0.736 Acc: 84.000%,  Current learning rate is: 0.0010000000000000002
[Epoch   84] Loss: 0.703 Acc: 72.000%,  Current learning rate is: 0.0010000000000000002
evaluation ...
Test acc: 84.22
printing best accuracy so far84.22
filename ::  model_ckpt.tar
best Model Saving ...
[Epoch   85] Loss: 0.315 Acc: 88.000%,  Current learning rate is: 0.0010000000000000002
[Epoch   85] Loss: 0.513 Acc: 84.000%,  Current learning rate is: 0.0010000000000000002
[Epoch   85] Loss: 0.420 Acc: 88.000%,  Current learning rate is: 0.0010000000000000002
[Epoch   85] Loss: 0.531 Acc: 88.000%,  Current learning rate is: 0.0010000000000000002
evaluation ...
Test acc: 83.29
filename ::  model_ckpt.tar
[Epoch   86] Loss: 0.316 Acc: 96.000%,  Current learning rate is: 0.0010000000000000002
[Epoch   86] Loss: 0.394 Acc: 84.000%,  Current learning rate is: 0.0010000000000000002
[Epoch   86] Loss: 0.211 Acc: 96.000%,  Current learning rate is: 0.0010000000000000002
[Epoch   86] Loss: 0.423 Acc: 84.000%,  Current learning rate is: 0.0010000000000000002
evaluation ...
Test acc: 84.06
filename ::  model_ckpt.tar
[Epoch   87] Loss: 0.526 Acc: 92.000%,  Current learning rate is: 0.0010000000000000002
[Epoch   87] Loss: 0.340 Acc: 76.000%,  Current learning rate is: 0.0010000000000000002
[Epoch   87] Loss: 0.215 Acc: 96.000%,  Current learning rate is: 0.0010000000000000002
[Epoch   87] Loss: 0.241 Acc: 96.000%,  Current learning rate is: 0.0010000000000000002
evaluation ...
Test acc: 83.38
filename ::  model_ckpt.tar
[Epoch   88] Loss: 0.352 Acc: 88.000%,  Current learning rate is: 0.0010000000000000002
[Epoch   88] Loss: 0.337 Acc: 92.000%,  Current learning rate is: 0.0010000000000000002
[Epoch   88] Loss: 0.454 Acc: 84.000%,  Current learning rate is: 0.0010000000000000002
[Epoch   88] Loss: 0.803 Acc: 72.000%,  Current learning rate is: 0.0010000000000000002
evaluation ...
Test acc: 83.41
filename ::  model_ckpt.tar
[Epoch   89] Loss: 0.590 Acc: 80.000%,  Current learning rate is: 0.0010000000000000002
[Epoch   89] Loss: 0.621 Acc: 72.000%,  Current learning rate is: 0.0010000000000000002
[Epoch   89] Loss: 0.452 Acc: 84.000%,  Current learning rate is: 0.0010000000000000002
[Epoch   89] Loss: 0.508 Acc: 76.000%,  Current learning rate is: 0.0010000000000000002
evaluation ...
Test acc: 84.08
filename ::  model_ckpt.tar
[Epoch   90] Loss: 0.307 Acc: 88.000%,  Current learning rate is: 0.00010000000000000003
[Epoch   90] Loss: 0.265 Acc: 92.000%,  Current learning rate is: 0.00010000000000000003
[Epoch   90] Loss: 0.185 Acc: 92.000%,  Current learning rate is: 0.00010000000000000003
[Epoch   90] Loss: 0.463 Acc: 84.000%,  Current learning rate is: 0.00010000000000000003
evaluation ...
Test acc: 85.11
printing best accuracy so far85.11
filename ::  model_ckpt.tar
best Model Saving ...
[Epoch   91] Loss: 0.424 Acc: 84.000%,  Current learning rate is: 0.00010000000000000003
[Epoch   91] Loss: 0.537 Acc: 80.000%,  Current learning rate is: 0.00010000000000000003
[Epoch   91] Loss: 0.224 Acc: 96.000%,  Current learning rate is: 0.00010000000000000003
[Epoch   91] Loss: 0.676 Acc: 84.000%,  Current learning rate is: 0.00010000000000000003
evaluation ...
Test acc: 85.51
printing best accuracy so far85.51
filename ::  model_ckpt.tar
best Model Saving ...
[Epoch   92] Loss: 0.460 Acc: 84.000%,  Current learning rate is: 0.00010000000000000003
[Epoch   92] Loss: 0.412 Acc: 88.000%,  Current learning rate is: 0.00010000000000000003
[Epoch   92] Loss: 0.571 Acc: 80.000%,  Current learning rate is: 0.00010000000000000003
[Epoch   92] Loss: 0.564 Acc: 80.000%,  Current learning rate is: 0.00010000000000000003
evaluation ...
Test acc: 85.17
filename ::  model_ckpt.tar
[Epoch   93] Loss: 0.397 Acc: 88.000%,  Current learning rate is: 0.00010000000000000003
[Epoch   93] Loss: 0.276 Acc: 92.000%,  Current learning rate is: 0.00010000000000000003
[Epoch   93] Loss: 0.360 Acc: 88.000%,  Current learning rate is: 0.00010000000000000003
[Epoch   93] Loss: 0.191 Acc: 92.000%,  Current learning rate is: 0.00010000000000000003
evaluation ...
Test acc: 84.87
filename ::  model_ckpt.tar
[Epoch   94] Loss: 0.191 Acc: 96.000%,  Current learning rate is: 0.00010000000000000003
[Epoch   94] Loss: 0.276 Acc: 96.000%,  Current learning rate is: 0.00010000000000000003
[Epoch   94] Loss: 0.393 Acc: 84.000%,  Current learning rate is: 0.00010000000000000003
[Epoch   94] Loss: 0.272 Acc: 88.000%,  Current learning rate is: 0.00010000000000000003
evaluation ...
Test acc: 85.31
filename ::  model_ckpt.tar
[Epoch   95] Loss: 0.880 Acc: 64.000%,  Current learning rate is: 0.00010000000000000003
[Epoch   95] Loss: 0.418 Acc: 84.000%,  Current learning rate is: 0.00010000000000000003
[Epoch   95] Loss: 0.282 Acc: 88.000%,  Current learning rate is: 0.00010000000000000003
[Epoch   95] Loss: 0.512 Acc: 80.000%,  Current learning rate is: 0.00010000000000000003
evaluation ...
Test acc: 85.42
filename ::  model_ckpt.tar
[Epoch   96] Loss: 0.256 Acc: 88.000%,  Current learning rate is: 0.00010000000000000003
[Epoch   96] Loss: 0.243 Acc: 92.000%,  Current learning rate is: 0.00010000000000000003
[Epoch   96] Loss: 0.331 Acc: 84.000%,  Current learning rate is: 0.00010000000000000003
[Epoch   96] Loss: 0.467 Acc: 84.000%,  Current learning rate is: 0.00010000000000000003
evaluation ...
Test acc: 85.36
filename ::  model_ckpt.tar
[Epoch   97] Loss: 0.371 Acc: 88.000%,  Current learning rate is: 0.00010000000000000003
[Epoch   97] Loss: 0.403 Acc: 88.000%,  Current learning rate is: 0.00010000000000000003
[Epoch   97] Loss: 0.810 Acc: 76.000%,  Current learning rate is: 0.00010000000000000003
[Epoch   97] Loss: 0.652 Acc: 68.000%,  Current learning rate is: 0.00010000000000000003
evaluation ...
Test acc: 85.45
filename ::  model_ckpt.tar
[Epoch   98] Loss: 0.201 Acc: 88.000%,  Current learning rate is: 0.00010000000000000003
[Epoch   98] Loss: 0.481 Acc: 88.000%,  Current learning rate is: 0.00010000000000000003
[Epoch   98] Loss: 0.788 Acc: 76.000%,  Current learning rate is: 0.00010000000000000003
[Epoch   98] Loss: 0.452 Acc: 84.000%,  Current learning rate is: 0.00010000000000000003
evaluation ...
Test acc: 85.41
filename ::  model_ckpt.tar
[Epoch   99] Loss: 0.412 Acc: 76.000%,  Current learning rate is: 0.00010000000000000003
[Epoch   99] Loss: 0.267 Acc: 88.000%,  Current learning rate is: 0.00010000000000000003
[Epoch   99] Loss: 0.215 Acc: 92.000%,  Current learning rate is: 0.00010000000000000003
[Epoch   99] Loss: 0.220 Acc: 92.000%,  Current learning rate is: 0.00010000000000000003
evaluation ...
Test acc: 85.46
filename ::  model_ckpt.tar
[Epoch  100] Loss: 0.406 Acc: 84.000%,  Current learning rate is: 0.00010000000000000003
[Epoch  100] Loss: 0.258 Acc: 88.000%,  Current learning rate is: 0.00010000000000000003
[Epoch  100] Loss: 0.378 Acc: 92.000%,  Current learning rate is: 0.00010000000000000003
[Epoch  100] Loss: 0.581 Acc: 84.000%,  Current learning rate is: 0.00010000000000000003
evaluation ...
Test acc: 85.54
printing best accuracy so far85.54
filename ::  model_ckpt.tar
best Model Saving ...
